<?xml version="1.0" encoding="UTF-8"?>
<!-- Generated by org.testng.reporters.JUnitXMLReporter -->
<testsuite ignored="0" hostname="cpe-192-180-5-27.kya.res.rr.com" failures="3" tests="9" name="Test16" time="921.352" errors="0" timestamp="01 Dec 2023 08:05:44 GMT">
  <testcase classname="cuesz03.Iosapp_member_home_Fuelscreen.Case20_Fuel_optimalfuel" name="Fuel_optimalfuel" time="243.932"/>
  <testcase classname="cuesz03.Iosapp_member_home_Fuelscreen.Case21_Fuel_breakfast_recommendedfuel" name="Homescreen" time="82.515"/>
  <testcase classname="cuesz03.Iosapp_member_home_Fuelscreen.Case22_Fuel_breakfast_additionalfuel" name="Homescreen" time="137.34"/>
  <testcase classname="cuesz03.Iosapp_member_home_Fuelscreen.Case23_01_Fuel_breakfast_editadditionalfuel" name="Homescreen" time="145.519"/>
  <testcase classname="cuesz03.Iosapp_member_home_Fuelscreen.Case23_02_Fuel_breakfast_additionalfueldeletecase" name="Homescreen" time="75.524"/>
  <testcase classname="cuesz03.Iosapp_member_home_Fuelscreen.Case25_Fuel_breakfast_uploadphotogallery" name="Homescreen" time="149.822"/>
  <testcase classname="cuesz03.Iosapp_member_home_Fuelscreen.Case26_Fuel_breakfast_customfood" name="Homescreen" time="54.89">
    <failure type="org.openqa.selenium.NoSuchElementException" message="An element could not be located on the page using the given search parameters.
For documentation on this error, please visit: https://www.selenium.dev/documentation/webdriver/troubleshooting/errors#no-such-element-exception
Build info: version: &amp;apos;4.15.0&amp;apos;, revision: &amp;apos;1d14b5521b&amp;apos;
System info: os.name: &amp;apos;Mac OS X&amp;apos;, os.arch: &amp;apos;x86_64&amp;apos;, os.version: &amp;apos;14.0&amp;apos;, java.version: &amp;apos;21&amp;apos;
Driver info: io.appium.java_client.ios.IOSDriver
Command: [f109129c-23d6-4258-9858-71422fb7b1bb, findElement {using=accessibility id, value=SelectedFuelBackPress}]
Capabilities {appium:automationName: XCuiTest, appium:databaseEnabled: false, appium:deviceName: iPhone 11, appium:javascriptEnabled: true, appium:locationContextEnabled: false, appium:networkConnectionEnabled: false, appium:platformVersion: 17.0, appium:takesScreenshot: true, appium:udid: 626549EB-A1C6-40B2-B376-437..., appium:webStorageEnabled: false, platformName: IOS}
Session ID: f109129c-23d6-4258-9858-71422fb7b1bb">
      <![CDATA[org.openqa.selenium.NoSuchElementException: An element could not be located on the page using the given search parameters.
For documentation on this error, please visit: https://www.selenium.dev/documentation/webdriver/troubleshooting/errors#no-such-element-exception
Build info: version: '4.15.0', revision: '1d14b5521b'
System info: os.name: 'Mac OS X', os.arch: 'x86_64', os.version: '14.0', java.version: '21'
Driver info: io.appium.java_client.ios.IOSDriver
Command: [f109129c-23d6-4258-9858-71422fb7b1bb, findElement {using=accessibility id, value=SelectedFuelBackPress}]
Capabilities {appium:automationName: XCuiTest, appium:databaseEnabled: false, appium:deviceName: iPhone 11, appium:javascriptEnabled: true, appium:locationContextEnabled: false, appium:networkConnectionEnabled: false, appium:platformVersion: 17.0, appium:takesScreenshot: true, appium:udid: 626549EB-A1C6-40B2-B376-437..., appium:webStorageEnabled: false, platformName: IOS}
Session ID: f109129c-23d6-4258-9858-71422fb7b1bb
	at org.openqa.selenium.remote.codec.w3c.W3CHttpResponseCodec.createException(W3CHttpResponseCodec.java:200)
	at org.openqa.selenium.remote.codec.w3c.W3CHttpResponseCodec.decode(W3CHttpResponseCodec.java:133)
	at org.openqa.selenium.remote.codec.w3c.W3CHttpResponseCodec.decode(W3CHttpResponseCodec.java:52)
	at org.openqa.selenium.remote.HttpCommandExecutor.execute(HttpCommandExecutor.java:191)
	at io.appium.java_client.remote.AppiumCommandExecutor.execute(AppiumCommandExecutor.java:250)
	at org.openqa.selenium.remote.RemoteWebDriver.execute(RemoteWebDriver.java:602)
	at org.openqa.selenium.remote.ElementLocation$ElementFinder$2.findElement(ElementLocation.java:165)
	at org.openqa.selenium.remote.ElementLocation.findElement(ElementLocation.java:59)
	at org.openqa.selenium.remote.RemoteWebDriver.findElement(RemoteWebDriver.java:359)
	at org.openqa.selenium.remote.RemoteWebDriver.findElement(RemoteWebDriver.java:353)
	at cuesz03.Iosapp_member_home_Fuelscreen.Case26_Fuel_breakfast_customfood.Homescreen(Case26_Fuel_breakfast_customfood.java:112)
... Removed 26 stack frames]]>
    </failure>
  </testcase> <!-- Homescreen -->
  <testcase classname="cuesz03.Iosapp_member_home_Fuelscreen.Case27_Fuel_breakfast_customfoodaddtobrekfast" name="Homescreen" time="10.239">
    <failure type="org.openqa.selenium.NoSuchElementException" message="An element could not be located on the page using the given search parameters.
For documentation on this error, please visit: https://www.selenium.dev/documentation/webdriver/troubleshooting/errors#no-such-element-exception
Build info: version: &amp;apos;4.15.0&amp;apos;, revision: &amp;apos;1d14b5521b&amp;apos;
System info: os.name: &amp;apos;Mac OS X&amp;apos;, os.arch: &amp;apos;x86_64&amp;apos;, os.version: &amp;apos;14.0&amp;apos;, java.version: &amp;apos;21&amp;apos;
Driver info: io.appium.java_client.ios.IOSDriver
Command: [667f6e50-93bb-40ce-9c5a-904cd21c16ab, findElement {using=-ios class chain, value=**/XCUIElementTypeOther[`label == &amp;quot;Home&amp;quot;`][2]}]
Capabilities {appium:automationName: XCuiTest, appium:databaseEnabled: false, appium:deviceName: iPhone 11, appium:javascriptEnabled: true, appium:locationContextEnabled: false, appium:networkConnectionEnabled: false, appium:platformVersion: 17.0, appium:takesScreenshot: true, appium:udid: 626549EB-A1C6-40B2-B376-437..., appium:webStorageEnabled: false, platformName: IOS}
Session ID: 667f6e50-93bb-40ce-9c5a-904cd21c16ab">
      <![CDATA[org.openqa.selenium.NoSuchElementException: An element could not be located on the page using the given search parameters.
For documentation on this error, please visit: https://www.selenium.dev/documentation/webdriver/troubleshooting/errors#no-such-element-exception
Build info: version: '4.15.0', revision: '1d14b5521b'
System info: os.name: 'Mac OS X', os.arch: 'x86_64', os.version: '14.0', java.version: '21'
Driver info: io.appium.java_client.ios.IOSDriver
Command: [667f6e50-93bb-40ce-9c5a-904cd21c16ab, findElement {using=-ios class chain, value=**/XCUIElementTypeOther[`label == "Home"`][2]}]
Capabilities {appium:automationName: XCuiTest, appium:databaseEnabled: false, appium:deviceName: iPhone 11, appium:javascriptEnabled: true, appium:locationContextEnabled: false, appium:networkConnectionEnabled: false, appium:platformVersion: 17.0, appium:takesScreenshot: true, appium:udid: 626549EB-A1C6-40B2-B376-437..., appium:webStorageEnabled: false, platformName: IOS}
Session ID: 667f6e50-93bb-40ce-9c5a-904cd21c16ab
	at org.openqa.selenium.remote.codec.w3c.W3CHttpResponseCodec.createException(W3CHttpResponseCodec.java:200)
	at org.openqa.selenium.remote.codec.w3c.W3CHttpResponseCodec.decode(W3CHttpResponseCodec.java:133)
	at org.openqa.selenium.remote.codec.w3c.W3CHttpResponseCodec.decode(W3CHttpResponseCodec.java:52)
	at org.openqa.selenium.remote.HttpCommandExecutor.execute(HttpCommandExecutor.java:191)
	at io.appium.java_client.remote.AppiumCommandExecutor.execute(AppiumCommandExecutor.java:250)
	at org.openqa.selenium.remote.RemoteWebDriver.execute(RemoteWebDriver.java:602)
	at org.openqa.selenium.remote.ElementLocation$ElementFinder$2.findElement(ElementLocation.java:165)
	at org.openqa.selenium.remote.ElementLocation.findElement(ElementLocation.java:66)
	at org.openqa.selenium.remote.RemoteWebDriver.findElement(RemoteWebDriver.java:359)
	at org.openqa.selenium.remote.RemoteWebDriver.findElement(RemoteWebDriver.java:353)
	at cuesz03.Iosapp_member_home_Fuelscreen.Case27_Fuel_breakfast_customfoodaddtobrekfast.Homescreen(Case27_Fuel_breakfast_customfoodaddtobrekfast.java:69)
... Removed 26 stack frames]]>
    </failure>
  </testcase> <!-- Homescreen -->
  <testcase classname="cuesz03.Iosapp_member_home_Fuelscreen.Case28_Fuel_breakfast_customfoodsearch" name="Homescreen" time="10.12">
    <failure type="org.openqa.selenium.NoSuchElementException" message="An element could not be located on the page using the given search parameters.
For documentation on this error, please visit: https://www.selenium.dev/documentation/webdriver/troubleshooting/errors#no-such-element-exception
Build info: version: &amp;apos;4.15.0&amp;apos;, revision: &amp;apos;1d14b5521b&amp;apos;
System info: os.name: &amp;apos;Mac OS X&amp;apos;, os.arch: &amp;apos;x86_64&amp;apos;, os.version: &amp;apos;14.0&amp;apos;, java.version: &amp;apos;21&amp;apos;
Driver info: io.appium.java_client.ios.IOSDriver
Command: [f12d080b-a67f-45d7-ac57-a4e585b6b0a2, findElement {using=-ios class chain, value=**/XCUIElementTypeOther[`label == &amp;quot;Home&amp;quot;`][2]}]
Capabilities {appium:automationName: XCuiTest, appium:databaseEnabled: false, appium:deviceName: iPhone 11, appium:javascriptEnabled: true, appium:locationContextEnabled: false, appium:networkConnectionEnabled: false, appium:platformVersion: 17.0, appium:takesScreenshot: true, appium:udid: 626549EB-A1C6-40B2-B376-437..., appium:webStorageEnabled: false, platformName: IOS}
Session ID: f12d080b-a67f-45d7-ac57-a4e585b6b0a2">
      <![CDATA[org.openqa.selenium.NoSuchElementException: An element could not be located on the page using the given search parameters.
For documentation on this error, please visit: https://www.selenium.dev/documentation/webdriver/troubleshooting/errors#no-such-element-exception
Build info: version: '4.15.0', revision: '1d14b5521b'
System info: os.name: 'Mac OS X', os.arch: 'x86_64', os.version: '14.0', java.version: '21'
Driver info: io.appium.java_client.ios.IOSDriver
Command: [f12d080b-a67f-45d7-ac57-a4e585b6b0a2, findElement {using=-ios class chain, value=**/XCUIElementTypeOther[`label == "Home"`][2]}]
Capabilities {appium:automationName: XCuiTest, appium:databaseEnabled: false, appium:deviceName: iPhone 11, appium:javascriptEnabled: true, appium:locationContextEnabled: false, appium:networkConnectionEnabled: false, appium:platformVersion: 17.0, appium:takesScreenshot: true, appium:udid: 626549EB-A1C6-40B2-B376-437..., appium:webStorageEnabled: false, platformName: IOS}
Session ID: f12d080b-a67f-45d7-ac57-a4e585b6b0a2
	at org.openqa.selenium.remote.codec.w3c.W3CHttpResponseCodec.createException(W3CHttpResponseCodec.java:200)
	at org.openqa.selenium.remote.codec.w3c.W3CHttpResponseCodec.decode(W3CHttpResponseCodec.java:133)
	at org.openqa.selenium.remote.codec.w3c.W3CHttpResponseCodec.decode(W3CHttpResponseCodec.java:52)
	at org.openqa.selenium.remote.HttpCommandExecutor.execute(HttpCommandExecutor.java:191)
	at io.appium.java_client.remote.AppiumCommandExecutor.execute(AppiumCommandExecutor.java:250)
	at org.openqa.selenium.remote.RemoteWebDriver.execute(RemoteWebDriver.java:602)
	at org.openqa.selenium.remote.ElementLocation$ElementFinder$2.findElement(ElementLocation.java:165)
	at org.openqa.selenium.remote.ElementLocation.findElement(ElementLocation.java:66)
	at org.openqa.selenium.remote.RemoteWebDriver.findElement(RemoteWebDriver.java:359)
	at org.openqa.selenium.remote.RemoteWebDriver.findElement(RemoteWebDriver.java:353)
	at cuesz03.Iosapp_member_home_Fuelscreen.Case28_Fuel_breakfast_customfoodsearch.Homescreen(Case28_Fuel_breakfast_customfoodsearch.java:71)
... Removed 26 stack frames]]>
    </failure>
  </testcase> <!-- Homescreen -->
</testsuite> <!-- Test16 -->
