<?xml version="1.0" encoding="UTF-8"?>
<!-- Generated by org.testng.reporters.JUnitXMLReporter -->
<testsuite ignored="0" hostname="cpe-192-180-5-27.kya.res.rr.com" failures="0" tests="4" name="Test16" time="679.205" errors="0" timestamp="01 Nov 2023 07:05:38 GMT">
  <testcase classname="cuesz.logictest.advocate.Case43_02_MSL_Fuel_currentdaytest" name="advocatelogicmemberTest" time="310.75"/>
  <testcase classname="cuesz03.Iosapp_member_home_Fuelscreen.Case20_Fuel_optimalfuel" name="Homescreen" time="106.433"/>
  <testcase classname="cuesz03.Iosapp_member_home_Fuelscreen.Case21_Fuel_breakfast_recommendedfuel" name="Homescreen" time="91.009"/>
  <testcase classname="cuesz03.Iosapp_member_home_Fuelscreen.Case22_Fuel_breakfast_additionalfuel" name="Homescreen" time="122.894"/>
</testsuite> <!-- Test16 -->
