<?xml version="1.0" encoding="UTF-8"?>
<!-- Generated by org.testng.reporters.JUnitXMLReporter -->
<testsuite ignored="0" hostname="Taraniya" failures="0" tests="9" name="Test" time="1245.084" errors="0" timestamp="2023-09-24T07:26:07 IST">
  <testcase classname="cuesz.logictest.advocate.Case34_MSL_MemberBasicinfotest" name="advocatelogicmemberTest" time="66.225"/>
  <testcase classname="cuesz.logictest.advocate.Case35_MSL_MemberWilingnessLimitationScoretest" name="advocatelogicmemberTest" time="48.304"/>
  <testcase classname="cuesz.logictest.advocate.Case36_MSL_Staffnotestest" name="advocatelogicmemberTest" time="107.877"/>
  <testcase classname="cuesz.logictest.advocate.Case37_MSL_Habbitsnotestest" name="advocatelogicmemberTest" time="118.341"/>
  <testcase classname="cuesz.logictest.advocate.Case38_MSL_Notificationtest" name="advocatelogicmemberTest" time="70.116"/>
  <testcase classname="cuesz.logictest.advocate.Case42_MSL_Performtest" name="advocatelogicmemberTest" time="111.983"/>
  <testcase classname="cuesz.logictest.advocate.Case43_MSL_Fueltest" name="advocatelogicmemberTest" time="414.262"/>
  <testcase classname="cuesz.logictest.advocate.Case44_MSL_Mindfultest" name="advocatelogicmemberTest" time="116.392"/>
  <testcase classname="cuesz.logictest.advocate.Case45_MSL_restoretest" name="advocatelogicmemberTest" time="168.723"/>
</testsuite> <!-- Test -->
