<?xml version="1.0" encoding="UTF-8"?>
<!-- Generated by org.testng.reporters.JUnitXMLReporter -->
<testsuite ignored="0" hostname="cpe-192-180-5-27.kya.res.rr.com" failures="0" tests="7" name="Test" time="245.799" errors="0" timestamp="04 Oct 2023 08:12:50 GMT">
  <testcase classname="cuesz01.Iosapp_member_homeScreen.Case01_Login" name="login" time="44.696"/>
  <testcase classname="cuesz01.Iosapp_member_homeScreen.Case02_Homescreen_spherespearator" name="Homescreen" time="48.734"/>
  <testcase classname="cuesz01.Iosapp_member_homeScreen.Case03_Homescreen_sphere" name="Homescreensperators" time="25.934"/>
  <testcase classname="cuesz01.Iosapp_member_homeScreen.Case04_Homescreen_weekdays_past" name="Homescreen_weekdays" time="27.976"/>
  <testcase classname="cuesz01.Iosapp_member_homeScreen.Case05_Homescreen_arrows" name="Homescreensperators" time="44.771"/>
  <testcase classname="cuesz01.Iosapp_member_homeScreen.Case06_Homescreen" name="Homescreen" time="29.259"/>
  <testcase classname="cuesz01.Iosapp_member_homeScreen.Case07_Homescreen_scroller" name="Homescreensperators" time="16.239"/>
</testsuite> <!-- Test -->
