<?xml version="1.0" encoding="UTF-8"?>
<!-- Generated by org.testng.reporters.JUnitXMLReporter -->
<testsuite ignored="0" hostname="cpe-192-180-5-27.kya.res.rr.com" failures="3" tests="11" name="Test" time="1368.554" errors="0" timestamp="07 Oct 2023 16:29:47 GMT">
  <testcase classname="cuesz01.Iosapp_member_homeScreen.Case01_Login" name="login" time="43.432"/>
  <testcase classname="cuesz01.Iosapp_member_homeScreen.Case02_Homescreen_sphereclick" name="Homescreen" time="45.356"/>
  <testcase classname="cuesz01.Iosapp_member_homeScreen.Case03_Homescreen_sphere" name="Homescreensperators" time="25.221"/>
  <testcase classname="cuesz01.Iosapp_member_homeScreen.Case04_Homescreen_weekdays_past" name="Homescreen_weekdays" time="28.227"/>
  <testcase classname="cuesz01.Iosapp_member_homeScreen.Case05_Homescreen_forward_backwardarrows" name="Homescreensperators" time="57.841"/>
  <testcase classname="cuesz01.Iosapp_member_homeScreen.Case06_Homescreen" name="Homescreen" time="27.437"/>
  <testcase classname="cuesz01.Iosapp_member_homeScreen.Case07_Homescreen_scroller" name="Homescreensperators" time="15.617"/>
  <testcase classname="cuesz01.Iosapp_member_homeScreen.Case08_Homescreen_notification" name="Homescreensperators" time="22.549"/>
  <testcase classname="cuesz.schduletest.advocate.Step12_11_SE_createventtimelongerthan15minformebercalltest" name="advocateSchedulefromcalendarEventTest" time="27.713">
    <failure type="org.openqa.selenium.ElementClickInterceptedException" message="element click intercepted: Element &amp;lt;button disabled=&amp;quot;&amp;quot; type=&amp;quot;submit&amp;quot; class=&amp;quot;btn btn-lg btn-primary w-100&amp;quot; id=&amp;quot;createEvent&amp;quot;&amp;gt;...&amp;lt;/button&amp;gt; is not clickable at point (929, 853). Other element would receive the click: &amp;lt;div class=&amp;quot;mt-3&amp;quot;&amp;gt;...&amp;lt;/div&amp;gt;
  (Session info: chrome=117.0.5938.149)
Build info: version: &amp;apos;4.13.0&amp;apos;, revision: &amp;apos;ba948ece5b*&amp;apos;
System info: os.name: &amp;apos;Mac OS X&amp;apos;, os.arch: &amp;apos;x86_64&amp;apos;, os.version: &amp;apos;14.0&amp;apos;, java.version: &amp;apos;21&amp;apos;
Driver info: org.openqa.selenium.chrome.ChromeDriver
Command: [e7486e42772f373a5864018b67565969, clickElement {id=2678C574FB354413B9DE46C64BD26EAF_element_163}]
Capabilities {acceptInsecureCerts: false, browserName: chrome, browserVersion: 117.0.5938.149, chrome: {chromedriverVersion: 117.0.5938.92 (67649b10b92b..., userDataDir: /var/folders/10/ksb8skmx6tj...}, fedcm:accounts: true, goog:chromeOptions: {debuggerAddress: localhost:56408}, networkConnectionEnabled: false, pageLoadStrategy: normal, platformName: mac, proxy: Proxy(), se:cdp: ws://localhost:56408/devtoo..., se:cdpVersion: 117.0.5938.149, setWindowRect: true, strictFileInteractability: false, timeouts: {implicit: 0, pageLoad: 300000, script: 30000}, unhandledPromptBehavior: dismiss and notify, webauthn:extension:credBlob: true, webauthn:extension:largeBlob: true, webauthn:extension:minPinLength: true, webauthn:extension:prf: true, webauthn:virtualAuthenticators: true}
Element: [[ChromeDriver: chrome on mac (e7486e42772f373a5864018b67565969)] -&amp;gt; xpath: //button[normalize-space()=&amp;apos;Create Event&amp;apos;]]
Session ID: e7486e42772f373a5864018b67565969">
      <![CDATA[org.openqa.selenium.ElementClickInterceptedException: element click intercepted: Element <button disabled="" type="submit" class="btn btn-lg btn-primary w-100" id="createEvent">...</button> is not clickable at point (929, 853). Other element would receive the click: <div class="mt-3">...</div>
  (Session info: chrome=117.0.5938.149)
Build info: version: '4.13.0', revision: 'ba948ece5b*'
System info: os.name: 'Mac OS X', os.arch: 'x86_64', os.version: '14.0', java.version: '21'
Driver info: org.openqa.selenium.chrome.ChromeDriver
Command: [e7486e42772f373a5864018b67565969, clickElement {id=2678C574FB354413B9DE46C64BD26EAF_element_163}]
Capabilities {acceptInsecureCerts: false, browserName: chrome, browserVersion: 117.0.5938.149, chrome: {chromedriverVersion: 117.0.5938.92 (67649b10b92b..., userDataDir: /var/folders/10/ksb8skmx6tj...}, fedcm:accounts: true, goog:chromeOptions: {debuggerAddress: localhost:56408}, networkConnectionEnabled: false, pageLoadStrategy: normal, platformName: mac, proxy: Proxy(), se:cdp: ws://localhost:56408/devtoo..., se:cdpVersion: 117.0.5938.149, setWindowRect: true, strictFileInteractability: false, timeouts: {implicit: 0, pageLoad: 300000, script: 30000}, unhandledPromptBehavior: dismiss and notify, webauthn:extension:credBlob: true, webauthn:extension:largeBlob: true, webauthn:extension:minPinLength: true, webauthn:extension:prf: true, webauthn:virtualAuthenticators: true}
Element: [[ChromeDriver: chrome on mac (e7486e42772f373a5864018b67565969)] -> xpath: //button[normalize-space()='Create Event']]
Session ID: e7486e42772f373a5864018b67565969
	at org.openqa.selenium.remote.codec.w3c.W3CHttpResponseCodec.createException(W3CHttpResponseCodec.java:200)
	at org.openqa.selenium.remote.codec.w3c.W3CHttpResponseCodec.decode(W3CHttpResponseCodec.java:133)
	at org.openqa.selenium.remote.codec.w3c.W3CHttpResponseCodec.decode(W3CHttpResponseCodec.java:52)
	at org.openqa.selenium.remote.HttpCommandExecutor.execute(HttpCommandExecutor.java:191)
	at org.openqa.selenium.remote.service.DriverCommandExecutor.invokeExecute(DriverCommandExecutor.java:196)
	at org.openqa.selenium.remote.service.DriverCommandExecutor.execute(DriverCommandExecutor.java:171)
	at org.openqa.selenium.remote.RemoteWebDriver.execute(RemoteWebDriver.java:602)
	at org.openqa.selenium.remote.RemoteWebElement.execute(RemoteWebElement.java:224)
	at org.openqa.selenium.remote.RemoteWebElement.click(RemoteWebElement.java:77)
	at cuesz.schdule.Step12_11_SE_createventtimelongerthan15minformebercall.Schdulevent(Step12_11_SE_createventtimelongerthan15minformebercall.java:90)
	at cuesz.schduletest.advocate.Step12_11_SE_createventtimelongerthan15minformebercalltest.advocateSchedulefromcalendarEventTest(Step12_11_SE_createventtimelongerthan15minformebercalltest.java:54)
... Removed 26 stack frames]]>
    </failure>
  </testcase> <!-- advocateSchedulefromcalendarEventTest -->
  <testcase classname="cuesz01.Iosapp_member_homeScreen.Case09_Homescreen_LPgretherthan15min" name="Homescreensperators" time="21.948">
    <failure type="org.openqa.selenium.NoSuchElementException" message="An element could not be located on the page using the given search parameters.
For documentation on this error, please visit: https://www.selenium.dev/documentation/webdriver/troubleshooting/errors#no-such-element-exception
Build info: version: &amp;apos;4.13.0&amp;apos;, revision: &amp;apos;ba948ece5b*&amp;apos;
System info: os.name: &amp;apos;Mac OS X&amp;apos;, os.arch: &amp;apos;x86_64&amp;apos;, os.version: &amp;apos;14.0&amp;apos;, java.version: &amp;apos;21&amp;apos;
Driver info: io.appium.java_client.ios.IOSDriver
Command: [24794127-5ee2-4a37-9eaa-b2e9ca77b705, findElement {using=accessibility id, value=HomeScreenLPIcon}]
Capabilities {appium:automationName: XCuiTest, appium:databaseEnabled: false, appium:deviceName: iPhone 11, appium:javascriptEnabled: true, appium:locationContextEnabled: false, appium:networkConnectionEnabled: false, appium:platformVersion: 17.0, appium:takesScreenshot: true, appium:udid: 626549EB-A1C6-40B2-B376-437..., appium:wdaLaunchTimeout: 30000, appium:webStorageEnabled: false, platformName: IOS}
Session ID: 24794127-5ee2-4a37-9eaa-b2e9ca77b705">
      <![CDATA[org.openqa.selenium.NoSuchElementException: An element could not be located on the page using the given search parameters.
For documentation on this error, please visit: https://www.selenium.dev/documentation/webdriver/troubleshooting/errors#no-such-element-exception
Build info: version: '4.13.0', revision: 'ba948ece5b*'
System info: os.name: 'Mac OS X', os.arch: 'x86_64', os.version: '14.0', java.version: '21'
Driver info: io.appium.java_client.ios.IOSDriver
Command: [24794127-5ee2-4a37-9eaa-b2e9ca77b705, findElement {using=accessibility id, value=HomeScreenLPIcon}]
Capabilities {appium:automationName: XCuiTest, appium:databaseEnabled: false, appium:deviceName: iPhone 11, appium:javascriptEnabled: true, appium:locationContextEnabled: false, appium:networkConnectionEnabled: false, appium:platformVersion: 17.0, appium:takesScreenshot: true, appium:udid: 626549EB-A1C6-40B2-B376-437..., appium:wdaLaunchTimeout: 30000, appium:webStorageEnabled: false, platformName: IOS}
Session ID: 24794127-5ee2-4a37-9eaa-b2e9ca77b705
	at org.openqa.selenium.remote.codec.w3c.W3CHttpResponseCodec.createException(W3CHttpResponseCodec.java:200)
	at org.openqa.selenium.remote.codec.w3c.W3CHttpResponseCodec.decode(W3CHttpResponseCodec.java:133)
	at org.openqa.selenium.remote.codec.w3c.W3CHttpResponseCodec.decode(W3CHttpResponseCodec.java:52)
	at org.openqa.selenium.remote.HttpCommandExecutor.execute(HttpCommandExecutor.java:191)
	at io.appium.java_client.remote.AppiumCommandExecutor.execute(AppiumCommandExecutor.java:250)
	at org.openqa.selenium.remote.RemoteWebDriver.execute(RemoteWebDriver.java:602)
	at org.openqa.selenium.remote.ElementLocation$ElementFinder$2.findElement(ElementLocation.java:165)
	at org.openqa.selenium.remote.ElementLocation.findElement(ElementLocation.java:66)
	at org.openqa.selenium.remote.RemoteWebDriver.findElement(RemoteWebDriver.java:359)
	at org.openqa.selenium.remote.RemoteWebDriver.findElement(RemoteWebDriver.java:353)
	at cuesz01.Iosapp_member_homeScreen.Case09_Homescreen_LPgretherthan15min.Homescreensperators(Case09_Homescreen_LPgretherthan15min.java:52)
... Removed 26 stack frames]]>
    </failure>
  </testcase> <!-- Homescreensperators -->
  <testcase classname="cuesz.liveperform.advocate.Case72_creatLiveperformtest" name="advocateSchedulecreateeventTest" time="1029.608">
    <failure type="org.openqa.selenium.TimeoutException" message="Expected condition failed: waiting for presence of element located by: By.xpath: //button[@class=&amp;apos;MuiButtonBase-root MuiButton-root MuiButton-text MuiButton-textPrimary&amp;apos;] (tried for 1000 second(s) with 500 milliseconds interval)">
      <![CDATA[org.openqa.selenium.TimeoutException: Expected condition failed: waiting for presence of element located by: By.xpath: //button[@class='MuiButtonBase-root MuiButton-root MuiButton-text MuiButton-textPrimary'] (tried for 1000 second(s) with 500 milliseconds interval)
	at org.openqa.selenium.support.ui.WebDriverWait.timeoutException(WebDriverWait.java:84)
	at org.openqa.selenium.support.ui.FluentWait.until(FluentWait.java:230)
	at cuesz.liveperform.Case72_creatLiveperform.Schdulevent(Case72_creatLiveperform.java:101)
	at cuesz.liveperform.advocate.Case72_creatLiveperformtest.advocateSchedulecreateeventTest(Case72_creatLiveperformtest.java:51)
Caused by: org.openqa.selenium.NoSuchWindowException: no such window: target window already closed
from unknown error: web view not found
  (Session info: chrome=117.0.5938.149)
Build info: version: '4.13.0', revision: 'ba948ece5b*'
System info: os.name: 'Mac OS X', os.arch: 'x86_64', os.version: '14.0', java.version: '21'
Driver info: org.openqa.selenium.chrome.ChromeDriver
Command: [3c3c13972eaa7ece3b6c410285c715a2, findElement {using=xpath, value=//button[@class='MuiButtonBase-root MuiButton-root MuiButton-text MuiButton-textPrimary']}]
Capabilities {acceptInsecureCerts: false, browserName: chrome, browserVersion: 117.0.5938.149, chrome: {chromedriverVersion: 117.0.5938.92 (67649b10b92b..., userDataDir: /var/folders/10/ksb8skmx6tj...}, fedcm:accounts: true, goog:chromeOptions: {debuggerAddress: localhost:56446}, networkConnectionEnabled: false, pageLoadStrategy: normal, platformName: mac, proxy: Proxy(), se:cdp: ws://localhost:56446/devtoo..., se:cdpVersion: 117.0.5938.149, setWindowRect: true, strictFileInteractability: false, timeouts: {implicit: 0, pageLoad: 300000, script: 30000}, unhandledPromptBehavior: dismiss and notify, webauthn:extension:credBlob: true, webauthn:extension:largeBlob: true, webauthn:extension:minPinLength: true, webauthn:extension:prf: true, webauthn:virtualAuthenticators: true}
Session ID: 3c3c13972eaa7ece3b6c410285c715a2
	at org.openqa.selenium.remote.codec.w3c.W3CHttpResponseCodec.createException(W3CHttpResponseCodec.java:200)
	at org.openqa.selenium.remote.codec.w3c.W3CHttpResponseCodec.decode(W3CHttpResponseCodec.java:133)
	at org.openqa.selenium.remote.codec.w3c.W3CHttpResponseCodec.decode(W3CHttpResponseCodec.java:52)
	at org.openqa.selenium.remote.HttpCommandExecutor.execute(HttpCommandExecutor.java:191)
	at org.openqa.selenium.remote.service.DriverCommandExecutor.invokeExecute(DriverCommandExecutor.java:196)
	at org.openqa.selenium.remote.service.DriverCommandExecutor.execute(DriverCommandExecutor.java:171)
	at org.openqa.selenium.remote.RemoteWebDriver.execute(RemoteWebDriver.java:602)
	at org.openqa.selenium.remote.ElementLocation$ElementFinder$2.findElement(ElementLocation.java:165)
	at org.openqa.selenium.remote.ElementLocation.findElement(ElementLocation.java:59)
	at org.openqa.selenium.remote.RemoteWebDriver.findElement(RemoteWebDriver.java:359)
	at org.openqa.selenium.remote.RemoteWebDriver.findElement(RemoteWebDriver.java:353)
	at org.openqa.selenium.support.ui.ExpectedConditions$6.apply(ExpectedConditions.java:171)
	at org.openqa.selenium.support.ui.ExpectedConditions$6.apply(ExpectedConditions.java:168)
	at org.openqa.selenium.support.ui.FluentWait.until(FluentWait.java:205)
	... 25 more
... Removed 26 stack frames]]>
    </failure>
  </testcase> <!-- advocateSchedulecreateeventTest -->
</testsuite> <!-- Test -->
