<?xml version="1.0" encoding="UTF-8"?>
<!-- Generated by org.testng.reporters.JUnitXMLReporter -->
<testsuite ignored="0" hostname="cpe-192-180-0-80.kya.res.rr.com" failures="2" tests="6" name="Test" time="190.147" errors="0" timestamp="2023-09-14T18:36:23 IST">
  <testcase classname="cuesz.schduletest.advocate.Case01_createventtest" name="advocateSchedulecreateeventTest" time="35.083"/>
  <testcase classname="cuesz.schduletest.advocate.Case02_vieweventtest" name="advocateScheduleviewEventTest" time="24.616">
    <failure type="org.openqa.selenium.ElementClickInterceptedException" message="element click intercepted: Element &amp;lt;div class=&amp;quot;d-flex align-items-start&amp;quot; data-date=&amp;quot;15-09-2023&amp;quot; data-starttime=&amp;quot;06:30 PM&amp;quot; data-endtime=&amp;quot;07:30 PM&amp;quot; data-title=&amp;quot;LP : Kumar Devinder, Seakfreight, SteveQA Adv&amp;quot;&amp;gt;...&amp;lt;/div&amp;gt; is not clickable at point (1380, 261). Other element would receive the click: &amp;lt;div class=&amp;quot;MuiDialog-container MuiDialog-scrollPaper&amp;quot; role=&amp;quot;none presentation&amp;quot; tabindex=&amp;quot;-1&amp;quot; style=&amp;quot;opacity: 1; transition: opacity 225ms cubic-bezier(0.4, 0, 0.2, 1) 0ms;&amp;quot;&amp;gt;...&amp;lt;/div&amp;gt;
  (Session info: chrome=117.0.5938.62)
Build info: version: &amp;apos;4.10.0&amp;apos;, revision: &amp;apos;c14d967899&amp;apos;
System info: os.name: &amp;apos;Mac OS X&amp;apos;, os.arch: &amp;apos;x86_64&amp;apos;, os.version: &amp;apos;14.0&amp;apos;, java.version: &amp;apos;17.0.7&amp;apos;
Driver info: org.openqa.selenium.chrome.ChromeDriver
Command: [ac739a5354ac07e0df13d4b85dc58870, clickElement {id=AEE0743FDFCFF862045E958087BB30E3_element_163}]
Capabilities {acceptInsecureCerts: false, browserName: chrome, browserVersion: 117.0.5938.62, chrome: {chromedriverVersion: 116.0.5845.96 (1a3918166880..., userDataDir: /var/folders/1c/_z4g5fpj1y7...}, fedcm:accounts: true, goog:chromeOptions: {debuggerAddress: localhost:55803}, networkConnectionEnabled: false, pageLoadStrategy: normal, platformName: mac, proxy: Proxy(), se:cdp: ws://localhost:55803/devtoo..., se:cdpVersion: 117.0.5938.62, setWindowRect: true, strictFileInteractability: false, timeouts: {implicit: 0, pageLoad: 300000, script: 30000}, unhandledPromptBehavior: dismiss and notify, webauthn:extension:credBlob: true, webauthn:extension:largeBlob: true, webauthn:extension:minPinLength: true, webauthn:extension:prf: true, webauthn:virtualAuthenticators: true}
Element: [[ChromeDriver: chrome on mac (ac739a5354ac07e0df13d4b85dc58870)] -&amp;gt; xpath: //div[@data-date=&amp;apos;15-09-2023&amp;apos;]]
Session ID: ac739a5354ac07e0df13d4b85dc58870">
      <![CDATA[org.openqa.selenium.ElementClickInterceptedException: element click intercepted: Element <div class="d-flex align-items-start" data-date="15-09-2023" data-starttime="06:30 PM" data-endtime="07:30 PM" data-title="LP : Kumar Devinder, Seakfreight, SteveQA Adv">...</div> is not clickable at point (1380, 261). Other element would receive the click: <div class="MuiDialog-container MuiDialog-scrollPaper" role="none presentation" tabindex="-1" style="opacity: 1; transition: opacity 225ms cubic-bezier(0.4, 0, 0.2, 1) 0ms;">...</div>
  (Session info: chrome=117.0.5938.62)
Build info: version: '4.10.0', revision: 'c14d967899'
System info: os.name: 'Mac OS X', os.arch: 'x86_64', os.version: '14.0', java.version: '17.0.7'
Driver info: org.openqa.selenium.chrome.ChromeDriver
Command: [ac739a5354ac07e0df13d4b85dc58870, clickElement {id=AEE0743FDFCFF862045E958087BB30E3_element_163}]
Capabilities {acceptInsecureCerts: false, browserName: chrome, browserVersion: 117.0.5938.62, chrome: {chromedriverVersion: 116.0.5845.96 (1a3918166880..., userDataDir: /var/folders/1c/_z4g5fpj1y7...}, fedcm:accounts: true, goog:chromeOptions: {debuggerAddress: localhost:55803}, networkConnectionEnabled: false, pageLoadStrategy: normal, platformName: mac, proxy: Proxy(), se:cdp: ws://localhost:55803/devtoo..., se:cdpVersion: 117.0.5938.62, setWindowRect: true, strictFileInteractability: false, timeouts: {implicit: 0, pageLoad: 300000, script: 30000}, unhandledPromptBehavior: dismiss and notify, webauthn:extension:credBlob: true, webauthn:extension:largeBlob: true, webauthn:extension:minPinLength: true, webauthn:extension:prf: true, webauthn:virtualAuthenticators: true}
Element: [[ChromeDriver: chrome on mac (ac739a5354ac07e0df13d4b85dc58870)] -> xpath: //div[@data-date='15-09-2023']]
Session ID: ac739a5354ac07e0df13d4b85dc58870
at org.openqa.selenium.remote.codec.w3c.W3CHttpResponseCodec.createException(W3CHttpResponseCodec.java:199)
at org.openqa.selenium.remote.codec.w3c.W3CHttpResponseCodec.decode(W3CHttpResponseCodec.java:132)
at org.openqa.selenium.remote.codec.w3c.W3CHttpResponseCodec.decode(W3CHttpResponseCodec.java:51)
at org.openqa.selenium.remote.HttpCommandExecutor.execute(HttpCommandExecutor.java:191)
at org.openqa.selenium.remote.service.DriverCommandExecutor.invokeExecute(DriverCommandExecutor.java:196)
at org.openqa.selenium.remote.service.DriverCommandExecutor.execute(DriverCommandExecutor.java:171)
at org.openqa.selenium.remote.RemoteWebDriver.execute(RemoteWebDriver.java:531)
at org.openqa.selenium.remote.RemoteWebElement.execute(RemoteWebElement.java:242)
at org.openqa.selenium.remote.RemoteWebElement.click(RemoteWebElement.java:77)
at cuesz.schdule.Case02_viewevent.Viewevent(Case02_viewevent.java:84)
at cuesz.schduletest.advocate.Case02_vieweventtest.advocateScheduleviewEventTest(Case02_vieweventtest.java:53)
at java.base/java.util.ArrayList.forEach(ArrayList.java:1511)
... Removed 32 stack frames]]>
    </failure>
  </testcase> <!-- advocateScheduleviewEventTest -->
  <testcase classname="cuesz.schduletest.advocate.Case03_editeventtest" name="advocateScheduleeditEventTest" time="59.646"/>
  <testcase classname="cuesz.schduletest.advocate.Case04_deleteventtest" name="advocateScheduledeleteEventTest" time="32.804"/>
  <testcase classname="cuesz.schduletest.advocate.Case05_daymonthweektest" name="advocateScheduleEventdaymonthweekTest" time="13.948"/>
  <testcase classname="cuesz.schduletest.advocate.Step12_08_SE_createventtest" name="advocateSchedulefromcalendarEventTest" time="10.595">
    <failure type="org.openqa.selenium.StaleElementReferenceException" message="stale element reference: stale element not found
  (Session info: chrome=117.0.5938.62)
For documentation on this error, please visit: https://www.selenium.dev/documentation/webdriver/troubleshooting/errors#stale-element-reference-exception
Build info: version: &amp;apos;4.10.0&amp;apos;, revision: &amp;apos;c14d967899&amp;apos;
System info: os.name: &amp;apos;Mac OS X&amp;apos;, os.arch: &amp;apos;x86_64&amp;apos;, os.version: &amp;apos;14.0&amp;apos;, java.version: &amp;apos;17.0.7&amp;apos;
Driver info: org.openqa.selenium.chrome.ChromeDriver
Command: [eb35e7f47e490a35e35884df6768d7de, clickElement {id=BCF6FAE89C57643E86AB3B2CE79F0096_element_69}]
Capabilities {acceptInsecureCerts: false, browserName: chrome, browserVersion: 117.0.5938.62, chrome: {chromedriverVersion: 116.0.5845.96 (1a3918166880..., userDataDir: /var/folders/1c/_z4g5fpj1y7...}, fedcm:accounts: true, goog:chromeOptions: {debuggerAddress: localhost:56863}, networkConnectionEnabled: false, pageLoadStrategy: normal, platformName: mac, proxy: Proxy(), se:cdp: ws://localhost:56863/devtoo..., se:cdpVersion: 117.0.5938.62, setWindowRect: true, strictFileInteractability: false, timeouts: {implicit: 0, pageLoad: 300000, script: 30000}, unhandledPromptBehavior: dismiss and notify, webauthn:extension:credBlob: true, webauthn:extension:largeBlob: true, webauthn:extension:minPinLength: true, webauthn:extension:prf: true, webauthn:virtualAuthenticators: true}
Element: [[ChromeDriver: chrome on mac (eb35e7f47e490a35e35884df6768d7de)] -&amp;gt; xpath: //span[normalize-space()=&amp;apos;Day&amp;apos;]]
Session ID: eb35e7f47e490a35e35884df6768d7de">
      <![CDATA[org.openqa.selenium.StaleElementReferenceException: stale element reference: stale element not found
  (Session info: chrome=117.0.5938.62)
For documentation on this error, please visit: https://www.selenium.dev/documentation/webdriver/troubleshooting/errors#stale-element-reference-exception
Build info: version: '4.10.0', revision: 'c14d967899'
System info: os.name: 'Mac OS X', os.arch: 'x86_64', os.version: '14.0', java.version: '17.0.7'
Driver info: org.openqa.selenium.chrome.ChromeDriver
Command: [eb35e7f47e490a35e35884df6768d7de, clickElement {id=BCF6FAE89C57643E86AB3B2CE79F0096_element_69}]
Capabilities {acceptInsecureCerts: false, browserName: chrome, browserVersion: 117.0.5938.62, chrome: {chromedriverVersion: 116.0.5845.96 (1a3918166880..., userDataDir: /var/folders/1c/_z4g5fpj1y7...}, fedcm:accounts: true, goog:chromeOptions: {debuggerAddress: localhost:56863}, networkConnectionEnabled: false, pageLoadStrategy: normal, platformName: mac, proxy: Proxy(), se:cdp: ws://localhost:56863/devtoo..., se:cdpVersion: 117.0.5938.62, setWindowRect: true, strictFileInteractability: false, timeouts: {implicit: 0, pageLoad: 300000, script: 30000}, unhandledPromptBehavior: dismiss and notify, webauthn:extension:credBlob: true, webauthn:extension:largeBlob: true, webauthn:extension:minPinLength: true, webauthn:extension:prf: true, webauthn:virtualAuthenticators: true}
Element: [[ChromeDriver: chrome on mac (eb35e7f47e490a35e35884df6768d7de)] -> xpath: //span[normalize-space()='Day']]
Session ID: eb35e7f47e490a35e35884df6768d7de
at org.openqa.selenium.remote.codec.w3c.W3CHttpResponseCodec.createException(W3CHttpResponseCodec.java:199)
at org.openqa.selenium.remote.codec.w3c.W3CHttpResponseCodec.decode(W3CHttpResponseCodec.java:132)
at org.openqa.selenium.remote.codec.w3c.W3CHttpResponseCodec.decode(W3CHttpResponseCodec.java:51)
at org.openqa.selenium.remote.HttpCommandExecutor.execute(HttpCommandExecutor.java:191)
at org.openqa.selenium.remote.service.DriverCommandExecutor.invokeExecute(DriverCommandExecutor.java:196)
at org.openqa.selenium.remote.service.DriverCommandExecutor.execute(DriverCommandExecutor.java:171)
at org.openqa.selenium.remote.RemoteWebDriver.execute(RemoteWebDriver.java:531)
at org.openqa.selenium.remote.RemoteWebElement.execute(RemoteWebElement.java:242)
at org.openqa.selenium.remote.RemoteWebElement.click(RemoteWebElement.java:77)
at cuesz.schdule.Step12_08_SE_createvent.Schdulevent(Step12_08_SE_createvent.java:44)
at cuesz.schduletest.advocate.Step12_08_SE_createventtest.advocateSchedulefromcalendarEventTest(Step12_08_SE_createventtest.java:54)
at java.base/java.util.ArrayList.forEach(ArrayList.java:1511)
... Removed 32 stack frames]]>
    </failure>
  </testcase> <!-- advocateSchedulefromcalendarEventTest -->
</testsuite> <!-- Test -->
