<?xml version="1.0" encoding="UTF-8"?>
<!-- Generated by org.testng.reporters.JUnitXMLReporter -->
<testsuite ignored="0" hostname="cpe-192-180-5-27.kya.res.rr.com" failures="0" tests="3" name="Test" time="214.902" errors="0" timestamp="23 Sept 2023 03:13:59 GMT">
  <testcase classname="cuesz.membersummary.fuelreport.advocate.Case67_Fueldashboard1test" name="advocateMemberhoverTest" time="97.071"/>
  <testcase classname="cuesz.membersummary.fuelreport.advocate.Case68_Fueldashboardconditionnputtest" name="advocateMemberhoverTest" time="78.302"/>
  <testcase classname="cuesz.membersummary.fuelreport.advocate.Case70_Fueldashboardcalculatorstest" name="advocateMemberhoverTest" time="34.018"/>
</testsuite> <!-- Test -->
