<?xml version="1.0" encoding="UTF-8"?>
<!-- Generated by org.testng.reporters.JUnitXMLReporter -->
<testsuite ignored="0" hostname="cpe-192-180-0-80.kya.res.rr.com" failures="0" tests="5" name="Test" time="162.11" errors="0" timestamp="2023-09-12T13:02:07 IST">
  <testcase classname="cuesz.schduletest.advocate.Case12_01_SE_createvent_withouttime" name="advocatecreateEventwithouttimeTest" time="31.09"/>
  <testcase classname="cuesz.schduletest.advocate.Case12_02_SE_createvent_withpastdate" name="advocateSchedulewithpastdateEventTest" time="31.322"/>
  <testcase classname="cuesz.schduletest.advocate.Case06_SE_withouttime" name="advocateSchedulewithoutimeTest" time="32.932"/>
  <testcase classname="cuesz.schduletest.advocate.Case12_07_SE_create_eventwithoutopic" name="advocatecreateEventwithoutpicTest" time="31.203"/>
  <testcase classname="cuesz.schduletest.advocate.Step12_09_SE_createeventforpasttest" name="advocateSchedulefromcalendarEventTest" time="22.198"/>
</testsuite> <!-- Test -->
