<?xml version="1.0" encoding="UTF-8"?>
<!-- Generated by org.testng.reporters.JUnitXMLReporter -->
<testsuite ignored="0" hostname="192-180-005-027.res.spectrum.com" failures="0" tests="4" name="Test1" time="175.409" errors="0" timestamp="2023-12-26T15:38:43 IST">
  <testcase classname="cuesz.dashboard.advocate.Step12_DB_navlinktest" name="advocateScheduleEventTest" time="34.329"/>
  <testcase classname="cuesz.dashboard.advocate.Step13_DB_notificationtest" name="advocateScheduleEventTest" time="39.549"/>
  <testcase classname="cuesz.dashboard.advocate.Step14_DB_Clocktest" name="advocateScheduleEventTest" time="23.269"/>
  <testcase classname="cuesz.dashboard.advocate.Step14_DB_MessgNotificationtest" name="advocateScheduleEventTest" time="30.912"/>
</testsuite> <!-- Test1 -->
