<?xml version="1.0" encoding="UTF-8"?>
<testsuite name="Default test"
           tests="3"
           failures="0"
           errors="0"
           skipped="0"
           time="19.834">
    <properties></properties>



            <testcase
                name="testLoginWhenInvalidEmailProvidedThenThrowsException"
                time="4.506"
                classname="cuesz.logintest.Invalidmockcase_LoginPagetest">
            </testcase>
            <testcase
                name="testLoginWhenInvalidPasswordProvidedThenThrowsException"
                time="7.405"
                classname="cuesz.logintest.Invalidmockcase_LoginPagetest">
            </testcase>
            <testcase
                name="testLoginWhenValidEmailAndPasswordProvidedThenInteractsWithWebDriverCorrectly"
                time="7.923"
                classname="cuesz.logintest.Invalidmockcase_LoginPagetest">
            </testcase>
</testsuite>
