<?xml version="1.0" encoding="UTF-8"?>
<testsuite name="Default test"
           tests="1"
           failures="1"
           errors="0"
           skipped="0"
           time="26.228">
    <properties></properties>

            <testcase
                name="advocateScheduleviewEventTest"
                time="26.228"
                classname="cuesz.schduletest.advocate.Case02_vieweventtest">

            <failure type="org.openqa.selenium.ElementClickInterceptedException" message="element click intercepted: Element &lt;div class=&quot;d-flex align-items-start&quot; data-date=&quot;14-09-2023&quot; data-starttime=&quot;06:30 PM&quot; data-endtime=&quot;07:30 PM&quot; data-title=&quot;LP : Kumar Devinder, Seakfreight, SteveQA Adv&quot;&gt;...&lt;/div&gt; is not clickable at point (1214, 246). Other element would receive the click: &lt;div class=&quot;MuiDialog-container MuiDialog-scrollPaper&quot; role=&quot;none presentation&quot; tabindex=&quot;-1&quot; style=&quot;opacity: 1; transition: opacity 225ms cubic-bezier(0.4, 0, 0.2, 1) 0ms;&quot;&gt;...&lt;/div&gt;
  (Session info: chrome=116.0.5845.182)
Build info: version: &apos;4.10.0&apos;, revision: &apos;c14d967899&apos;
System info: os.name: &apos;Windows 11&apos;, os.arch: &apos;amd64&apos;, os.version: &apos;10.0&apos;, java.version: &apos;17.0.2&apos;
Driver info: org.openqa.selenium.chrome.ChromeDriver
Command: [9560e1148f12b68e755a58f488f0b2b7, clickElement {id=BE6C7EC7EAF7830A66781545DBA735CF_element_151}]
Capabilities {acceptInsecureCerts: false, browserName: chrome, browserVersion: 116.0.5845.182, chrome: {chromedriverVersion: 116.0.5845.96 (1a3918166880..., userDataDir: C:\Users\ASUS\AppData\Local...}, fedcm:accounts: true, goog:chromeOptions: {debuggerAddress: localhost:50946}, networkConnectionEnabled: false, pageLoadStrategy: normal, platformName: windows, proxy: Proxy(), se:cdp: ws://localhost:50946/devtoo..., se:cdpVersion: 116.0.5845.182, setWindowRect: true, strictFileInteractability: false, timeouts: {implicit: 0, pageLoad: 300000, script: 30000}, unhandledPromptBehavior: dismiss and notify, webauthn:extension:credBlob: true, webauthn:extension:largeBlob: true, webauthn:extension:minPinLength: true, webauthn:extension:prf: true, webauthn:virtualAuthenticators: true}
Element: [[ChromeDriver: chrome on windows (9560e1148f12b68e755a58f488f0b2b7)] -&gt; xpath: //div[@data-date=&apos;14-09-2023&apos;]]
Session ID: 9560e1148f12b68e755a58f488f0b2b7">
                <![CDATA[org.openqa.selenium.ElementClickInterceptedException: element click intercepted: Element <div class="d-flex align-items-start" data-date="14-09-2023" data-starttime="06:30 PM" data-endtime="07:30 PM" data-title="LP : Kumar Devinder, Seakfreight, SteveQA Adv">...</div> is not clickable at point (1214, 246). Other element would receive the click: <div class="MuiDialog-container MuiDialog-scrollPaper" role="none presentation" tabindex="-1" style="opacity: 1; transition: opacity 225ms cubic-bezier(0.4, 0, 0.2, 1) 0ms;">...</div>
  (Session info: chrome=116.0.5845.182)
Build info: version: '4.10.0', revision: 'c14d967899'
System info: os.name: 'Windows 11', os.arch: 'amd64', os.version: '10.0', java.version: '17.0.2'
Driver info: org.openqa.selenium.chrome.ChromeDriver
Command: [9560e1148f12b68e755a58f488f0b2b7, clickElement {id=BE6C7EC7EAF7830A66781545DBA735CF_element_151}]
Capabilities {acceptInsecureCerts: false, browserName: chrome, browserVersion: 116.0.5845.182, chrome: {chromedriverVersion: 116.0.5845.96 (1a3918166880..., userDataDir: C:\Users\ASUS\AppData\Local...}, fedcm:accounts: true, goog:chromeOptions: {debuggerAddress: localhost:50946}, networkConnectionEnabled: false, pageLoadStrategy: normal, platformName: windows, proxy: Proxy(), se:cdp: ws://localhost:50946/devtoo..., se:cdpVersion: 116.0.5845.182, setWindowRect: true, strictFileInteractability: false, timeouts: {implicit: 0, pageLoad: 300000, script: 30000}, unhandledPromptBehavior: dismiss and notify, webauthn:extension:credBlob: true, webauthn:extension:largeBlob: true, webauthn:extension:minPinLength: true, webauthn:extension:prf: true, webauthn:virtualAuthenticators: true}
Element: [[ChromeDriver: chrome on windows (9560e1148f12b68e755a58f488f0b2b7)] -> xpath: //div[@data-date='14-09-2023']]
Session ID: 9560e1148f12b68e755a58f488f0b2b7
                java.base/jdk.internal.reflect.NativeConstructorAccessorImpl.newInstance0(Native Method)java.base/jdk.internal.reflect.NativeConstructorAccessorImpl.newInstance(NativeConstructorAccessorImpl.java:77)java.base/jdk.internal.reflect.DelegatingConstructorAccessorImpl.newInstance(DelegatingConstructorAccessorImpl.java:45)java.base/java.lang.reflect.Constructor.newInstanceWithCaller(Constructor.java:499)java.base/java.lang.reflect.Constructor.newInstance(Constructor.java:480)org.openqa.selenium.remote.codec.w3c.W3CHttpResponseCodec.createException(W3CHttpResponseCodec.java:199)org.openqa.selenium.remote.codec.w3c.W3CHttpResponseCodec.decode(W3CHttpResponseCodec.java:132)org.openqa.selenium.remote.codec.w3c.W3CHttpResponseCodec.decode(W3CHttpResponseCodec.java:51)org.openqa.selenium.remote.HttpCommandExecutor.execute(HttpCommandExecutor.java:191)org.openqa.selenium.remote.service.DriverCommandExecutor.invokeExecute(DriverCommandExecutor.java:196)org.openqa.selenium.remote.service.DriverCommandExecutor.execute(DriverCommandExecutor.java:171)org.openqa.selenium.remote.RemoteWebDriver.execute(RemoteWebDriver.java:531)org.openqa.selenium.remote.RemoteWebElement.execute(RemoteWebElement.java:242)org.openqa.selenium.remote.RemoteWebElement.click(RemoteWebElement.java:77)cuesz.schdule.Case02_viewevent.Viewevent(Case02_viewevent.java:84)cuesz.schduletest.advocate.Case02_vieweventtest.advocateScheduleviewEventTest(Case02_vieweventtest.java:53)java.base/jdk.internal.reflect.NativeMethodAccessorImpl.invoke0(Native Method)java.base/jdk.internal.reflect.NativeMethodAccessorImpl.invoke(NativeMethodAccessorImpl.java:77)java.base/jdk.internal.reflect.DelegatingMethodAccessorImpl.invoke(DelegatingMethodAccessorImpl.java:43)java.base/java.lang.reflect.Method.invoke(Method.java:568)org.testng.internal.MethodInvocationHelper.invokeMethod(MethodInvocationHelper.java:133)org.testng.internal.TestInvoker.invokeMethod(TestInvoker.java:598)org.testng.internal.TestInvoker.invokeTestMethod(TestInvoker.java:173)org.testng.internal.MethodRunner.runInSequence(MethodRunner.java:46)org.testng.internal.TestInvoker$MethodInvocationAgent.invoke(TestInvoker.java:824)org.testng.internal.TestInvoker.invokeTestMethods(TestInvoker.java:146)org.testng.internal.TestMethodWorker.invokeTestMethods(TestMethodWorker.java:146)org.testng.internal.TestMethodWorker.run(TestMethodWorker.java:128)java.base/java.util.ArrayList.forEach(ArrayList.java:1511)org.testng.TestRunner.privateRun(TestRunner.java:794)org.testng.TestRunner.run(TestRunner.java:596)org.testng.SuiteRunner.runTest(SuiteRunner.java:377)org.testng.SuiteRunner.runSequentially(SuiteRunner.java:371)org.testng.SuiteRunner.privateRun(SuiteRunner.java:332)org.testng.SuiteRunner.run(SuiteRunner.java:276)org.testng.SuiteRunnerWorker.runSuite(SuiteRunnerWorker.java:53)org.testng.SuiteRunnerWorker.run(SuiteRunnerWorker.java:96)org.testng.TestNG.runSuitesSequentially(TestNG.java:1212)org.testng.TestNG.runSuitesLocally(TestNG.java:1134)org.testng.TestNG.runSuites(TestNG.java:1063)org.testng.TestNG.run(TestNG.java:1031)org.testng.remote.AbstractRemoteTestNG.run(AbstractRemoteTestNG.java:115)org.testng.remote.RemoteTestNG.initAndRun(RemoteTestNG.java:251)org.testng.remote.RemoteTestNG.main(RemoteTestNG.java:77)
]]>
            </failure>
    </testcase>


</testsuite>
