<?xml version="1.0" encoding="UTF-8"?>
<testsuite name="Default test"
           tests="1"
           failures="1"
           errors="0"
           skipped="0"
           time="17.062">
    <properties></properties>

            <testcase
                name="perfom_movetocurrentactivtity"
                time="17.062"
                classname="cuesz02.Iosapp_member_home_PerformScreen.Case15_Perform_movetocurrent">

            <failure type="org.openqa.selenium.NoSuchElementException" message="&apos;label == &apos;By.IosNsPredicate: label == &quot;Perform Fuel Mindful Restore&quot;&apos;&apos; predicate didn&apos;t match any elements
For documentation on this error, please visit: https://www.selenium.dev/documentation/webdriver/troubleshooting/errors#no-such-element-exception
Build info: version: &apos;4.16.1&apos;, revision: &apos;9b4c83354e&apos;
System info: os.name: &apos;Mac OS X&apos;, os.arch: &apos;x86_64&apos;, os.version: &apos;14.0&apos;, java.version: &apos;21&apos;
Driver info: io.appium.java_client.ios.IOSDriver
Command: [9c17a98a-a0af-481b-af9f-42df3561239d, executeScript {script=mobile:scroll, args=[{toVisible=true, predicateString=label == &apos;By.IosNsPredicate: label == &quot;Perform Fuel Mindful Restore&quot;&apos;}]}]
Capabilities {appium:automationName: XCUITest, appium:databaseEnabled: false, appium:deviceName: Iphone13, appium:javascriptEnabled: true, appium:locationContextEnabled: false, appium:networkConnectionEnabled: false, appium:platformVersion: 17.2, appium:takesScreenshot: true, appium:udid: 00008110-00142D610A79801E, appium:wdaLaunchTimeout: 30000, appium:webStorageEnabled: false, platformName: IOS}
Session ID: 9c17a98a-a0af-481b-af9f-42df3561239d">
                <![CDATA[org.openqa.selenium.NoSuchElementException: 'label == 'By.IosNsPredicate: label == "Perform Fuel Mindful Restore"'' predicate didn't match any elements
For documentation on this error, please visit: https://www.selenium.dev/documentation/webdriver/troubleshooting/errors#no-such-element-exception
Build info: version: '4.16.1', revision: '9b4c83354e'
System info: os.name: 'Mac OS X', os.arch: 'x86_64', os.version: '14.0', java.version: '21'
Driver info: io.appium.java_client.ios.IOSDriver
Command: [9c17a98a-a0af-481b-af9f-42df3561239d, executeScript {script=mobile:scroll, args=[{toVisible=true, predicateString=label == 'By.IosNsPredicate: label == "Perform Fuel Mindful Restore"'}]}]
Capabilities {appium:automationName: XCUITest, appium:databaseEnabled: false, appium:deviceName: Iphone13, appium:javascriptEnabled: true, appium:locationContextEnabled: false, appium:networkConnectionEnabled: false, appium:platformVersion: 17.2, appium:takesScreenshot: true, appium:udid: 00008110-00142D610A79801E, appium:wdaLaunchTimeout: 30000, appium:webStorageEnabled: false, platformName: IOS}
Session ID: 9c17a98a-a0af-481b-af9f-42df3561239d
                java.base/jdk.internal.reflect.DirectConstructorHandleAccessor.newInstance(DirectConstructorHandleAccessor.java:62)java.base/java.lang.reflect.Constructor.newInstanceWithCaller(Constructor.java:502)java.base/java.lang.reflect.Constructor.newInstance(Constructor.java:486)org.openqa.selenium.remote.codec.w3c.W3CHttpResponseCodec.createException(W3CHttpResponseCodec.java:200)org.openqa.selenium.remote.codec.w3c.W3CHttpResponseCodec.decode(W3CHttpResponseCodec.java:133)org.openqa.selenium.remote.codec.w3c.W3CHttpResponseCodec.decode(W3CHttpResponseCodec.java:52)org.openqa.selenium.remote.HttpCommandExecutor.execute(HttpCommandExecutor.java:191)io.appium.java_client.remote.AppiumCommandExecutor.execute(AppiumCommandExecutor.java:250)org.openqa.selenium.remote.RemoteWebDriver.execute(RemoteWebDriver.java:602)org.openqa.selenium.remote.RemoteWebDriver.executeScript(RemoteWebDriver.java:467)cuesz02.Iosapp_member_home_PerformScreen.Case15_Perform_movetocurrent.scrollDownToElement(Case15_Perform_movetocurrent.java:169)cuesz02.Iosapp_member_home_PerformScreen.Case15_Perform_movetocurrent.perfom_movetocurrentactivtity(Case15_Perform_movetocurrent.java:136)java.base/jdk.internal.reflect.DirectMethodHandleAccessor.invoke(DirectMethodHandleAccessor.java:103)java.base/java.lang.reflect.Method.invoke(Method.java:580)org.testng.internal.MethodInvocationHelper.invokeMethod(MethodInvocationHelper.java:108)org.testng.internal.Invoker.invokeMethod(Invoker.java:661)org.testng.internal.Invoker.invokeTestMethod(Invoker.java:869)org.testng.internal.Invoker.invokeTestMethods(Invoker.java:1193)org.testng.internal.TestMethodWorker.invokeTestMethods(TestMethodWorker.java:126)org.testng.internal.TestMethodWorker.run(TestMethodWorker.java:109)org.testng.TestRunner.privateRun(TestRunner.java:744)org.testng.TestRunner.run(TestRunner.java:602)org.testng.SuiteRunner.runTest(SuiteRunner.java:380)org.testng.SuiteRunner.runSequentially(SuiteRunner.java:375)org.testng.SuiteRunner.privateRun(SuiteRunner.java:340)org.testng.SuiteRunner.run(SuiteRunner.java:289)org.testng.SuiteRunnerWorker.runSuite(SuiteRunnerWorker.java:52)org.testng.SuiteRunnerWorker.run(SuiteRunnerWorker.java:86)org.testng.TestNG.runSuitesSequentially(TestNG.java:1301)org.testng.TestNG.runSuitesLocally(TestNG.java:1226)org.testng.TestNG.runSuites(TestNG.java:1144)org.testng.TestNG.run(TestNG.java:1115)org.testng.remote.AbstractRemoteTestNG.run(AbstractRemoteTestNG.java:115)org.testng.remote.RemoteTestNG.initAndRun(RemoteTestNG.java:251)org.testng.remote.RemoteTestNG.main(RemoteTestNG.java:77)
]]>
            </failure>
    </testcase>


</testsuite>
