<?xml version="1.0" encoding="UTF-8"?>
<testsuite name="Test"
           tests="1"
           failures="1"
           errors="0"
           skipped="0"
           time="21.127">
    <properties></properties>

            <testcase
                name="advocateScheduleviewEventTest"
                time="21.127"
                classname="cuesz.schduletest.advocate.Case02_vieweventtest">

            <failure type="org.openqa.selenium.ElementClickInterceptedException" message="element click intercepted: Element &lt;div class=&quot;d-flex align-items-start&quot; data-date=&quot;26-09-2023&quot; data-starttime=&quot;06:30 PM&quot; data-endtime=&quot;07:30 PM&quot; data-title=&quot;LP : Kumar Devinder, Seakfreight, SteveQA Adv&quot; data-iseventlive=&quot;true&quot;&gt;...&lt;/div&gt; is not clickable at point (810, 521). Other element would receive the click: &lt;div class=&quot;text-center w-100 event_modal_footer&quot;&gt;...&lt;/div&gt;
  (Session info: chrome=117.0.5938.92)
Build info: version: &apos;4.12.1&apos;, revision: &apos;8e34639b11&apos;
System info: os.name: &apos;Mac OS X&apos;, os.arch: &apos;x86_64&apos;, os.version: &apos;13.6&apos;, java.version: &apos;21&apos;
Driver info: org.openqa.selenium.chrome.ChromeDriver
Command: [c9b5a0b3f1e015a306410cf753ced9c9, clickElement {id=9E24A2261A7BCCB052AA94AC72623E0D_element_166}]
Capabilities {acceptInsecureCerts: false, browserName: chrome, browserVersion: 117.0.5938.92, chrome: {chromedriverVersion: 117.0.5938.92 (67649b10b92b..., userDataDir: /var/folders/10/ksb8skmx6tj...}, fedcm:accounts: true, goog:chromeOptions: {debuggerAddress: localhost:51313}, networkConnectionEnabled: false, pageLoadStrategy: normal, platformName: mac, proxy: Proxy(), se:cdp: ws://localhost:51313/devtoo..., se:cdpVersion: 117.0.5938.92, setWindowRect: true, strictFileInteractability: false, timeouts: {implicit: 0, pageLoad: 300000, script: 30000}, unhandledPromptBehavior: dismiss and notify, webauthn:extension:credBlob: true, webauthn:extension:largeBlob: true, webauthn:extension:minPinLength: true, webauthn:extension:prf: true, webauthn:virtualAuthenticators: true}
Element: [[ChromeDriver: chrome on mac (c9b5a0b3f1e015a306410cf753ced9c9)] -&gt; xpath: //div[@data-date=&apos;26-09-2023&apos;]]
Session ID: c9b5a0b3f1e015a306410cf753ced9c9">
                <![CDATA[org.openqa.selenium.ElementClickInterceptedException: element click intercepted: Element <div class="d-flex align-items-start" data-date="26-09-2023" data-starttime="06:30 PM" data-endtime="07:30 PM" data-title="LP : Kumar Devinder, Seakfreight, SteveQA Adv" data-iseventlive="true">...</div> is not clickable at point (810, 521). Other element would receive the click: <div class="text-center w-100 event_modal_footer">...</div>
  (Session info: chrome=117.0.5938.92)
Build info: version: '4.12.1', revision: '8e34639b11'
System info: os.name: 'Mac OS X', os.arch: 'x86_64', os.version: '13.6', java.version: '21'
Driver info: org.openqa.selenium.chrome.ChromeDriver
Command: [c9b5a0b3f1e015a306410cf753ced9c9, clickElement {id=9E24A2261A7BCCB052AA94AC72623E0D_element_166}]
Capabilities {acceptInsecureCerts: false, browserName: chrome, browserVersion: 117.0.5938.92, chrome: {chromedriverVersion: 117.0.5938.92 (67649b10b92b..., userDataDir: /var/folders/10/ksb8skmx6tj...}, fedcm:accounts: true, goog:chromeOptions: {debuggerAddress: localhost:51313}, networkConnectionEnabled: false, pageLoadStrategy: normal, platformName: mac, proxy: Proxy(), se:cdp: ws://localhost:51313/devtoo..., se:cdpVersion: 117.0.5938.92, setWindowRect: true, strictFileInteractability: false, timeouts: {implicit: 0, pageLoad: 300000, script: 30000}, unhandledPromptBehavior: dismiss and notify, webauthn:extension:credBlob: true, webauthn:extension:largeBlob: true, webauthn:extension:minPinLength: true, webauthn:extension:prf: true, webauthn:virtualAuthenticators: true}
Element: [[ChromeDriver: chrome on mac (c9b5a0b3f1e015a306410cf753ced9c9)] -> xpath: //div[@data-date='26-09-2023']]
Session ID: c9b5a0b3f1e015a306410cf753ced9c9
                java.base/jdk.internal.reflect.DirectConstructorHandleAccessor.newInstance(DirectConstructorHandleAccessor.java:62)java.base/java.lang.reflect.Constructor.newInstanceWithCaller(Constructor.java:502)java.base/java.lang.reflect.Constructor.newInstance(Constructor.java:486)org.openqa.selenium.remote.codec.w3c.W3CHttpResponseCodec.createException(W3CHttpResponseCodec.java:200)org.openqa.selenium.remote.codec.w3c.W3CHttpResponseCodec.decode(W3CHttpResponseCodec.java:133)org.openqa.selenium.remote.codec.w3c.W3CHttpResponseCodec.decode(W3CHttpResponseCodec.java:52)org.openqa.selenium.remote.HttpCommandExecutor.execute(HttpCommandExecutor.java:191)org.openqa.selenium.remote.service.DriverCommandExecutor.invokeExecute(DriverCommandExecutor.java:196)org.openqa.selenium.remote.service.DriverCommandExecutor.execute(DriverCommandExecutor.java:171)org.openqa.selenium.remote.RemoteWebDriver.execute(RemoteWebDriver.java:602)org.openqa.selenium.remote.RemoteWebElement.execute(RemoteWebElement.java:224)org.openqa.selenium.remote.RemoteWebElement.click(RemoteWebElement.java:77)cuesz.schdule.Case02_viewevent.Viewevent(Case02_viewevent.java:84)cuesz.schduletest.advocate.Case02_vieweventtest.advocateScheduleviewEventTest(Case02_vieweventtest.java:53)java.base/jdk.internal.reflect.DirectMethodHandleAccessor.invoke(DirectMethodHandleAccessor.java:103)java.base/java.lang.reflect.Method.invoke(Method.java:580)org.testng.internal.MethodInvocationHelper.invokeMethod(MethodInvocationHelper.java:108)org.testng.internal.Invoker.invokeMethod(Invoker.java:661)org.testng.internal.Invoker.invokeTestMethod(Invoker.java:869)org.testng.internal.Invoker.invokeTestMethods(Invoker.java:1193)org.testng.internal.TestMethodWorker.invokeTestMethods(TestMethodWorker.java:126)org.testng.internal.TestMethodWorker.run(TestMethodWorker.java:109)org.testng.TestRunner.privateRun(TestRunner.java:744)org.testng.TestRunner.run(TestRunner.java:602)org.testng.SuiteRunner.runTest(SuiteRunner.java:380)org.testng.SuiteRunner.runSequentially(SuiteRunner.java:375)org.testng.SuiteRunner.privateRun(SuiteRunner.java:340)org.testng.SuiteRunner.run(SuiteRunner.java:289)org.testng.SuiteRunnerWorker.runSuite(SuiteRunnerWorker.java:52)org.testng.SuiteRunnerWorker.run(SuiteRunnerWorker.java:86)org.testng.TestNG.runSuitesSequentially(TestNG.java:1301)org.testng.TestNG.runSuitesLocally(TestNG.java:1226)org.testng.TestNG.runSuites(TestNG.java:1144)org.testng.TestNG.run(TestNG.java:1115)org.testng.remote.AbstractRemoteTestNG.run(AbstractRemoteTestNG.java:115)org.testng.remote.RemoteTestNG.initAndRun(RemoteTestNG.java:251)org.testng.remote.RemoteTestNG.main(RemoteTestNG.java:77)
]]>
            </failure>
    </testcase>


</testsuite>
