<?xml version="1.0" encoding="UTF-8"?>
<testng-results ignored="0" total="2" passed="2" failed="0" skipped="0">
  <reporter-output>
  </reporter-output>
  <suite started-at="2023-08-21T01:30:21 IST" name="Cuesz" finished-at="2023-08-21T01:31:41 IST" duration-ms="79489">
    <groups>
    </groups>
    <test started-at="2023-08-21T01:30:21 IST" name="Schdule Event" finished-at="2023-08-21T01:31:41 IST" duration-ms="79489">
      <class name="cuesz.schduletest.advocate.Case02_vieweventtest">
        <test-method is-config="true" signature="setUp()[pri:0, instance:cuesz.schduletest.advocate.Case02_vieweventtest@5fb759d6]" started-at="2023-08-21T01:31:15 IST" name="setUp" finished-at="2023-08-21T01:31:17 IST" duration-ms="1843" status="PASS">
          <reporter-output>
          </reporter-output>
        </test-method> <!-- setUp -->
        <test-method signature="advocateScheduleEventTest()[pri:0, instance:cuesz.schduletest.advocate.Case02_vieweventtest@5fb759d6]" started-at="2023-08-21T01:31:17 IST" name="advocateScheduleEventTest" finished-at="2023-08-21T01:31:40 IST" duration-ms="22972" status="PASS">
          <reporter-output>
          </reporter-output>
        </test-method> <!-- advocateScheduleEventTest -->
        <test-method is-config="true" signature="tearDown()[pri:0, instance:cuesz.schduletest.advocate.Case02_vieweventtest@5fb759d6]" started-at="2023-08-21T01:31:40 IST" name="tearDown" finished-at="2023-08-21T01:31:41 IST" duration-ms="641" status="PASS">
          <reporter-output>
          </reporter-output>
        </test-method> <!-- tearDown -->
      </class> <!-- cuesz.schduletest.advocate.Case02_vieweventtest -->
      <class name="cuesz.schduletest.advocate.Case01_createventtest">
        <test-method is-config="true" signature="setUp()[pri:0, instance:cuesz.schduletest.advocate.Case01_createventtest@26abb146]" started-at="2023-08-21T01:30:21 IST" name="setUp" finished-at="2023-08-21T01:30:27 IST" duration-ms="6034" status="PASS">
          <reporter-output>
          </reporter-output>
        </test-method> <!-- setUp -->
        <test-method signature="advocateScheduleEventTest()[pri:0, instance:cuesz.schduletest.advocate.Case01_createventtest@26abb146]" started-at="2023-08-21T01:30:27 IST" name="advocateScheduleEventTest" finished-at="2023-08-21T01:31:15 IST" duration-ms="47305" status="PASS">
          <reporter-output>
          </reporter-output>
        </test-method> <!-- advocateScheduleEventTest -->
        <test-method is-config="true" signature="tearDown()[pri:0, instance:cuesz.schduletest.advocate.Case01_createventtest@26abb146]" started-at="2023-08-21T01:31:15 IST" name="tearDown" finished-at="2023-08-21T01:31:15 IST" duration-ms="632" status="PASS">
          <reporter-output>
          </reporter-output>
        </test-method> <!-- tearDown -->
      </class> <!-- cuesz.schduletest.advocate.Case01_createventtest -->
    </test> <!-- Schdule Event -->
  </suite> <!-- Cuesz -->
</testng-results>
