<?xml version="1.0" encoding="UTF-8"?>
<testng-results ignored="0" total="1" passed="1" failed="0" skipped="0">
  <reporter-output>
  </reporter-output>
  <suite started-at="2023-10-25T06:40:38Z" name="Default suite" finished-at="2023-10-25T06:41:06Z" duration-ms="28572">
    <groups>
    </groups>
    <test started-at="2023-10-25T06:40:38Z" name="Default test" finished-at="2023-10-25T06:41:06Z" duration-ms="28572">
      <class name="cuesz02.Iosapp_member_home_PerformScreen.Case15_Perform_movetocurrent">
        <test-method is-config="true" signature="Cueszbase()[pri:0, instance:cuesz02.Iosapp_member_home_PerformScreen.Case15_Perform_movetocurrent@4b1d6571]" started-at="2023-10-25T12:10:38Z" name="Cueszbase" finished-at="2023-10-25T12:10:40Z" duration-ms="2013" status="PASS">
          <reporter-output>
          </reporter-output>
        </test-method> <!-- Cueszbase -->
        <test-method signature="perfom_movetocurrentactivtity()[pri:0, instance:cuesz02.Iosapp_member_home_PerformScreen.Case15_Perform_movetocurrent@4b1d6571]" started-at="2023-10-25T12:10:40Z" name="perfom_movetocurrentactivtity" finished-at="2023-10-25T12:11:06Z" duration-ms="26467" status="PASS">
          <reporter-output>
          </reporter-output>
        </test-method> <!-- perfom_movetocurrentactivtity -->
        <test-method is-config="true" signature="tearDown()[pri:0, instance:cuesz02.Iosapp_member_home_PerformScreen.Case15_Perform_movetocurrent@4b1d6571]" started-at="2023-10-25T12:11:06Z" name="tearDown" finished-at="2023-10-25T12:11:06Z" duration-ms="16" status="PASS">
          <reporter-output>
          </reporter-output>
        </test-method> <!-- tearDown -->
      </class> <!-- cuesz02.Iosapp_member_home_PerformScreen.Case15_Perform_movetocurrent -->
    </test> <!-- Default test -->
  </suite> <!-- Default suite -->
</testng-results>
