<?xml version="1.0" encoding="UTF-8"?>
<testng-results ignored="0" total="1" passed="1" failed="0" skipped="0">
  <reporter-output>
  </reporter-output>
  <suite started-at="2023-09-20T23:47:39 IST" name="Default suite" finished-at="2023-09-20T23:48:45 IST" duration-ms="65315">
    <groups>
    </groups>
    <test started-at="2023-09-20T23:47:39 IST" name="Default test" finished-at="2023-09-20T23:48:45 IST" duration-ms="65315">
      <class name="cuesz.logictest.advocate.Case43_MSL_Fueltest">
        <test-method is-config="true" signature="setUp()[pri:0, instance:cuesz.logictest.advocate.Case43_MSL_Fueltest@30f842ca]" started-at="2023-09-20T23:47:39 IST" name="setUp" finished-at="2023-09-20T23:47:44 IST" duration-ms="4859" status="PASS">
          <reporter-output>
          </reporter-output>
        </test-method> <!-- setUp -->
        <test-method signature="advocatelogicmemberTest()[pri:0, instance:cuesz.logictest.advocate.Case43_MSL_Fueltest@30f842ca]" started-at="2023-09-20T23:47:44 IST" name="advocatelogicmemberTest" finished-at="2023-09-20T23:48:44 IST" duration-ms="59743" status="PASS">
          <reporter-output>
          </reporter-output>
        </test-method> <!-- advocatelogicmemberTest -->
        <test-method is-config="true" signature="tearDown()[pri:0, instance:cuesz.logictest.advocate.Case43_MSL_Fueltest@30f842ca]" started-at="2023-09-20T23:48:44 IST" name="tearDown" finished-at="2023-09-20T23:48:45 IST" duration-ms="496" status="PASS">
          <reporter-output>
          </reporter-output>
        </test-method> <!-- tearDown -->
      </class> <!-- cuesz.logictest.advocate.Case43_MSL_Fueltest -->
    </test> <!-- Default test -->
  </suite> <!-- Default suite -->
</testng-results>
