<?xml version="1.0" encoding="UTF-8"?>
<testng-results ignored="0" total="1" passed="1" failed="0" skipped="0">
  <reporter-output>
  </reporter-output>
  <suite started-at="2023-11-28T13:35:24Z" name="Default suite" finished-at="2023-11-28T13:37:36Z" duration-ms="132316">
    <groups>
    </groups>
    <test started-at="2023-11-28T13:35:24Z" name="Default test" finished-at="2023-11-28T13:37:36Z" duration-ms="132316">
      <class name="cuesz03.Iosapp_member_home_Fuelscreen.Case46_Fuel_Pastda_brekfastactivity">
        <test-method is-config="true" signature="Cueszbase()[pri:0, instance:cuesz03.Iosapp_member_home_Fuelscreen.Case46_Fuel_Pastda_brekfastactivity@6fb365ed]" started-at="2023-11-28T19:05:24Z" name="Cueszbase" finished-at="2023-11-28T19:05:24Z" duration-ms="908" status="PASS">
          <reporter-output>
          </reporter-output>
        </test-method> <!-- Cueszbase -->
        <test-method signature="Homescreen()[pri:0, instance:cuesz03.Iosapp_member_home_Fuelscreen.Case46_Fuel_Pastda_brekfastactivity@6fb365ed]" started-at="2023-11-28T19:05:24Z" name="Homescreen" finished-at="2023-11-28T19:07:36Z" duration-ms="131321" status="PASS">
          <reporter-output>
          </reporter-output>
        </test-method> <!-- Homescreen -->
        <test-method is-config="true" signature="tearDown()[pri:0, instance:cuesz03.Iosapp_member_home_Fuelscreen.Case46_Fuel_Pastda_brekfastactivity@6fb365ed]" started-at="2023-11-28T19:07:36Z" name="tearDown" finished-at="2023-11-28T19:07:36Z" duration-ms="12" status="PASS">
          <reporter-output>
          </reporter-output>
        </test-method> <!-- tearDown -->
      </class> <!-- cuesz03.Iosapp_member_home_Fuelscreen.Case46_Fuel_Pastda_brekfastactivity -->
    </test> <!-- Default test -->
  </suite> <!-- Default suite -->
</testng-results>
