<?xml version="1.0" encoding="UTF-8"?>
<testng-results ignored="0" total="3" passed="1" failed="2" skipped="0">
  <reporter-output>
  </reporter-output>
  <suite started-at="2023-10-30T22:53:54 IST" name="Suite11" finished-at="2023-10-30T22:57:26 IST" duration-ms="212064">
    <groups>
    </groups>
    <test started-at="2023-10-30T22:53:54 IST" name="Test11" finished-at="2023-10-30T22:57:26 IST" duration-ms="212064">
      <class name="cuesz.liveperform.advocate.Case74_viewjoinLiveperfoRadvocatetest">
        <test-method is-config="true" signature="setUp()[pri:0, instance:cuesz.liveperform.advocate.Case74_viewjoinLiveperfoRadvocatetest@1b919693]" started-at="2023-10-30T22:56:08 IST" name="setUp" finished-at="2023-10-30T22:56:10 IST" duration-ms="1871" status="PASS">
          <reporter-output>
          </reporter-output>
        </test-method> <!-- setUp -->
        <test-method signature="advocateSchedulecreateeventTest()[pri:0, instance:cuesz.liveperform.advocate.Case74_viewjoinLiveperfoRadvocatetest@1b919693]" started-at="2023-10-30T22:56:10 IST" name="advocateSchedulecreateeventTest" finished-at="2023-10-30T22:57:26 IST" duration-ms="75675" status="FAIL">
          <exception class="org.openqa.selenium.NoSuchElementException">
            <message>
              <![CDATA[Unable to find element with locator By.id: screenShot
For documentation on this error, please visit: https://www.selenium.dev/documentation/webdriver/troubleshooting/errors#no-such-element-exception
Build info: version: '4.14.1', revision: '03f8ede370'
System info: os.name: 'Windows 11', os.arch: 'amd64', os.version: '10.0', java.version: '17.0.2'
Driver info: driver.version: RemoteWebDriver]]>
            </message>
            <full-stacktrace>
              <![CDATA[org.openqa.selenium.NoSuchElementException: Unable to find element with locator By.id: screenShot
For documentation on this error, please visit: https://www.selenium.dev/documentation/webdriver/troubleshooting/errors#no-such-element-exception
Build info: version: '4.14.1', revision: '03f8ede370'
System info: os.name: 'Windows 11', os.arch: 'amd64', os.version: '10.0', java.version: '17.0.2'
Driver info: driver.version: RemoteWebDriver
at org.openqa.selenium.remote.ElementLocation$ElementFinder$2.findElement(ElementLocation.java:168)
at org.openqa.selenium.remote.ElementLocation.findElement(ElementLocation.java:59)
at org.openqa.selenium.remote.RemoteWebDriver.findElement(RemoteWebDriver.java:359)
at org.openqa.selenium.remote.RemoteWebDriver.findElement(RemoteWebDriver.java:353)
at cuesz.liveperform.Case74_viewjoinLiveperfoRadvocate.Viewevent(Case74_viewjoinLiveperfoRadvocate.java:165)
at cuesz.liveperform.advocate.Case74_viewjoinLiveperfoRadvocatetest.advocateSchedulecreateeventTest(Case74_viewjoinLiveperfoRadvocatetest.java:51)
at java.base/jdk.internal.reflect.NativeMethodAccessorImpl.invoke0(Native Method)
at java.base/jdk.internal.reflect.NativeMethodAccessorImpl.invoke(NativeMethodAccessorImpl.java:77)
at java.base/jdk.internal.reflect.DelegatingMethodAccessorImpl.invoke(DelegatingMethodAccessorImpl.java:43)
at java.base/java.lang.reflect.Method.invoke(Method.java:568)
at org.testng.internal.MethodInvocationHelper.invokeMethod(MethodInvocationHelper.java:133)
at org.testng.internal.TestInvoker.invokeMethod(TestInvoker.java:598)
at org.testng.internal.TestInvoker.invokeTestMethod(TestInvoker.java:173)
at org.testng.internal.MethodRunner.runInSequence(MethodRunner.java:46)
at org.testng.internal.TestInvoker$MethodInvocationAgent.invoke(TestInvoker.java:824)
at org.testng.internal.TestInvoker.invokeTestMethods(TestInvoker.java:146)
at org.testng.internal.TestMethodWorker.invokeTestMethods(TestMethodWorker.java:146)
at org.testng.internal.TestMethodWorker.run(TestMethodWorker.java:128)
at java.base/java.util.ArrayList.forEach(ArrayList.java:1511)
at org.testng.TestRunner.privateRun(TestRunner.java:794)
at org.testng.TestRunner.run(TestRunner.java:596)
at org.testng.SuiteRunner.runTest(SuiteRunner.java:377)
at org.testng.SuiteRunner.runSequentially(SuiteRunner.java:371)
at org.testng.SuiteRunner.privateRun(SuiteRunner.java:332)
at org.testng.SuiteRunner.run(SuiteRunner.java:276)
at org.testng.SuiteRunnerWorker.runSuite(SuiteRunnerWorker.java:53)
at org.testng.SuiteRunnerWorker.run(SuiteRunnerWorker.java:96)
at org.testng.TestNG.runSuitesSequentially(TestNG.java:1212)
at org.testng.TestNG.runSuitesLocally(TestNG.java:1134)
at org.testng.TestNG.runSuites(TestNG.java:1063)
at org.testng.TestNG.run(TestNG.java:1031)
at org.testng.remote.AbstractRemoteTestNG.run(AbstractRemoteTestNG.java:115)
at org.testng.remote.RemoteTestNG.initAndRun(RemoteTestNG.java:251)
at org.testng.remote.RemoteTestNG.main(RemoteTestNG.java:77)
]]>
            </full-stacktrace>
          </exception> <!-- org.openqa.selenium.NoSuchElementException -->
          <reporter-output>
          </reporter-output>
        </test-method> <!-- advocateSchedulecreateeventTest -->
        <test-method is-config="true" signature="tearDown()[pri:0, instance:cuesz.liveperform.advocate.Case74_viewjoinLiveperfoRadvocatetest@1b919693]" started-at="2023-10-30T22:57:26 IST" name="tearDown" finished-at="2023-10-30T22:57:26 IST" duration-ms="508" status="PASS">
          <reporter-output>
          </reporter-output>
        </test-method> <!-- tearDown -->
      </class> <!-- cuesz.liveperform.advocate.Case74_viewjoinLiveperfoRadvocatetest -->
      <class name="cuesz.liveperform.advocate.Case72_creatLiveperformtest">
        <test-method is-config="true" signature="setUp()[pri:0, instance:cuesz.liveperform.advocate.Case72_creatLiveperformtest@1500b2f3]" started-at="2023-10-30T22:53:54 IST" name="setUp" finished-at="2023-10-30T22:53:59 IST" duration-ms="5271" status="PASS">
          <reporter-output>
          </reporter-output>
        </test-method> <!-- setUp -->
        <test-method signature="advocateSchedulecreateeventTest()[pri:0, instance:cuesz.liveperform.advocate.Case72_creatLiveperformtest@1500b2f3]" started-at="2023-10-30T22:53:59 IST" name="advocateSchedulecreateeventTest" finished-at="2023-10-30T22:54:49 IST" duration-ms="49345" status="PASS">
          <reporter-output>
          </reporter-output>
        </test-method> <!-- advocateSchedulecreateeventTest -->
        <test-method is-config="true" signature="tearDown()[pri:0, instance:cuesz.liveperform.advocate.Case72_creatLiveperformtest@1500b2f3]" started-at="2023-10-30T22:54:49 IST" name="tearDown" finished-at="2023-10-30T22:54:49 IST" duration-ms="547" status="PASS">
          <reporter-output>
          </reporter-output>
        </test-method> <!-- tearDown -->
      </class> <!-- cuesz.liveperform.advocate.Case72_creatLiveperformtest -->
      <class name="cuesz.liveperform.advocate.Case73_viewjoinLiveperformcoachtest">
        <test-method is-config="true" signature="setUp()[pri:0, instance:cuesz.liveperform.advocate.Case73_viewjoinLiveperformcoachtest@1807f5a7]" started-at="2023-10-30T22:54:49 IST" name="setUp" finished-at="2023-10-30T22:54:51 IST" duration-ms="1516" status="PASS">
          <reporter-output>
          </reporter-output>
        </test-method> <!-- setUp -->
        <test-method signature="advocateSchedulecreateeventTest()[pri:0, instance:cuesz.liveperform.advocate.Case73_viewjoinLiveperformcoachtest@1807f5a7]" started-at="2023-10-30T22:54:51 IST" name="advocateSchedulecreateeventTest" finished-at="2023-10-30T22:56:08 IST" duration-ms="76517" status="FAIL">
          <exception class="org.openqa.selenium.NoSuchElementException">
            <message>
              <![CDATA[Unable to find element with locator By.id: videoLiveNow-Selectdateoftheliveperformsession
For documentation on this error, please visit: https://www.selenium.dev/documentation/webdriver/troubleshooting/errors#no-such-element-exception
Build info: version: '4.14.1', revision: '03f8ede370'
System info: os.name: 'Windows 11', os.arch: 'amd64', os.version: '10.0', java.version: '17.0.2'
Driver info: driver.version: RemoteWebDriver]]>
            </message>
            <full-stacktrace>
              <![CDATA[org.openqa.selenium.NoSuchElementException: Unable to find element with locator By.id: videoLiveNow-Selectdateoftheliveperformsession
For documentation on this error, please visit: https://www.selenium.dev/documentation/webdriver/troubleshooting/errors#no-such-element-exception
Build info: version: '4.14.1', revision: '03f8ede370'
System info: os.name: 'Windows 11', os.arch: 'amd64', os.version: '10.0', java.version: '17.0.2'
Driver info: driver.version: RemoteWebDriver
at org.openqa.selenium.remote.ElementLocation$ElementFinder$2.findElement(ElementLocation.java:168)
at org.openqa.selenium.remote.ElementLocation.findElement(ElementLocation.java:59)
at org.openqa.selenium.remote.RemoteWebDriver.findElement(RemoteWebDriver.java:359)
at org.openqa.selenium.remote.RemoteWebDriver.findElement(RemoteWebDriver.java:353)
at cuesz.liveperform.Case73_viewjoinLiveperformcoach.Viewevent(Case73_viewjoinLiveperformcoach.java:100)
at cuesz.liveperform.advocate.Case73_viewjoinLiveperformcoachtest.advocateSchedulecreateeventTest(Case73_viewjoinLiveperformcoachtest.java:51)
at java.base/jdk.internal.reflect.NativeMethodAccessorImpl.invoke0(Native Method)
at java.base/jdk.internal.reflect.NativeMethodAccessorImpl.invoke(NativeMethodAccessorImpl.java:77)
at java.base/jdk.internal.reflect.DelegatingMethodAccessorImpl.invoke(DelegatingMethodAccessorImpl.java:43)
at java.base/java.lang.reflect.Method.invoke(Method.java:568)
at org.testng.internal.MethodInvocationHelper.invokeMethod(MethodInvocationHelper.java:133)
at org.testng.internal.TestInvoker.invokeMethod(TestInvoker.java:598)
at org.testng.internal.TestInvoker.invokeTestMethod(TestInvoker.java:173)
at org.testng.internal.MethodRunner.runInSequence(MethodRunner.java:46)
at org.testng.internal.TestInvoker$MethodInvocationAgent.invoke(TestInvoker.java:824)
at org.testng.internal.TestInvoker.invokeTestMethods(TestInvoker.java:146)
at org.testng.internal.TestMethodWorker.invokeTestMethods(TestMethodWorker.java:146)
at org.testng.internal.TestMethodWorker.run(TestMethodWorker.java:128)
at java.base/java.util.ArrayList.forEach(ArrayList.java:1511)
at org.testng.TestRunner.privateRun(TestRunner.java:794)
at org.testng.TestRunner.run(TestRunner.java:596)
at org.testng.SuiteRunner.runTest(SuiteRunner.java:377)
at org.testng.SuiteRunner.runSequentially(SuiteRunner.java:371)
at org.testng.SuiteRunner.privateRun(SuiteRunner.java:332)
at org.testng.SuiteRunner.run(SuiteRunner.java:276)
at org.testng.SuiteRunnerWorker.runSuite(SuiteRunnerWorker.java:53)
at org.testng.SuiteRunnerWorker.run(SuiteRunnerWorker.java:96)
at org.testng.TestNG.runSuitesSequentially(TestNG.java:1212)
at org.testng.TestNG.runSuitesLocally(TestNG.java:1134)
at org.testng.TestNG.runSuites(TestNG.java:1063)
at org.testng.TestNG.run(TestNG.java:1031)
at org.testng.remote.AbstractRemoteTestNG.run(AbstractRemoteTestNG.java:115)
at org.testng.remote.RemoteTestNG.initAndRun(RemoteTestNG.java:251)
at org.testng.remote.RemoteTestNG.main(RemoteTestNG.java:77)
]]>
            </full-stacktrace>
          </exception> <!-- org.openqa.selenium.NoSuchElementException -->
          <reporter-output>
          </reporter-output>
        </test-method> <!-- advocateSchedulecreateeventTest -->
        <test-method is-config="true" signature="tearDown()[pri:0, instance:cuesz.liveperform.advocate.Case73_viewjoinLiveperformcoachtest@1807f5a7]" started-at="2023-10-30T22:56:08 IST" name="tearDown" finished-at="2023-10-30T22:56:08 IST" duration-ms="531" status="PASS">
          <reporter-output>
          </reporter-output>
        </test-method> <!-- tearDown -->
      </class> <!-- cuesz.liveperform.advocate.Case73_viewjoinLiveperformcoachtest -->
    </test> <!-- Test11 -->
  </suite> <!-- Suite11 -->
</testng-results>
