<?xml version="1.0" encoding="UTF-8"?>
<testng-results ignored="0" total="1" passed="1" failed="0" skipped="0">
  <reporter-output>
  </reporter-output>
  <suite started-at="2023-11-05T21:19:05 IST" name="Default suite" finished-at="2023-11-05T21:20:47 IST" duration-ms="102675">
    <groups>
    </groups>
    <test started-at="2023-11-05T21:19:05 IST" name="Default test" finished-at="2023-11-05T21:20:47 IST" duration-ms="102675">
      <class name="cuesz.membersummarytest.advocate.Case30_MS_Deletenewgoaltest">
        <test-method is-config="true" signature="setUp()[pri:0, instance:cuesz.membersummarytest.advocate.Case30_MS_Deletenewgoaltest@387a8303]" started-at="2023-11-05T21:19:05 IST" name="setUp" finished-at="2023-11-05T21:19:08 IST" duration-ms="3542" status="PASS">
          <reporter-output>
          </reporter-output>
        </test-method> <!-- setUp -->
        <test-method signature="advocatdeletegoaltTest()[pri:0, instance:cuesz.membersummarytest.advocate.Case30_MS_Deletenewgoaltest@387a8303]" started-at="2023-11-05T21:19:08 IST" name="advocatdeletegoaltTest" finished-at="2023-11-05T21:20:46 IST" duration-ms="97312" status="PASS">
          <reporter-output>
          </reporter-output>
        </test-method> <!-- advocatdeletegoaltTest -->
        <test-method is-config="true" signature="tearDown()[pri:0, instance:cuesz.membersummarytest.advocate.Case30_MS_Deletenewgoaltest@387a8303]" started-at="2023-11-05T21:20:46 IST" name="tearDown" finished-at="2023-11-05T21:20:47 IST" duration-ms="893" status="PASS">
          <reporter-output>
          </reporter-output>
        </test-method> <!-- tearDown -->
      </class> <!-- cuesz.membersummarytest.advocate.Case30_MS_Deletenewgoaltest -->
    </test> <!-- Default test -->
  </suite> <!-- Default suite -->
</testng-results>
