<?xml version="1.0" encoding="UTF-8"?>
<testng-results ignored="0" total="1" passed="1" failed="0" skipped="0">
  <reporter-output>
  </reporter-output>
  <suite started-at="2023-12-12T12:55:10Z" name="Default suite" finished-at="2023-12-12T12:57:21Z" duration-ms="130843">
    <groups>
    </groups>
    <test started-at="2023-12-12T12:55:10Z" name="Default test" finished-at="2023-12-12T12:57:21Z" duration-ms="130843">
      <class name="cuesz03.Iosapp_member_home_Fuelscreen.Case46_Fuel_Addandevent_additional">
        <test-method is-config="true" signature="Cueszbase()[pri:0, instance:cuesz03.Iosapp_member_home_Fuelscreen.Case46_Fuel_Addandevent_additional@6fb365ed]" started-at="2023-12-12T18:25:10Z" name="Cueszbase" finished-at="2023-12-12T18:25:11Z" duration-ms="1085" status="PASS">
          <reporter-output>
          </reporter-output>
        </test-method> <!-- Cueszbase -->
        <test-method signature="Fuel_addaneventadditionalcase()[pri:0, instance:cuesz03.Iosapp_member_home_Fuelscreen.Case46_Fuel_Addandevent_additional@6fb365ed]" started-at="2023-12-12T18:25:11Z" name="Fuel_addaneventadditionalcase" finished-at="2023-12-12T18:27:21Z" duration-ms="129668" status="PASS">
          <reporter-output>
          </reporter-output>
        </test-method> <!-- Fuel_addaneventadditionalcase -->
        <test-method is-config="true" signature="tearDown()[pri:0, instance:cuesz03.Iosapp_member_home_Fuelscreen.Case46_Fuel_Addandevent_additional@6fb365ed]" started-at="2023-12-12T18:27:21Z" name="tearDown" finished-at="2023-12-12T18:27:21Z" duration-ms="12" status="PASS">
          <reporter-output>
          </reporter-output>
        </test-method> <!-- tearDown -->
      </class> <!-- cuesz03.Iosapp_member_home_Fuelscreen.Case46_Fuel_Addandevent_additional -->
    </test> <!-- Default test -->
  </suite> <!-- Default suite -->
</testng-results>
