<?xml version="1.0" encoding="UTF-8"?>
<testng-results ignored="0" total="1" passed="1" failed="0" skipped="0">
  <reporter-output>
  </reporter-output>
  <suite started-at="2023-10-26T13:48:35Z" name="Default suite" finished-at="2023-10-26T13:50:11Z" duration-ms="96388">
    <groups>
    </groups>
    <test started-at="2023-10-26T13:48:35Z" name="Default test" finished-at="2023-10-26T13:50:11Z" duration-ms="96388">
      <class name="cuesz03.Iosapp_member_home_Fuelscreen.Case09_Fuel_optimalfuel">
        <test-method is-config="true" signature="Cueszbase()[pri:0, instance:cuesz03.Iosapp_member_home_Fuelscreen.Case09_Fuel_optimalfuel@6fb365ed]" started-at="2023-10-26T19:18:35Z" name="Cueszbase" finished-at="2023-10-26T19:19:02Z" duration-ms="27241" status="PASS">
          <reporter-output>
          </reporter-output>
        </test-method> <!-- Cueszbase -->
        <test-method signature="Homescreen()[pri:0, instance:cuesz03.Iosapp_member_home_Fuelscreen.Case09_Fuel_optimalfuel@6fb365ed]" started-at="2023-10-26T19:19:02Z" name="Homescreen" finished-at="2023-10-26T19:20:11Z" duration-ms="68888" status="PASS">
          <reporter-output>
          </reporter-output>
        </test-method> <!-- Homescreen -->
        <test-method is-config="true" signature="tearDown()[pri:0, instance:cuesz03.Iosapp_member_home_Fuelscreen.Case09_Fuel_optimalfuel@6fb365ed]" started-at="2023-10-26T19:20:11Z" name="tearDown" finished-at="2023-10-26T19:20:11Z" duration-ms="25" status="PASS">
          <reporter-output>
          </reporter-output>
        </test-method> <!-- tearDown -->
      </class> <!-- cuesz03.Iosapp_member_home_Fuelscreen.Case09_Fuel_optimalfuel -->
    </test> <!-- Default test -->
  </suite> <!-- Default suite -->
</testng-results>
