<?xml version="1.0" encoding="UTF-8"?>
<testng-results ignored="0" total="1" passed="1" failed="0" skipped="0">
  <reporter-output>
  </reporter-output>
  <suite started-at="2023-12-22T09:49:04Z" name="Default suite" finished-at="2023-12-22T09:49:34Z" duration-ms="30098">
    <groups>
    </groups>
    <test started-at="2023-12-22T09:49:04Z" name="Default test" finished-at="2023-12-22T09:49:34Z" duration-ms="30098">
      <class name="cuesz02.Iosapp_member_home_PerformScreen.Case18_Perform_nextweekactivity">
        <test-method is-config="true" signature="Cueszbase()[pri:0, instance:cuesz02.Iosapp_member_home_PerformScreen.Case18_Perform_nextweekactivity@74bada02]" started-at="2023-12-22T15:19:04Z" name="Cueszbase" finished-at="2023-12-22T15:19:05Z" duration-ms="1103" status="PASS">
          <reporter-output>
          </reporter-output>
        </test-method> <!-- Cueszbase -->
        <test-method signature="HomescreenLiveperfrom()[pri:0, instance:cuesz02.Iosapp_member_home_PerformScreen.Case18_Perform_nextweekactivity@74bada02]" started-at="2023-12-22T15:19:05Z" name="HomescreenLiveperfrom" finished-at="2023-12-22T15:19:34Z" duration-ms="28909" status="PASS">
          <reporter-output>
          </reporter-output>
        </test-method> <!-- HomescreenLiveperfrom -->
        <test-method is-config="true" signature="tearDown()[pri:0, instance:cuesz02.Iosapp_member_home_PerformScreen.Case18_Perform_nextweekactivity@74bada02]" started-at="2023-12-22T15:19:34Z" name="tearDown" finished-at="2023-12-22T15:19:34Z" duration-ms="15" status="PASS">
          <reporter-output>
          </reporter-output>
        </test-method> <!-- tearDown -->
      </class> <!-- cuesz02.Iosapp_member_home_PerformScreen.Case18_Perform_nextweekactivity -->
    </test> <!-- Default test -->
  </suite> <!-- Default suite -->
</testng-results>
