<?xml version="1.0" encoding="UTF-8"?>
<testng-results ignored="0" total="1" passed="1" failed="0" skipped="0">
  <reporter-output>
  </reporter-output>
  <suite started-at="2023-10-30T22:07:02 IST" name="Default suite" finished-at="2023-10-30T22:09:10 IST" duration-ms="127532">
    <groups>
    </groups>
    <test started-at="2023-10-30T22:07:02 IST" name="Default test" finished-at="2023-10-30T22:09:10 IST" duration-ms="127532">
      <class name="cuesz.logictest.advocate.Case42_MSL_Performtest">
        <test-method is-config="true" signature="setUp()[pri:0, instance:cuesz.logictest.advocate.Case42_MSL_Performtest@387a8303]" started-at="2023-10-30T22:07:02 IST" name="setUp" finished-at="2023-10-30T22:07:07 IST" duration-ms="4967" status="PASS">
          <reporter-output>
          </reporter-output>
        </test-method> <!-- setUp -->
        <test-method signature="advocatelogicmemberTest()[pri:0, instance:cuesz.logictest.advocate.Case42_MSL_Performtest@387a8303]" started-at="2023-10-30T22:07:07 IST" name="advocatelogicmemberTest" finished-at="2023-10-30T22:09:09 IST" duration-ms="121480" status="PASS">
          <reporter-output>
          </reporter-output>
        </test-method> <!-- advocatelogicmemberTest -->
        <test-method is-config="true" signature="tearDown()[pri:0, instance:cuesz.logictest.advocate.Case42_MSL_Performtest@387a8303]" started-at="2023-10-30T22:09:09 IST" name="tearDown" finished-at="2023-10-30T22:09:10 IST" duration-ms="822" status="PASS">
          <reporter-output>
          </reporter-output>
        </test-method> <!-- tearDown -->
      </class> <!-- cuesz.logictest.advocate.Case42_MSL_Performtest -->
    </test> <!-- Default test -->
  </suite> <!-- Default suite -->
</testng-results>
