<?xml version="1.0" encoding="UTF-8"?>
<testng-results ignored="0" total="1" passed="1" failed="0" skipped="0">
  <reporter-output>
  </reporter-output>
  <suite started-at="2023-09-01T18:33:52 IST" name="Default suite" finished-at="2023-09-01T18:35:15 IST" duration-ms="83127">
    <groups>
    </groups>
    <test started-at="2023-09-01T18:33:52 IST" name="Default test" finished-at="2023-09-01T18:35:15 IST" duration-ms="83127">
      <class name="cuesz.membersummarygraph.advocate.Case63_CorrelationAnalysistest2extendetest">
        <test-method is-config="true" signature="setUp()[pri:0, instance:cuesz.membersummarygraph.advocate.Case63_CorrelationAnalysistest2extendetest@6f204a1a]" started-at="2023-09-01T18:33:52 IST" name="setUp" finished-at="2023-09-01T18:33:56 IST" duration-ms="4134" status="PASS">
          <reporter-output>
          </reporter-output>
        </test-method> <!-- setUp -->
        <test-method signature="advocateMemberhoverTest()[pri:0, instance:cuesz.membersummarygraph.advocate.Case63_CorrelationAnalysistest2extendetest@6f204a1a]" started-at="2023-09-01T18:33:56 IST" name="advocateMemberhoverTest" finished-at="2023-09-01T18:35:14 IST" duration-ms="78541" status="PASS">
          <reporter-output>
          </reporter-output>
        </test-method> <!-- advocateMemberhoverTest -->
        <test-method is-config="true" signature="tearDown()[pri:0, instance:cuesz.membersummarygraph.advocate.Case63_CorrelationAnalysistest2extendetest@6f204a1a]" started-at="2023-09-01T18:35:14 IST" name="tearDown" finished-at="2023-09-01T18:35:15 IST" duration-ms="406" status="PASS">
          <reporter-output>
          </reporter-output>
        </test-method> <!-- tearDown -->
      </class> <!-- cuesz.membersummarygraph.advocate.Case63_CorrelationAnalysistest2extendetest -->
    </test> <!-- Default test -->
  </suite> <!-- Default suite -->
</testng-results>
