<?xml version="1.0" encoding="UTF-8"?>
<testng-results ignored="0" total="1" passed="1" failed="0" skipped="0">
  <reporter-output>
  </reporter-output>
  <suite started-at="2023-12-08T07:47:35Z" name="Default suite" finished-at="2023-12-08T07:47:57Z" duration-ms="22157">
    <groups>
    </groups>
    <test started-at="2023-12-08T07:47:35Z" name="Default test" finished-at="2023-12-08T07:47:57Z" duration-ms="22157">
      <class name="cuesz.logintest.AdvocateLogin">
        <test-method is-config="true" signature="setUp()[pri:0, instance:cuesz.logintest.AdvocateLogin@58326051]" started-at="2023-12-08T13:17:35Z" name="setUp" finished-at="2023-12-08T13:17:54Z" duration-ms="19160" status="PASS">
          <reporter-output>
          </reporter-output>
        </test-method> <!-- setUp -->
        <test-method signature="testAdvocateLogin()[pri:0, instance:cuesz.logintest.AdvocateLogin@58326051]" started-at="2023-12-08T13:17:54Z" name="testAdvocateLogin" finished-at="2023-12-08T13:17:57Z" duration-ms="2921" status="PASS">
          <reporter-output>
          </reporter-output>
        </test-method> <!-- testAdvocateLogin -->
      </class> <!-- cuesz.logintest.AdvocateLogin -->
    </test> <!-- Default test -->
  </suite> <!-- Default suite -->
</testng-results>
