<?xml version="1.0" encoding="UTF-8"?>
<testng-results ignored="0" total="1" passed="1" failed="0" skipped="0">
  <reporter-output>
  </reporter-output>
  <suite started-at="2023-09-12T13:05:13 IST" name="Default suite" finished-at="2023-09-12T13:06:29 IST" duration-ms="76091">
    <groups>
    </groups>
    <test started-at="2023-09-12T13:05:13 IST" name="Default test" finished-at="2023-09-12T13:06:29 IST" duration-ms="76091">
      <class name="cuesz.membersummarytest.advocate.Case23_MS_performactivitytest">
        <test-method is-config="true" signature="setUp()[pri:0, instance:cuesz.membersummarytest.advocate.Case23_MS_performactivitytest@8ad6665]" started-at="2023-09-12T13:05:13 IST" name="setUp" finished-at="2023-09-12T13:05:16 IST" duration-ms="3182" status="PASS">
          <reporter-output>
          </reporter-output>
        </test-method> <!-- setUp -->
        <test-method signature="advocateperformactivityTest()[pri:0, instance:cuesz.membersummarytest.advocate.Case23_MS_performactivitytest@8ad6665]" started-at="2023-09-12T13:05:16 IST" name="advocateperformactivityTest" finished-at="2023-09-12T13:06:29 IST" duration-ms="72349" status="PASS">
          <reporter-output>
          </reporter-output>
        </test-method> <!-- advocateperformactivityTest -->
        <test-method is-config="true" signature="tearDown()[pri:0, instance:cuesz.membersummarytest.advocate.Case23_MS_performactivitytest@8ad6665]" started-at="2023-09-12T13:06:29 IST" name="tearDown" finished-at="2023-09-12T13:06:29 IST" duration-ms="417" status="PASS">
          <reporter-output>
          </reporter-output>
        </test-method> <!-- tearDown -->
      </class> <!-- cuesz.membersummarytest.advocate.Case23_MS_performactivitytest -->
    </test> <!-- Default test -->
  </suite> <!-- Default suite -->
</testng-results>
