<?xml version="1.0" encoding="UTF-8"?>
<testng-results ignored="0" total="1" passed="1" failed="0" skipped="0">
  <reporter-output>
  </reporter-output>
  <suite started-at="2023-09-03T12:20:22 IST" name="Default suite" finished-at="2023-09-03T12:21:43 IST" duration-ms="80998">
    <groups>
    </groups>
    <test started-at="2023-09-03T12:20:22 IST" name="Default test" finished-at="2023-09-03T12:21:43 IST" duration-ms="80998">
      <class name="cuesz.membersummary.fuelreport.advocate.Case67_Fueldashboardtest">
        <test-method is-config="true" signature="setUp()[pri:0, instance:cuesz.membersummary.fuelreport.advocate.Case67_Fueldashboardtest@130d63be]" started-at="2023-09-03T12:20:22 IST" name="setUp" finished-at="2023-09-03T12:20:26 IST" duration-ms="4019" status="PASS">
          <reporter-output>
          </reporter-output>
        </test-method> <!-- setUp -->
        <test-method signature="advocateMemberhoverTest()[pri:0, instance:cuesz.membersummary.fuelreport.advocate.Case67_Fueldashboardtest@130d63be]" started-at="2023-09-03T12:20:26 IST" name="advocateMemberhoverTest" finished-at="2023-09-03T12:21:42 IST" duration-ms="75707" status="PASS">
          <reporter-output>
          </reporter-output>
        </test-method> <!-- advocateMemberhoverTest -->
        <test-method is-config="true" signature="tearDown()[pri:0, instance:cuesz.membersummary.fuelreport.advocate.Case67_Fueldashboardtest@130d63be]" started-at="2023-09-03T12:21:42 IST" name="tearDown" finished-at="2023-09-03T12:21:43 IST" duration-ms="1221" status="PASS">
          <reporter-output>
          </reporter-output>
        </test-method> <!-- tearDown -->
      </class> <!-- cuesz.membersummary.fuelreport.advocate.Case67_Fueldashboardtest -->
    </test> <!-- Default test -->
  </suite> <!-- Default suite -->
</testng-results>
