<?xml version="1.0" encoding="UTF-8"?>
<testng-results ignored="0" total="1" passed="1" failed="0" skipped="0">
  <reporter-output>
  </reporter-output>
  <suite started-at="2023-10-30T22:42:09 IST" name="Default suite" finished-at="2023-10-30T22:43:57 IST" duration-ms="107808">
    <groups>
    </groups>
    <test started-at="2023-10-30T22:42:09 IST" name="Default test" finished-at="2023-10-30T22:43:57 IST" duration-ms="107808">
      <class name="cuesz.logictest.advocate.Case42_01_MSL_Perform_currentdaytest">
        <test-method is-config="true" signature="setUp()[pri:0, instance:cuesz.logictest.advocate.Case42_01_MSL_Perform_currentdaytest@387a8303]" started-at="2023-10-30T22:42:09 IST" name="setUp" finished-at="2023-10-30T22:42:13 IST" duration-ms="4254" status="PASS">
          <reporter-output>
          </reporter-output>
        </test-method> <!-- setUp -->
        <test-method signature="advocatelogicmemberTest()[pri:0, instance:cuesz.logictest.advocate.Case42_01_MSL_Perform_currentdaytest@387a8303]" started-at="2023-10-30T22:42:14 IST" name="advocatelogicmemberTest" finished-at="2023-10-30T22:43:56 IST" duration-ms="102771" status="PASS">
          <reporter-output>
          </reporter-output>
        </test-method> <!-- advocatelogicmemberTest -->
        <test-method is-config="true" signature="tearDown()[pri:0, instance:cuesz.logictest.advocate.Case42_01_MSL_Perform_currentdaytest@387a8303]" started-at="2023-10-30T22:43:56 IST" name="tearDown" finished-at="2023-10-30T22:43:57 IST" duration-ms="569" status="PASS">
          <reporter-output>
          </reporter-output>
        </test-method> <!-- tearDown -->
      </class> <!-- cuesz.logictest.advocate.Case42_01_MSL_Perform_currentdaytest -->
    </test> <!-- Default test -->
  </suite> <!-- Default suite -->
</testng-results>
