<?xml version="1.0" encoding="UTF-8"?>
<testng-results ignored="0" total="1" passed="1" failed="0" skipped="0">
  <reporter-output>
  </reporter-output>
  <suite started-at="2023-09-15T19:18:54 IST" name="Default suite" finished-at="2023-09-15T19:19:52 IST" duration-ms="57877">
    <groups>
    </groups>
    <test started-at="2023-09-15T19:18:54 IST" name="Default test" finished-at="2023-09-15T19:19:52 IST" duration-ms="57877">
      <class name="cuesz.liveperform.advocate.Case73_viewjoinLiveperformcoachtest">
        <test-method is-config="true" signature="setUp()[pri:0, instance:cuesz.liveperform.advocate.Case73_viewjoinLiveperformcoachtest@ee86bcb]" started-at="2023-09-15T19:18:54 IST" name="setUp" finished-at="2023-09-15T19:18:57 IST" duration-ms="2777" status="PASS">
          <reporter-output>
          </reporter-output>
        </test-method> <!-- setUp -->
        <test-method signature="advocateSchedulecreateeventTest()[pri:0, instance:cuesz.liveperform.advocate.Case73_viewjoinLiveperformcoachtest@ee86bcb]" started-at="2023-09-15T19:18:57 IST" name="advocateSchedulecreateeventTest" finished-at="2023-09-15T19:19:52 IST" duration-ms="54753" status="PASS">
          <reporter-output>
          </reporter-output>
        </test-method> <!-- advocateSchedulecreateeventTest -->
        <test-method is-config="true" signature="tearDown()[pri:0, instance:cuesz.liveperform.advocate.Case73_viewjoinLiveperformcoachtest@ee86bcb]" started-at="2023-09-15T19:19:52 IST" name="tearDown" finished-at="2023-09-15T19:19:52 IST" duration-ms="225" status="PASS">
          <reporter-output>
          </reporter-output>
        </test-method> <!-- tearDown -->
      </class> <!-- cuesz.liveperform.advocate.Case73_viewjoinLiveperformcoachtest -->
    </test> <!-- Default test -->
  </suite> <!-- Default suite -->
</testng-results>
