<?xml version="1.0" encoding="UTF-8"?>
<testng-results ignored="0" total="1" passed="1" failed="0" skipped="0">
  <reporter-output>
  </reporter-output>
  <suite started-at="2023-11-26T09:37:15 IST" name="Default suite" finished-at="2023-11-26T09:39:25 IST" duration-ms="129861">
    <groups>
    </groups>
    <test started-at="2023-11-26T09:37:15 IST" name="Default test" finished-at="2023-11-26T09:39:25 IST" duration-ms="129861">
      <class name="cuesz.logictest.advocate.Case42_MSL_Performtest">
        <test-method is-config="true" signature="setUp()[pri:0, instance:cuesz.logictest.advocate.Case42_MSL_Performtest@387a8303]" started-at="2023-11-26T09:37:15 IST" name="setUp" finished-at="2023-11-26T09:37:22 IST" duration-ms="6702" status="PASS">
          <reporter-output>
          </reporter-output>
        </test-method> <!-- setUp -->
        <test-method signature="advocatelogicmemberTest()[pri:0, instance:cuesz.logictest.advocate.Case42_MSL_Performtest@387a8303]" started-at="2023-11-26T09:37:22 IST" name="advocatelogicmemberTest" finished-at="2023-11-26T09:39:23 IST" duration-ms="121157" status="PASS">
          <reporter-output>
          </reporter-output>
        </test-method> <!-- advocatelogicmemberTest -->
        <test-method is-config="true" signature="tearDown()[pri:0, instance:cuesz.logictest.advocate.Case42_MSL_Performtest@387a8303]" started-at="2023-11-26T09:39:23 IST" name="tearDown" finished-at="2023-11-26T09:39:25 IST" duration-ms="1496" status="PASS">
          <reporter-output>
          </reporter-output>
        </test-method> <!-- tearDown -->
      </class> <!-- cuesz.logictest.advocate.Case42_MSL_Performtest -->
    </test> <!-- Default test -->
  </suite> <!-- Default suite -->
</testng-results>
