<?xml version="1.0" encoding="UTF-8"?>
<testng-results ignored="0" total="1" passed="1" failed="0" skipped="0">
  <reporter-output>
  </reporter-output>
  <suite started-at="2023-12-26T05:51:21Z" name="Default suite" finished-at="2023-12-26T05:51:41Z" duration-ms="19936">
    <groups>
    </groups>
    <test started-at="2023-12-26T05:51:21Z" name="Default test" finished-at="2023-12-26T05:51:41Z" duration-ms="19936">
      <class name="cuesz.logintest.AdvocateLogin">
        <test-method is-config="true" signature="setUp()[pri:0, instance:cuesz.logintest.AdvocateLogin@64bce832]" started-at="2023-12-26T11:21:21Z" name="setUp" finished-at="2023-12-26T11:21:37Z" duration-ms="16246" status="PASS">
          <reporter-output>
          </reporter-output>
        </test-method> <!-- setUp -->
        <test-method signature="testAdvocateLogin()[pri:0, instance:cuesz.logintest.AdvocateLogin@64bce832]" started-at="2023-12-26T11:21:37Z" name="testAdvocateLogin" finished-at="2023-12-26T11:21:41Z" duration-ms="3608" status="PASS">
          <reporter-output>
          </reporter-output>
        </test-method> <!-- testAdvocateLogin -->
      </class> <!-- cuesz.logintest.AdvocateLogin -->
    </test> <!-- Default test -->
  </suite> <!-- Default suite -->
</testng-results>
