<?xml version="1.0" encoding="UTF-8"?>
<testng-results ignored="0" total="1" passed="1" failed="0" skipped="0">
  <reporter-output>
  </reporter-output>
  <suite started-at="2023-09-21T11:09:38 IST" name="Default suite" finished-at="2023-09-21T11:10:31 IST" duration-ms="52144">
    <groups>
    </groups>
    <test started-at="2023-09-21T11:09:38 IST" name="Default test" finished-at="2023-09-21T11:10:31 IST" duration-ms="52144">
      <class name="cuesz.logictest.advocate.Case43_MSL_Fueltest">
        <test-method is-config="true" signature="setUp()[pri:0, instance:cuesz.logictest.advocate.Case43_MSL_Fueltest@8ad6665]" started-at="2023-09-21T11:09:38 IST" name="setUp" finished-at="2023-09-21T11:09:41 IST" duration-ms="2756" status="PASS">
          <reporter-output>
          </reporter-output>
        </test-method> <!-- setUp -->
        <test-method signature="advocatelogicmemberTest()[pri:0, instance:cuesz.logictest.advocate.Case43_MSL_Fueltest@8ad6665]" started-at="2023-09-21T11:09:41 IST" name="advocatelogicmemberTest" finished-at="2023-09-21T11:10:30 IST" duration-ms="49104" status="PASS">
          <reporter-output>
          </reporter-output>
        </test-method> <!-- advocatelogicmemberTest -->
        <test-method is-config="true" signature="tearDown()[pri:0, instance:cuesz.logictest.advocate.Case43_MSL_Fueltest@8ad6665]" started-at="2023-09-21T11:10:30 IST" name="tearDown" finished-at="2023-09-21T11:10:31 IST" duration-ms="167" status="PASS">
          <reporter-output>
          </reporter-output>
        </test-method> <!-- tearDown -->
      </class> <!-- cuesz.logictest.advocate.Case43_MSL_Fueltest -->
    </test> <!-- Default test -->
  </suite> <!-- Default suite -->
</testng-results>
