<?xml version="1.0" encoding="UTF-8"?>
<testng-results ignored="0" total="1" passed="1" failed="0" skipped="0">
  <reporter-output>
  </reporter-output>
  <suite started-at="2023-08-18T18:51:14 IST" name="Default suite" finished-at="2023-08-18T18:52:07 IST" duration-ms="52939">
    <groups>
    </groups>
    <test started-at="2023-08-18T18:51:14 IST" name="Default test" finished-at="2023-08-18T18:52:07 IST" duration-ms="52939">
      <class name="cuesz.membersummarytest.advocate.Case33_MS_Uploadposturetest">
        <test-method is-config="true" signature="setUp()[pri:0, instance:cuesz.membersummarytest.advocate.Case33_MS_Uploadposturetest@48e1f6c7]" started-at="2023-08-18T18:51:14 IST" name="setUp" finished-at="2023-08-18T18:51:17 IST" duration-ms="2717" status="PASS">
          <reporter-output>
          </reporter-output>
        </test-method> <!-- setUp -->
        <test-method signature="advocateScheduleEventTest()[pri:0, instance:cuesz.membersummarytest.advocate.Case33_MS_Uploadposturetest@48e1f6c7]" started-at="2023-08-18T18:51:17 IST" name="advocateScheduleEventTest" finished-at="2023-08-18T18:52:07 IST" duration-ms="50008" status="PASS">
          <reporter-output>
          </reporter-output>
        </test-method> <!-- advocateScheduleEventTest -->
        <test-method is-config="true" signature="tearDown()[pri:0, instance:cuesz.membersummarytest.advocate.Case33_MS_Uploadposturetest@48e1f6c7]" started-at="2023-08-18T18:52:07 IST" name="tearDown" finished-at="2023-08-18T18:52:07 IST" duration-ms="161" status="PASS">
          <reporter-output>
          </reporter-output>
        </test-method> <!-- tearDown -->
      </class> <!-- cuesz.membersummarytest.advocate.Case33_MS_Uploadposturetest -->
    </test> <!-- Default test -->
  </suite> <!-- Default suite -->
</testng-results>
