<?xml version="1.0" encoding="UTF-8"?>
<testng-results ignored="0" total="1" passed="1" failed="0" skipped="0">
  <reporter-output>
  </reporter-output>
  <suite started-at="2023-12-15T13:41:14Z" name="Default suite" finished-at="2023-12-15T13:41:43Z" duration-ms="28500">
    <groups>
    </groups>
    <test started-at="2023-12-15T13:41:14Z" name="Default test" finished-at="2023-12-15T13:41:43Z" duration-ms="28500">
      <class name="ApiTestScript.YourTestClass">
        <test-method signature="testTeamMemberApi()[pri:0, instance:ApiTestScript.YourTestClass@30e868be]" started-at="2023-12-15T19:11:14Z" name="testTeamMemberApi" finished-at="2023-12-15T19:11:43Z" duration-ms="28425" status="PASS">
          <reporter-output>
          </reporter-output>
        </test-method> <!-- testTeamMemberApi -->
      </class> <!-- ApiTestScript.YourTestClass -->
    </test> <!-- Default test -->
  </suite> <!-- Default suite -->
</testng-results>
