<?xml version="1.0" encoding="UTF-8"?>
<testng-results ignored="0" total="1" passed="1" failed="0" skipped="0">
  <reporter-output>
  </reporter-output>
  <suite started-at="2023-08-30T00:48:21 IST" name="Default suite" finished-at="2023-08-30T00:49:17 IST" duration-ms="55956">
    <groups>
    </groups>
    <test started-at="2023-08-30T00:48:21 IST" name="Default test" finished-at="2023-08-30T00:49:17 IST" duration-ms="55956">
      <class name="cuesz.membersummarygraph.advocate.Case61_InsightsDashboardtest">
        <test-method is-config="true" signature="setUp()[pri:0, instance:cuesz.membersummarygraph.advocate.Case61_InsightsDashboardtest@130d63be]" started-at="2023-08-30T00:48:21 IST" name="setUp" finished-at="2023-08-30T00:48:25 IST" duration-ms="4076" status="PASS">
          <reporter-output>
          </reporter-output>
        </test-method> <!-- setUp -->
        <test-method signature="advocateMemberhoverTest()[pri:0, instance:cuesz.membersummarygraph.advocate.Case61_InsightsDashboardtest@130d63be]" started-at="2023-08-30T00:48:25 IST" name="advocateMemberhoverTest" finished-at="2023-08-30T00:49:16 IST" duration-ms="50617" status="PASS">
          <reporter-output>
          </reporter-output>
        </test-method> <!-- advocateMemberhoverTest -->
        <test-method is-config="true" signature="tearDown()[pri:0, instance:cuesz.membersummarygraph.advocate.Case61_InsightsDashboardtest@130d63be]" started-at="2023-08-30T00:49:16 IST" name="tearDown" finished-at="2023-08-30T00:49:17 IST" duration-ms="1194" status="PASS">
          <reporter-output>
          </reporter-output>
        </test-method> <!-- tearDown -->
      </class> <!-- cuesz.membersummarygraph.advocate.Case61_InsightsDashboardtest -->
    </test> <!-- Default test -->
  </suite> <!-- Default suite -->
</testng-results>
