<?xml version="1.0" encoding="UTF-8"?>
<testng-results ignored="0" total="1" passed="1" failed="0" skipped="0">
  <reporter-output>
  </reporter-output>
  <suite started-at="2023-09-23T03:31:32Z" name="Default suite" finished-at="2023-09-23T03:32:18Z" duration-ms="46250">
    <groups>
    </groups>
    <test started-at="2023-09-23T03:31:32Z" name="Default test" finished-at="2023-09-23T03:32:18Z" duration-ms="46250">
      <class name="cuesz.membersummarytest.advocate.Case33_MS_Uploadposturetest">
        <test-method is-config="true" signature="setUp()[pri:0, instance:cuesz.membersummarytest.advocate.Case33_MS_Uploadposturetest@2ef14fe]" started-at="2023-09-23T09:01:32Z" name="setUp" finished-at="2023-09-23T09:01:34Z" duration-ms="2031" status="PASS">
          <reporter-output>
          </reporter-output>
        </test-method> <!-- setUp -->
        <test-method signature="advocateScheduleEventTest()[pri:0, instance:cuesz.membersummarytest.advocate.Case33_MS_Uploadposturetest@2ef14fe]" started-at="2023-09-23T09:01:34Z" name="advocateScheduleEventTest" finished-at="2023-09-23T09:02:18Z" duration-ms="44002" status="PASS">
          <reporter-output>
          </reporter-output>
        </test-method> <!-- advocateScheduleEventTest -->
        <test-method is-config="true" signature="tearDown()[pri:0, instance:cuesz.membersummarytest.advocate.Case33_MS_Uploadposturetest@2ef14fe]" started-at="2023-09-23T09:02:18Z" name="tearDown" finished-at="2023-09-23T09:02:18Z" duration-ms="160" status="PASS">
          <reporter-output>
          </reporter-output>
        </test-method> <!-- tearDown -->
      </class> <!-- cuesz.membersummarytest.advocate.Case33_MS_Uploadposturetest -->
    </test> <!-- Default test -->
  </suite> <!-- Default suite -->
</testng-results>
