<?xml version="1.0" encoding="UTF-8"?>
<testng-results ignored="0" total="1" passed="1" failed="0" skipped="0">
  <reporter-output>
  </reporter-output>
  <suite started-at="2023-12-15T12:45:20Z" name="Default suite" finished-at="2023-12-15T12:45:49Z" duration-ms="28501">
    <groups>
    </groups>
    <test started-at="2023-12-15T12:45:20Z" name="Default test" finished-at="2023-12-15T12:45:49Z" duration-ms="28501">
      <class name="ApiTestScript.YourTestClass">
        <test-method signature="testTeamMemberApi()[pri:0, instance:ApiTestScript.YourTestClass@7dda48d9]" started-at="2023-12-15T18:15:20Z" name="testTeamMemberApi" finished-at="2023-12-15T18:15:49Z" duration-ms="28422" status="PASS">
          <reporter-output>
          </reporter-output>
        </test-method> <!-- testTeamMemberApi -->
      </class> <!-- ApiTestScript.YourTestClass -->
    </test> <!-- Default test -->
  </suite> <!-- Default suite -->
</testng-results>
