<?xml version="1.0" encoding="UTF-8"?>
<testng-results ignored="0" total="1" passed="1" failed="0" skipped="0">
  <reporter-output>
  </reporter-output>
  <suite started-at="2023-10-27T13:24:58Z" name="Default suite" finished-at="2023-10-27T13:26:12Z" duration-ms="74685">
    <groups>
    </groups>
    <test started-at="2023-10-27T13:24:58Z" name="Default test" finished-at="2023-10-27T13:26:12Z" duration-ms="74685">
      <class name="cuesz03.Iosapp_member_home_Fuelscreen.Case21_Fuel_breakfast">
        <test-method is-config="true" signature="Cueszbase()[pri:0, instance:cuesz03.Iosapp_member_home_Fuelscreen.Case21_Fuel_breakfast@6e950bcf]" started-at="2023-10-27T18:54:58Z" name="Cueszbase" finished-at="2023-10-27T18:55:01Z" duration-ms="3247" status="PASS">
          <reporter-output>
          </reporter-output>
        </test-method> <!-- Cueszbase -->
        <test-method signature="Homescreen()[pri:0, instance:cuesz03.Iosapp_member_home_Fuelscreen.Case21_Fuel_breakfast@6e950bcf]" started-at="2023-10-27T18:55:01Z" name="Homescreen" finished-at="2023-10-27T18:56:12Z" duration-ms="71331" status="PASS">
          <reporter-output>
          </reporter-output>
        </test-method> <!-- Homescreen -->
        <test-method is-config="true" signature="tearDown()[pri:0, instance:cuesz03.Iosapp_member_home_Fuelscreen.Case21_Fuel_breakfast@6e950bcf]" started-at="2023-10-27T18:56:12Z" name="tearDown" finished-at="2023-10-27T18:56:12Z" duration-ms="14" status="PASS">
          <reporter-output>
          </reporter-output>
        </test-method> <!-- tearDown -->
      </class> <!-- cuesz03.Iosapp_member_home_Fuelscreen.Case21_Fuel_breakfast -->
    </test> <!-- Default test -->
  </suite> <!-- Default suite -->
</testng-results>
