<?xml version="1.0" encoding="UTF-8"?>
<testng-results ignored="0" total="1" passed="1" failed="0" skipped="0">
  <reporter-output>
  </reporter-output>
  <suite started-at="2023-09-08T11:37:29 IST" name="Default suite" finished-at="2023-09-08T11:38:46 IST" duration-ms="76754">
    <groups>
    </groups>
    <test started-at="2023-09-08T11:37:29 IST" name="Default test" finished-at="2023-09-08T11:38:46 IST" duration-ms="76754">
      <class name="cuesz.membersummarytest.advocate.Case25_MS_Mindfulsettingtest">
        <test-method is-config="true" signature="setUp()[pri:0, instance:cuesz.membersummarytest.advocate.Case25_MS_Mindfulsettingtest@32a68f4f]" started-at="2023-09-08T11:37:29 IST" name="setUp" finished-at="2023-09-08T11:37:42 IST" duration-ms="13070" status="PASS">
          <reporter-output>
          </reporter-output>
        </test-method> <!-- setUp -->
        <test-method signature="advocatemindfulsettingTest()[pri:0, instance:cuesz.membersummarytest.advocate.Case25_MS_Mindfulsettingtest@32a68f4f]" started-at="2023-09-08T11:37:42 IST" name="advocatemindfulsettingTest" finished-at="2023-09-08T11:38:46 IST" duration-ms="63331" status="PASS">
          <reporter-output>
          </reporter-output>
        </test-method> <!-- advocatemindfulsettingTest -->
        <test-method is-config="true" signature="tearDown()[pri:0, instance:cuesz.membersummarytest.advocate.Case25_MS_Mindfulsettingtest@32a68f4f]" started-at="2023-09-08T11:38:46 IST" name="tearDown" finished-at="2023-09-08T11:38:46 IST" duration-ms="229" status="PASS">
          <reporter-output>
          </reporter-output>
        </test-method> <!-- tearDown -->
      </class> <!-- cuesz.membersummarytest.advocate.Case25_MS_Mindfulsettingtest -->
    </test> <!-- Default test -->
  </suite> <!-- Default suite -->
</testng-results>
