<?xml version="1.0" encoding="UTF-8"?>
<testng-results ignored="0" total="1" passed="1" failed="0" skipped="0">
  <reporter-output>
  </reporter-output>
  <suite started-at="2023-08-13T00:29:28 IST" name="Default suite" finished-at="2023-08-13T00:30:06 IST" duration-ms="37559">
    <groups>
    </groups>
    <test started-at="2023-08-13T00:29:28 IST" name="Default test" finished-at="2023-08-13T00:30:06 IST" duration-ms="37559">
      <class name="cuesz.schduletest.advocate.Case04_deleteventtest">
        <test-method is-config="true" signature="setUp()[pri:0, instance:cuesz.schduletest.advocate.Case04_deleteventtest@7d8995e]" started-at="2023-08-13T00:29:28 IST" name="setUp" finished-at="2023-08-13T00:29:34 IST" duration-ms="5561" status="PASS">
          <reporter-output>
          </reporter-output>
        </test-method> <!-- setUp -->
        <test-method signature="advocateScheduleEventTest()[pri:0, instance:cuesz.schduletest.advocate.Case04_deleteventtest@7d8995e]" started-at="2023-08-13T00:29:34 IST" name="advocateScheduleEventTest" finished-at="2023-08-13T00:30:05 IST" duration-ms="30915" status="PASS">
          <reporter-output>
          </reporter-output>
        </test-method> <!-- advocateScheduleEventTest -->
        <test-method is-config="true" signature="tearDown()[pri:0, instance:cuesz.schduletest.advocate.Case04_deleteventtest@7d8995e]" started-at="2023-08-13T00:30:05 IST" name="tearDown" finished-at="2023-08-13T00:30:06 IST" duration-ms="984" status="PASS">
          <reporter-output>
          </reporter-output>
        </test-method> <!-- tearDown -->
      </class> <!-- cuesz.schduletest.advocate.Case04_deleteventtest -->
    </test> <!-- Default test -->
  </suite> <!-- Default suite -->
</testng-results>
