<?xml version="1.0" encoding="UTF-8"?>
<testng-results ignored="0" total="1" passed="1" failed="0" skipped="0">
  <reporter-output>
  </reporter-output>
  <suite started-at="2023-10-16T13:59:04Z" name="Default suite" finished-at="2023-10-16T13:59:56Z" duration-ms="51973">
    <groups>
    </groups>
    <test started-at="2023-10-16T13:59:04Z" name="Default test" finished-at="2023-10-16T13:59:56Z" duration-ms="51973">
      <class name="cuesz02.Iosapp_member_home_PerformScreen.Case16_Perform_Vo2">
        <test-method is-config="true" signature="Cueszbase()[pri:0, instance:cuesz02.Iosapp_member_home_PerformScreen.Case16_Perform_Vo2@4f25b795]" started-at="2023-10-16T19:29:04Z" name="Cueszbase" finished-at="2023-10-16T19:29:06Z" duration-ms="1672" status="PASS">
          <reporter-output>
          </reporter-output>
        </test-method> <!-- Cueszbase -->
        <test-method signature="perfom_recommendedactivty()[pri:0, instance:cuesz02.Iosapp_member_home_PerformScreen.Case16_Perform_Vo2@4f25b795]" started-at="2023-10-16T19:29:06Z" name="perfom_recommendedactivty" finished-at="2023-10-16T19:29:56Z" duration-ms="50220" status="PASS">
          <reporter-output>
          </reporter-output>
        </test-method> <!-- perfom_recommendedactivty -->
        <test-method is-config="true" signature="tearDown()[pri:0, instance:cuesz02.Iosapp_member_home_PerformScreen.Case16_Perform_Vo2@4f25b795]" started-at="2023-10-16T19:29:56Z" name="tearDown" finished-at="2023-10-16T19:29:56Z" duration-ms="14" status="PASS">
          <reporter-output>
          </reporter-output>
        </test-method> <!-- tearDown -->
      </class> <!-- cuesz02.Iosapp_member_home_PerformScreen.Case16_Perform_Vo2 -->
    </test> <!-- Default test -->
  </suite> <!-- Default suite -->
</testng-results>
