<?xml version="1.0" encoding="UTF-8"?>
<testng-results ignored="0" total="1" passed="1" failed="0" skipped="0">
  <reporter-output>
  </reporter-output>
  <suite started-at="2023-12-18T10:27:57Z" name="Default suite" finished-at="2023-12-18T10:30:48Z" duration-ms="170746">
    <groups>
    </groups>
    <test started-at="2023-12-18T10:27:57Z" name="Default test" finished-at="2023-12-18T10:30:48Z" duration-ms="170746">
      <class name="cuesz03.Iosapp_member_home_Fuelscreen.Case50_Fuel_Addandevent_Recommendedfuel">
        <test-method is-config="true" signature="Cueszbase()[pri:0, instance:cuesz03.Iosapp_member_home_Fuelscreen.Case50_Fuel_Addandevent_Recommendedfuel@46dffdc3]" started-at="2023-12-18T15:57:57Z" name="Cueszbase" finished-at="2023-12-18T15:58:02Z" duration-ms="4783" status="PASS">
          <reporter-output>
          </reporter-output>
        </test-method> <!-- Cueszbase -->
        <test-method signature="Fuel_addaneventadditionalcasewithpostperformance()[pri:0, instance:cuesz03.Iosapp_member_home_Fuelscreen.Case50_Fuel_Addandevent_Recommendedfuel@46dffdc3]" started-at="2023-12-18T15:58:02Z" name="Fuel_addaneventadditionalcasewithpostperformance" finished-at="2023-12-18T16:00:48Z" duration-ms="165815" status="PASS">
          <reporter-output>
          </reporter-output>
        </test-method> <!-- Fuel_addaneventadditionalcasewithpostperformance -->
        <test-method is-config="true" signature="tearDown()[pri:0, instance:cuesz03.Iosapp_member_home_Fuelscreen.Case50_Fuel_Addandevent_Recommendedfuel@46dffdc3]" started-at="2023-12-18T16:00:48Z" name="tearDown" finished-at="2023-12-18T16:00:48Z" duration-ms="37" status="PASS">
          <reporter-output>
          </reporter-output>
        </test-method> <!-- tearDown -->
      </class> <!-- cuesz03.Iosapp_member_home_Fuelscreen.Case50_Fuel_Addandevent_Recommendedfuel -->
    </test> <!-- Default test -->
  </suite> <!-- Default suite -->
</testng-results>
