<?xml version="1.0" encoding="UTF-8"?>
<testng-results ignored="0" total="1" passed="1" failed="0" skipped="0">
  <reporter-output>
  </reporter-output>
  <suite started-at="2023-09-19T16:34:25 IST" name="Default suite" finished-at="2023-09-19T16:35:01 IST" duration-ms="36140">
    <groups>
    </groups>
    <test started-at="2023-09-19T16:34:25 IST" name="Default test" finished-at="2023-09-19T16:35:01 IST" duration-ms="36140">
      <class name="cuesz.membersummarytest.advocate.Case81_MS_Sleeptimetest">
        <test-method is-config="true" signature="setUp()[pri:0, instance:cuesz.membersummarytest.advocate.Case81_MS_Sleeptimetest@ee86bcb]" started-at="2023-09-19T16:34:25 IST" name="setUp" finished-at="2023-09-19T16:34:28 IST" duration-ms="2725" status="PASS">
          <reporter-output>
          </reporter-output>
        </test-method> <!-- setUp -->
        <test-method signature="advocateScheduleEventTest()[pri:0, instance:cuesz.membersummarytest.advocate.Case81_MS_Sleeptimetest@ee86bcb]" started-at="2023-09-19T16:34:28 IST" name="advocateScheduleEventTest" finished-at="2023-09-19T16:35:01 IST" duration-ms="33113" status="PASS">
          <reporter-output>
          </reporter-output>
        </test-method> <!-- advocateScheduleEventTest -->
        <test-method is-config="true" signature="tearDown()[pri:0, instance:cuesz.membersummarytest.advocate.Case81_MS_Sleeptimetest@ee86bcb]" started-at="2023-09-19T16:35:01 IST" name="tearDown" finished-at="2023-09-19T16:35:01 IST" duration-ms="175" status="PASS">
          <reporter-output>
          </reporter-output>
        </test-method> <!-- tearDown -->
      </class> <!-- cuesz.membersummarytest.advocate.Case81_MS_Sleeptimetest -->
    </test> <!-- Default test -->
  </suite> <!-- Default suite -->
</testng-results>
