<?xml version="1.0" encoding="UTF-8"?>
<testng-results ignored="0" total="1" passed="1" failed="0" skipped="0">
  <reporter-output>
  </reporter-output>
  <suite started-at="2023-12-22T13:25:59Z" name="Default suite" finished-at="2023-12-22T13:28:03Z" duration-ms="123764">
    <groups>
    </groups>
    <test started-at="2023-12-22T13:25:59Z" name="Default test" finished-at="2023-12-22T13:28:03Z" duration-ms="123764">
      <class name="cuesz03.Iosapp_member_home_Fuelscreen.Case26_Fuel_breakfast_customfood">
        <test-method is-config="true" signature="Cueszbase()[pri:0, instance:cuesz03.Iosapp_member_home_Fuelscreen.Case26_Fuel_breakfast_customfood@74bada02]" started-at="2023-12-22T18:55:59Z" name="Cueszbase" finished-at="2023-12-22T18:56:00Z" duration-ms="1056" status="PASS">
          <reporter-output>
          </reporter-output>
        </test-method> <!-- Cueszbase -->
        <test-method signature="Homescreen()[pri:0, instance:cuesz03.Iosapp_member_home_Fuelscreen.Case26_Fuel_breakfast_customfood@74bada02]" started-at="2023-12-22T18:56:00Z" name="Homescreen" finished-at="2023-12-22T18:58:03Z" duration-ms="122618" status="PASS">
          <reporter-output>
          </reporter-output>
        </test-method> <!-- Homescreen -->
        <test-method is-config="true" signature="tearDown()[pri:0, instance:cuesz03.Iosapp_member_home_Fuelscreen.Case26_Fuel_breakfast_customfood@74bada02]" started-at="2023-12-22T18:58:03Z" name="tearDown" finished-at="2023-12-22T18:58:03Z" duration-ms="12" status="PASS">
          <reporter-output>
          </reporter-output>
        </test-method> <!-- tearDown -->
      </class> <!-- cuesz03.Iosapp_member_home_Fuelscreen.Case26_Fuel_breakfast_customfood -->
    </test> <!-- Default test -->
  </suite> <!-- Default suite -->
</testng-results>
