<?xml version="1.0" encoding="UTF-8"?>
<testng-results ignored="0" total="1" passed="0" failed="1" skipped="0">
  <reporter-output>
  </reporter-output>
  <suite started-at="2023-11-06T13:52:47Z" name="Default suite" finished-at="2023-11-06T13:53:41Z" duration-ms="53807">
    <groups>
    </groups>
    <test started-at="2023-11-06T13:52:47Z" name="Default test" finished-at="2023-11-06T13:53:41Z" duration-ms="53807">
      <class name="cuesz03.Iosapp_member_home_Fuelscreen.Case23_01_Fuel_breakfast_editadditionalfuel">
        <test-method is-config="true" signature="Cueszbase()[pri:0, instance:cuesz03.Iosapp_member_home_Fuelscreen.Case23_01_Fuel_breakfast_editadditionalfuel@6fb365ed]" started-at="2023-11-06T19:22:47Z" name="Cueszbase" finished-at="2023-11-06T19:22:51Z" duration-ms="3786" status="PASS">
          <reporter-output>
          </reporter-output>
        </test-method> <!-- Cueszbase -->
        <test-method signature="Homescreen()[pri:0, instance:cuesz03.Iosapp_member_home_Fuelscreen.Case23_01_Fuel_breakfast_editadditionalfuel@6fb365ed]" started-at="2023-11-06T19:22:51Z" name="Homescreen" finished-at="2023-11-06T19:23:41Z" duration-ms="49817" status="FAIL">
          <exception class="org.openqa.selenium.NoSuchElementException">
            <message>
              <![CDATA[An element could not be located on the page using the given search parameters.
For documentation on this error, please visit: https://www.selenium.dev/documentation/webdriver/troubleshooting/errors#no-such-element-exception
Build info: version: '4.15.0', revision: '1d14b5521b'
System info: os.name: 'Mac OS X', os.arch: 'x86_64', os.version: '14.0', java.version: '21'
Driver info: io.appium.java_client.ios.IOSDriver
Command: [05e45191-89a5-4f8e-8bcf-0a52c052926a, findElement {using=accessibility id, value=BeetrootPlus}]
Capabilities {appium:automationName: XCuiTest, appium:databaseEnabled: false, appium:deviceName: iPhone 11, appium:javascriptEnabled: true, appium:locationContextEnabled: false, appium:networkConnectionEnabled: false, appium:platformVersion: 17.0, appium:takesScreenshot: true, appium:udid: 626549EB-A1C6-40B2-B376-437..., appium:wdaLaunchTimeout: 30000, appium:webStorageEnabled: false, platformName: IOS}
Session ID: 05e45191-89a5-4f8e-8bcf-0a52c052926a]]>
            </message>
            <full-stacktrace>
              <![CDATA[org.openqa.selenium.NoSuchElementException: An element could not be located on the page using the given search parameters.
For documentation on this error, please visit: https://www.selenium.dev/documentation/webdriver/troubleshooting/errors#no-such-element-exception
Build info: version: '4.15.0', revision: '1d14b5521b'
System info: os.name: 'Mac OS X', os.arch: 'x86_64', os.version: '14.0', java.version: '21'
Driver info: io.appium.java_client.ios.IOSDriver
Command: [05e45191-89a5-4f8e-8bcf-0a52c052926a, findElement {using=accessibility id, value=BeetrootPlus}]
Capabilities {appium:automationName: XCuiTest, appium:databaseEnabled: false, appium:deviceName: iPhone 11, appium:javascriptEnabled: true, appium:locationContextEnabled: false, appium:networkConnectionEnabled: false, appium:platformVersion: 17.0, appium:takesScreenshot: true, appium:udid: 626549EB-A1C6-40B2-B376-437..., appium:wdaLaunchTimeout: 30000, appium:webStorageEnabled: false, platformName: IOS}
Session ID: 05e45191-89a5-4f8e-8bcf-0a52c052926a
	at java.base/jdk.internal.reflect.DirectConstructorHandleAccessor.newInstance(DirectConstructorHandleAccessor.java:62)
	at java.base/java.lang.reflect.Constructor.newInstanceWithCaller(Constructor.java:502)
	at java.base/java.lang.reflect.Constructor.newInstance(Constructor.java:486)
	at org.openqa.selenium.remote.codec.w3c.W3CHttpResponseCodec.createException(W3CHttpResponseCodec.java:200)
	at org.openqa.selenium.remote.codec.w3c.W3CHttpResponseCodec.decode(W3CHttpResponseCodec.java:133)
	at org.openqa.selenium.remote.codec.w3c.W3CHttpResponseCodec.decode(W3CHttpResponseCodec.java:52)
	at org.openqa.selenium.remote.HttpCommandExecutor.execute(HttpCommandExecutor.java:191)
	at io.appium.java_client.remote.AppiumCommandExecutor.execute(AppiumCommandExecutor.java:250)
	at org.openqa.selenium.remote.RemoteWebDriver.execute(RemoteWebDriver.java:602)
	at org.openqa.selenium.remote.ElementLocation$ElementFinder$2.findElement(ElementLocation.java:165)
	at org.openqa.selenium.remote.ElementLocation.findElement(ElementLocation.java:59)
	at org.openqa.selenium.remote.RemoteWebDriver.findElement(RemoteWebDriver.java:359)
	at org.openqa.selenium.remote.RemoteWebDriver.findElement(RemoteWebDriver.java:353)
	at cuesz03.Iosapp_member_home_Fuelscreen.Case23_01_Fuel_breakfast_editadditionalfuel.Homescreen(Case23_01_Fuel_breakfast_editadditionalfuel.java:86)
	at java.base/jdk.internal.reflect.DirectMethodHandleAccessor.invoke(DirectMethodHandleAccessor.java:103)
	at java.base/java.lang.reflect.Method.invoke(Method.java:580)
	at org.testng.internal.MethodInvocationHelper.invokeMethod(MethodInvocationHelper.java:108)
	at org.testng.internal.Invoker.invokeMethod(Invoker.java:661)
	at org.testng.internal.Invoker.invokeTestMethod(Invoker.java:869)
	at org.testng.internal.Invoker.invokeTestMethods(Invoker.java:1193)
	at org.testng.internal.TestMethodWorker.invokeTestMethods(TestMethodWorker.java:126)
	at org.testng.internal.TestMethodWorker.run(TestMethodWorker.java:109)
	at org.testng.TestRunner.privateRun(TestRunner.java:744)
	at org.testng.TestRunner.run(TestRunner.java:602)
	at org.testng.SuiteRunner.runTest(SuiteRunner.java:380)
	at org.testng.SuiteRunner.runSequentially(SuiteRunner.java:375)
	at org.testng.SuiteRunner.privateRun(SuiteRunner.java:340)
	at org.testng.SuiteRunner.run(SuiteRunner.java:289)
	at org.testng.SuiteRunnerWorker.runSuite(SuiteRunnerWorker.java:52)
	at org.testng.SuiteRunnerWorker.run(SuiteRunnerWorker.java:86)
	at org.testng.TestNG.runSuitesSequentially(TestNG.java:1301)
	at org.testng.TestNG.runSuitesLocally(TestNG.java:1226)
	at org.testng.TestNG.runSuites(TestNG.java:1144)
	at org.testng.TestNG.run(TestNG.java:1115)
	at org.testng.remote.AbstractRemoteTestNG.run(AbstractRemoteTestNG.java:115)
	at org.testng.remote.RemoteTestNG.initAndRun(RemoteTestNG.java:251)
	at org.testng.remote.RemoteTestNG.main(RemoteTestNG.java:77)
]]>
            </full-stacktrace>
          </exception> <!-- org.openqa.selenium.NoSuchElementException -->
          <reporter-output>
          </reporter-output>
        </test-method> <!-- Homescreen -->
        <test-method is-config="true" signature="tearDown()[pri:0, instance:cuesz03.Iosapp_member_home_Fuelscreen.Case23_01_Fuel_breakfast_editadditionalfuel@6fb365ed]" started-at="2023-11-06T19:23:41Z" name="tearDown" finished-at="2023-11-06T19:23:41Z" duration-ms="19" status="PASS">
          <reporter-output>
          </reporter-output>
        </test-method> <!-- tearDown -->
      </class> <!-- cuesz03.Iosapp_member_home_Fuelscreen.Case23_01_Fuel_breakfast_editadditionalfuel -->
    </test> <!-- Default test -->
  </suite> <!-- Default suite -->
</testng-results>
