<?xml version="1.0" encoding="UTF-8"?>
<testng-results ignored="0" total="1" passed="1" failed="0" skipped="0">
  <reporter-output>
  </reporter-output>
  <suite started-at="2023-11-01T11:40:52Z" name="Default suite" finished-at="2023-11-01T11:45:12Z" duration-ms="260651">
    <groups>
    </groups>
    <test started-at="2023-11-01T11:40:52Z" name="Default test" finished-at="2023-11-01T11:45:12Z" duration-ms="260651">
      <class name="cuesz03.Iosapp_member_home_Fuelscreen.Case20_Fuel_optimalfuel">
        <test-method is-config="true" signature="Cueszbase()[pri:0, instance:cuesz03.Iosapp_member_home_Fuelscreen.Case20_Fuel_optimalfuel@22d7b4f8]" started-at="2023-11-01T17:10:52Z" name="Cueszbase" finished-at="2023-11-01T17:10:53Z" duration-ms="1507" status="PASS">
          <reporter-output>
          </reporter-output>
        </test-method> <!-- Cueszbase -->
        <test-method signature="Homescreen()[pri:0, instance:cuesz03.Iosapp_member_home_Fuelscreen.Case20_Fuel_optimalfuel@22d7b4f8]" started-at="2023-11-01T17:10:53Z" name="Homescreen" finished-at="2023-11-01T17:15:12Z" duration-ms="259025" status="PASS">
          <reporter-output>
          </reporter-output>
        </test-method> <!-- Homescreen -->
        <test-method is-config="true" signature="tearDown()[pri:0, instance:cuesz03.Iosapp_member_home_Fuelscreen.Case20_Fuel_optimalfuel@22d7b4f8]" started-at="2023-11-01T17:15:12Z" name="tearDown" finished-at="2023-11-01T17:15:12Z" duration-ms="18" status="PASS">
          <reporter-output>
          </reporter-output>
        </test-method> <!-- tearDown -->
      </class> <!-- cuesz03.Iosapp_member_home_Fuelscreen.Case20_Fuel_optimalfuel -->
    </test> <!-- Default test -->
  </suite> <!-- Default suite -->
</testng-results>
