<?xml version="1.0" encoding="UTF-8"?>
<testng-results ignored="0" total="1" passed="0" failed="1" skipped="0">
  <reporter-output>
  </reporter-output>
  <suite started-at="2023-09-25T05:33:53Z" name="Default suite" finished-at="2023-09-25T05:34:15Z" duration-ms="21623">
    <groups>
    </groups>
    <test started-at="2023-09-25T05:33:53Z" name="Default test" finished-at="2023-09-25T05:34:15Z" duration-ms="21623">
      <class name="cuesz.schduletest.advocate.Step12_10_SE_createeventbyselecteddatefromcalendartest">
        <test-method is-config="true" signature="setUp()[pri:0, instance:cuesz.schduletest.advocate.Step12_10_SE_createeventbyselecteddatefromcalendartest@2ef14fe]" started-at="2023-09-25T11:03:53Z" name="setUp" finished-at="2023-09-25T11:03:56Z" duration-ms="2127" status="PASS">
          <reporter-output>
          </reporter-output>
        </test-method> <!-- setUp -->
        <test-method signature="advocateSchedulefromcalendarEventTest()[pri:0, instance:cuesz.schduletest.advocate.Step12_10_SE_createeventbyselecteddatefromcalendartest@2ef14fe]" started-at="2023-09-25T11:03:56Z" name="advocateSchedulefromcalendarEventTest" finished-at="2023-09-25T11:04:15Z" duration-ms="19302" status="FAIL">
          <exception class="org.openqa.selenium.InvalidSelectorException">
            <message>
              <![CDATA[invalid selector: Unable to locate an element with the xpath expression //div[@data-date='[[ChromeDriver: chrome on mac (f0482a65b96d7c98733cc168cb6da8ef)] -> xpath: //abbr[text()='21']]'] because of the following error:
SyntaxError: Failed to execute 'evaluate' on 'Document': The string '//div[@data-date='[[ChromeDriver: chrome on mac (f0482a65b96d7c98733cc168cb6da8ef)] -> xpath: //abbr[text()='21']]']' is not a valid XPath expression.
  (Session info: chrome=117.0.5938.92)
For documentation on this error, please visit: https://www.selenium.dev/documentation/webdriver/troubleshooting/errors#invalid-selector-exception
Build info: version: '4.12.1', revision: '8e34639b11'
System info: os.name: 'Mac OS X', os.arch: 'x86_64', os.version: '13.6', java.version: '21'
Driver info: org.openqa.selenium.chrome.ChromeDriver
Command: [f0482a65b96d7c98733cc168cb6da8ef, findElement {using=xpath, value=//div[@data-date='[[ChromeDriver: chrome on mac (f0482a65b96d7c98733cc168cb6da8ef)] -> xpath: //abbr[text()='21']]']}]
Capabilities {acceptInsecureCerts: false, browserName: chrome, browserVersion: 117.0.5938.92, chrome: {chromedriverVersion: 117.0.5938.92 (67649b10b92b..., userDataDir: /var/folders/10/ksb8skmx6tj...}, fedcm:accounts: true, goog:chromeOptions: {debuggerAddress: localhost:51986}, networkConnectionEnabled: false, pageLoadStrategy: normal, platformName: mac, proxy: Proxy(), se:cdp: ws://localhost:51986/devtoo..., se:cdpVersion: 117.0.5938.92, setWindowRect: true, strictFileInteractability: false, timeouts: {implicit: 0, pageLoad: 300000, script: 30000}, unhandledPromptBehavior: dismiss and notify, webauthn:extension:credBlob: true, webauthn:extension:largeBlob: true, webauthn:extension:minPinLength: true, webauthn:extension:prf: true, webauthn:virtualAuthenticators: true}
Session ID: f0482a65b96d7c98733cc168cb6da8ef]]>
            </message>
            <full-stacktrace>
              <![CDATA[org.openqa.selenium.InvalidSelectorException: invalid selector: Unable to locate an element with the xpath expression //div[@data-date='[[ChromeDriver: chrome on mac (f0482a65b96d7c98733cc168cb6da8ef)] -> xpath: //abbr[text()='21']]'] because of the following error:
SyntaxError: Failed to execute 'evaluate' on 'Document': The string '//div[@data-date='[[ChromeDriver: chrome on mac (f0482a65b96d7c98733cc168cb6da8ef)] -> xpath: //abbr[text()='21']]']' is not a valid XPath expression.
  (Session info: chrome=117.0.5938.92)
For documentation on this error, please visit: https://www.selenium.dev/documentation/webdriver/troubleshooting/errors#invalid-selector-exception
Build info: version: '4.12.1', revision: '8e34639b11'
System info: os.name: 'Mac OS X', os.arch: 'x86_64', os.version: '13.6', java.version: '21'
Driver info: org.openqa.selenium.chrome.ChromeDriver
Command: [f0482a65b96d7c98733cc168cb6da8ef, findElement {using=xpath, value=//div[@data-date='[[ChromeDriver: chrome on mac (f0482a65b96d7c98733cc168cb6da8ef)] -> xpath: //abbr[text()='21']]']}]
Capabilities {acceptInsecureCerts: false, browserName: chrome, browserVersion: 117.0.5938.92, chrome: {chromedriverVersion: 117.0.5938.92 (67649b10b92b..., userDataDir: /var/folders/10/ksb8skmx6tj...}, fedcm:accounts: true, goog:chromeOptions: {debuggerAddress: localhost:51986}, networkConnectionEnabled: false, pageLoadStrategy: normal, platformName: mac, proxy: Proxy(), se:cdp: ws://localhost:51986/devtoo..., se:cdpVersion: 117.0.5938.92, setWindowRect: true, strictFileInteractability: false, timeouts: {implicit: 0, pageLoad: 300000, script: 30000}, unhandledPromptBehavior: dismiss and notify, webauthn:extension:credBlob: true, webauthn:extension:largeBlob: true, webauthn:extension:minPinLength: true, webauthn:extension:prf: true, webauthn:virtualAuthenticators: true}
Session ID: f0482a65b96d7c98733cc168cb6da8ef
	at java.base/jdk.internal.reflect.DirectConstructorHandleAccessor.newInstance(DirectConstructorHandleAccessor.java:62)
	at java.base/java.lang.reflect.Constructor.newInstanceWithCaller(Constructor.java:502)
	at java.base/java.lang.reflect.Constructor.newInstance(Constructor.java:486)
	at org.openqa.selenium.remote.codec.w3c.W3CHttpResponseCodec.createException(W3CHttpResponseCodec.java:200)
	at org.openqa.selenium.remote.codec.w3c.W3CHttpResponseCodec.decode(W3CHttpResponseCodec.java:133)
	at org.openqa.selenium.remote.codec.w3c.W3CHttpResponseCodec.decode(W3CHttpResponseCodec.java:52)
	at org.openqa.selenium.remote.HttpCommandExecutor.execute(HttpCommandExecutor.java:191)
	at org.openqa.selenium.remote.service.DriverCommandExecutor.invokeExecute(DriverCommandExecutor.java:196)
	at org.openqa.selenium.remote.service.DriverCommandExecutor.execute(DriverCommandExecutor.java:171)
	at org.openqa.selenium.remote.RemoteWebDriver.execute(RemoteWebDriver.java:602)
	at org.openqa.selenium.remote.ElementLocation$ElementFinder$2.findElement(ElementLocation.java:165)
	at org.openqa.selenium.remote.ElementLocation.findElement(ElementLocation.java:59)
	at org.openqa.selenium.remote.RemoteWebDriver.findElement(RemoteWebDriver.java:359)
	at org.openqa.selenium.remote.RemoteWebDriver.findElement(RemoteWebDriver.java:353)
	at cuesz.schdule.Step12_10_SE_createeventbyselecteddatefromcalendar.Schdulevent(Step12_10_SE_createeventbyselecteddatefromcalendar.java:94)
	at cuesz.schduletest.advocate.Step12_10_SE_createeventbyselecteddatefromcalendartest.advocateSchedulefromcalendarEventTest(Step12_10_SE_createeventbyselecteddatefromcalendartest.java:54)
	at java.base/jdk.internal.reflect.DirectMethodHandleAccessor.invoke(DirectMethodHandleAccessor.java:103)
	at java.base/java.lang.reflect.Method.invoke(Method.java:580)
	at org.testng.internal.MethodInvocationHelper.invokeMethod(MethodInvocationHelper.java:108)
	at org.testng.internal.Invoker.invokeMethod(Invoker.java:661)
	at org.testng.internal.Invoker.invokeTestMethod(Invoker.java:869)
	at org.testng.internal.Invoker.invokeTestMethods(Invoker.java:1193)
	at org.testng.internal.TestMethodWorker.invokeTestMethods(TestMethodWorker.java:126)
	at org.testng.internal.TestMethodWorker.run(TestMethodWorker.java:109)
	at org.testng.TestRunner.privateRun(TestRunner.java:744)
	at org.testng.TestRunner.run(TestRunner.java:602)
	at org.testng.SuiteRunner.runTest(SuiteRunner.java:380)
	at org.testng.SuiteRunner.runSequentially(SuiteRunner.java:375)
	at org.testng.SuiteRunner.privateRun(SuiteRunner.java:340)
	at org.testng.SuiteRunner.run(SuiteRunner.java:289)
	at org.testng.SuiteRunnerWorker.runSuite(SuiteRunnerWorker.java:52)
	at org.testng.SuiteRunnerWorker.run(SuiteRunnerWorker.java:86)
	at org.testng.TestNG.runSuitesSequentially(TestNG.java:1301)
	at org.testng.TestNG.runSuitesLocally(TestNG.java:1226)
	at org.testng.TestNG.runSuites(TestNG.java:1144)
	at org.testng.TestNG.run(TestNG.java:1115)
	at org.testng.remote.AbstractRemoteTestNG.run(AbstractRemoteTestNG.java:115)
	at org.testng.remote.RemoteTestNG.initAndRun(RemoteTestNG.java:251)
	at org.testng.remote.RemoteTestNG.main(RemoteTestNG.java:77)
]]>
            </full-stacktrace>
          </exception> <!-- org.openqa.selenium.InvalidSelectorException -->
          <reporter-output>
          </reporter-output>
        </test-method> <!-- advocateSchedulefromcalendarEventTest -->
        <test-method is-config="true" signature="tearDown()[pri:0, instance:cuesz.schduletest.advocate.Step12_10_SE_createeventbyselecteddatefromcalendartest@2ef14fe]" started-at="2023-09-25T11:04:15Z" name="tearDown" finished-at="2023-09-25T11:04:15Z" duration-ms="117" status="PASS">
          <reporter-output>
          </reporter-output>
        </test-method> <!-- tearDown -->
      </class> <!-- cuesz.schduletest.advocate.Step12_10_SE_createeventbyselecteddatefromcalendartest -->
    </test> <!-- Default test -->
  </suite> <!-- Default suite -->
</testng-results>
