<?xml version="1.0" encoding="UTF-8"?>
<testng-results ignored="0" total="1" passed="1" failed="0" skipped="0">
  <reporter-output>
  </reporter-output>
  <suite started-at="2023-10-11T12:30:41Z" name="Default suite" finished-at="2023-10-11T12:31:32Z" duration-ms="51444">
    <groups>
    </groups>
    <test started-at="2023-10-11T12:30:41Z" name="Default test" finished-at="2023-10-11T12:31:32Z" duration-ms="51444">
      <class name="cuesz02.Iosapp_member_home_PerformScreen.Case12_Perform_additionalactivity">
        <test-method is-config="true" signature="Cueszbase()[pri:0, instance:cuesz02.Iosapp_member_home_PerformScreen.Case12_Perform_additionalactivity@5b1ebf56]" started-at="2023-10-11T18:00:41Z" name="Cueszbase" finished-at="2023-10-11T18:00:46Z" duration-ms="4964" status="PASS">
          <reporter-output>
          </reporter-output>
        </test-method> <!-- Cueszbase -->
        <test-method signature="perfom_recommendedactivty()[pri:0, instance:cuesz02.Iosapp_member_home_PerformScreen.Case12_Perform_additionalactivity@5b1ebf56]" started-at="2023-10-11T18:00:46Z" name="perfom_recommendedactivty" finished-at="2023-10-11T18:01:32Z" duration-ms="46186" status="PASS">
          <reporter-output>
          </reporter-output>
        </test-method> <!-- perfom_recommendedactivty -->
        <test-method is-config="true" signature="tearDown()[pri:0, instance:cuesz02.Iosapp_member_home_PerformScreen.Case12_Perform_additionalactivity@5b1ebf56]" started-at="2023-10-11T18:01:32Z" name="tearDown" finished-at="2023-10-11T18:01:32Z" duration-ms="36" status="PASS">
          <reporter-output>
          </reporter-output>
        </test-method> <!-- tearDown -->
      </class> <!-- cuesz02.Iosapp_member_home_PerformScreen.Case12_Perform_additionalactivity -->
    </test> <!-- Default test -->
  </suite> <!-- Default suite -->
</testng-results>
