<?xml version="1.0" encoding="UTF-8"?>
<testng-results ignored="0" total="1" passed="1" failed="0" skipped="0">
  <reporter-output>
  </reporter-output>
  <suite started-at="2023-10-23T06:46:04Z" name="Default suite" finished-at="2023-10-23T06:47:41Z" duration-ms="96306">
    <groups>
    </groups>
    <test started-at="2023-10-23T06:46:04Z" name="Default test" finished-at="2023-10-23T06:47:41Z" duration-ms="96306">
      <class name="cuesz.logictest.advocate.Case42_MSL_Performtest">
        <test-method is-config="true" signature="setUp()[pri:0, instance:cuesz.logictest.advocate.Case42_MSL_Performtest@ab7395e]" started-at="2023-10-23T12:16:04Z" name="setUp" finished-at="2023-10-23T12:16:07Z" duration-ms="2961" status="PASS">
          <reporter-output>
          </reporter-output>
        </test-method> <!-- setUp -->
        <test-method signature="advocatelogicmemberTest()[pri:0, instance:cuesz.logictest.advocate.Case42_MSL_Performtest@ab7395e]" started-at="2023-10-23T12:16:07Z" name="advocatelogicmemberTest" finished-at="2023-10-23T12:17:40Z" duration-ms="93009" status="PASS">
          <reporter-output>
          </reporter-output>
        </test-method> <!-- advocatelogicmemberTest -->
        <test-method is-config="true" signature="tearDown()[pri:0, instance:cuesz.logictest.advocate.Case42_MSL_Performtest@ab7395e]" started-at="2023-10-23T12:17:40Z" name="tearDown" finished-at="2023-10-23T12:17:41Z" duration-ms="267" status="PASS">
          <reporter-output>
          </reporter-output>
        </test-method> <!-- tearDown -->
      </class> <!-- cuesz.logictest.advocate.Case42_MSL_Performtest -->
    </test> <!-- Default test -->
  </suite> <!-- Default suite -->
</testng-results>
