<?xml version="1.0" encoding="UTF-8"?>
<testng-results ignored="0" total="1" passed="1" failed="0" skipped="0">
  <reporter-output>
  </reporter-output>
  <suite started-at="2023-12-05T11:57:33Z" name="Default suite" finished-at="2023-12-05T11:58:39Z" duration-ms="66594">
    <groups>
    </groups>
    <test started-at="2023-12-05T11:57:33Z" name="Default test" finished-at="2023-12-05T11:58:39Z" duration-ms="66594">
      <class name="cuesz.membersummarygraph.advocate.Case79_WeeklyAndMonthlySummariestest">
        <test-method is-config="true" signature="setUp()[pri:0, instance:cuesz.membersummarygraph.advocate.Case79_WeeklyAndMonthlySummariestest@3f9342d4]" started-at="2023-12-05T17:27:33Z" name="setUp" finished-at="2023-12-05T17:27:36Z" duration-ms="3456" status="PASS">
          <reporter-output>
          </reporter-output>
        </test-method> <!-- setUp -->
        <test-method signature="advocateMemberhoverTest()[pri:0, instance:cuesz.membersummarygraph.advocate.Case79_WeeklyAndMonthlySummariestest@3f9342d4]" started-at="2023-12-05T17:27:36Z" name="advocateMemberhoverTest" finished-at="2023-12-05T17:28:39Z" duration-ms="62848" status="PASS">
          <reporter-output>
          </reporter-output>
        </test-method> <!-- advocateMemberhoverTest -->
        <test-method is-config="true" signature="tearDown()[pri:0, instance:cuesz.membersummarygraph.advocate.Case79_WeeklyAndMonthlySummariestest@3f9342d4]" started-at="2023-12-05T17:28:39Z" name="tearDown" finished-at="2023-12-05T17:28:39Z" duration-ms="213" status="PASS">
          <reporter-output>
          </reporter-output>
        </test-method> <!-- tearDown -->
      </class> <!-- cuesz.membersummarygraph.advocate.Case79_WeeklyAndMonthlySummariestest -->
    </test> <!-- Default test -->
  </suite> <!-- Default suite -->
</testng-results>
