<?xml version="1.0" encoding="UTF-8"?>
<testng-results ignored="0" total="1" passed="1" failed="0" skipped="0">
  <reporter-output>
  </reporter-output>
  <suite started-at="2023-08-28T00:10:03 IST" name="Default suite" finished-at="2023-08-28T00:11:30 IST" duration-ms="86891">
    <groups>
    </groups>
    <test started-at="2023-08-28T00:10:03 IST" name="Default test" finished-at="2023-08-28T00:11:30 IST" duration-ms="86891">
      <class name="cuesz.logictest.advocate.Case34_MSL_MemberBasicinfotest">
        <test-method is-config="true" signature="setUp()[pri:0, instance:cuesz.logictest.advocate.Case34_MSL_MemberBasicinfotest@130d63be]" started-at="2023-08-28T00:10:03 IST" name="setUp" finished-at="2023-08-28T00:10:07 IST" duration-ms="4573" status="PASS">
          <reporter-output>
          </reporter-output>
        </test-method> <!-- setUp -->
        <test-method signature="advocatelogicmemberTest()[pri:0, instance:cuesz.logictest.advocate.Case34_MSL_MemberBasicinfotest@130d63be]" started-at="2023-08-28T00:10:07 IST" name="advocatelogicmemberTest" finished-at="2023-08-28T00:11:29 IST" duration-ms="81698" status="PASS">
          <reporter-output>
          </reporter-output>
        </test-method> <!-- advocatelogicmemberTest -->
        <test-method is-config="true" signature="tearDown()[pri:0, instance:cuesz.logictest.advocate.Case34_MSL_MemberBasicinfotest@130d63be]" started-at="2023-08-28T00:11:29 IST" name="tearDown" finished-at="2023-08-28T00:11:30 IST" duration-ms="543" status="PASS">
          <reporter-output>
          </reporter-output>
        </test-method> <!-- tearDown -->
      </class> <!-- cuesz.logictest.advocate.Case34_MSL_MemberBasicinfotest -->
    </test> <!-- Default test -->
  </suite> <!-- Default suite -->
</testng-results>
