<?xml version="1.0" encoding="UTF-8"?>
<testng-results ignored="0" total="1" passed="1" failed="0" skipped="0">
  <reporter-output>
  </reporter-output>
  <suite started-at="2023-09-10T23:24:26 IST" name="Default suite" finished-at="2023-09-10T23:26:06 IST" duration-ms="99451">
    <groups>
    </groups>
    <test started-at="2023-09-10T23:24:26 IST" name="Default test" finished-at="2023-09-10T23:26:06 IST" duration-ms="99451">
      <class name="cuesz.membersummarytest.advocate.Case71_MS_bodyscancomparetest">
        <test-method is-config="true" signature="setUp()[pri:0, instance:cuesz.membersummarytest.advocate.Case71_MS_bodyscancomparetest@30f842ca]" started-at="2023-09-10T23:24:26 IST" name="setUp" finished-at="2023-09-10T23:24:31 IST" duration-ms="5115" status="PASS">
          <reporter-output>
          </reporter-output>
        </test-method> <!-- setUp -->
        <test-method signature="advocatebodyscanresultTest()[pri:0, instance:cuesz.membersummarytest.advocate.Case71_MS_bodyscancomparetest@30f842ca]" started-at="2023-09-10T23:24:31 IST" name="advocatebodyscanresultTest" finished-at="2023-09-10T23:26:04 IST" duration-ms="93067" status="PASS">
          <reporter-output>
          </reporter-output>
        </test-method> <!-- advocatebodyscanresultTest -->
        <test-method is-config="true" signature="tearDown()[pri:0, instance:cuesz.membersummarytest.advocate.Case71_MS_bodyscancomparetest@30f842ca]" started-at="2023-09-10T23:26:05 IST" name="tearDown" finished-at="2023-09-10T23:26:06 IST" duration-ms="997" status="PASS">
          <reporter-output>
          </reporter-output>
        </test-method> <!-- tearDown -->
      </class> <!-- cuesz.membersummarytest.advocate.Case71_MS_bodyscancomparetest -->
    </test> <!-- Default test -->
  </suite> <!-- Default suite -->
</testng-results>
