<?xml version="1.0" encoding="UTF-8"?>
<testng-results ignored="0" total="1" passed="1" failed="0" skipped="0">
  <reporter-output>
  </reporter-output>
  <suite started-at="2023-12-07T14:09:52Z" name="Default suite" finished-at="2023-12-07T14:10:05Z" duration-ms="13367">
    <groups>
    </groups>
    <test started-at="2023-12-07T14:09:52Z" name="Default test" finished-at="2023-12-07T14:10:05Z" duration-ms="13367">
      <class name="cuesz.logintest.AdvocateLogin">
        <test-method is-config="true" signature="setUp()[pri:0, instance:cuesz.logintest.AdvocateLogin@58326051]" started-at="2023-12-07T19:39:52Z" name="setUp" finished-at="2023-12-07T19:40:01Z" duration-ms="9258" status="PASS">
          <reporter-output>
          </reporter-output>
        </test-method> <!-- setUp -->
        <test-method signature="testAdvocateLogin()[pri:0, instance:cuesz.logintest.AdvocateLogin@58326051]" started-at="2023-12-07T19:40:01Z" name="testAdvocateLogin" finished-at="2023-12-07T19:40:05Z" duration-ms="3851" status="PASS">
          <reporter-output>
          </reporter-output>
        </test-method> <!-- testAdvocateLogin -->
      </class> <!-- cuesz.logintest.AdvocateLogin -->
    </test> <!-- Default test -->
  </suite> <!-- Default suite -->
</testng-results>
