<?xml version="1.0" encoding="UTF-8"?>
<testng-results ignored="0" total="1" passed="0" failed="1" skipped="0">
  <reporter-output>
  </reporter-output>
  <suite started-at="2023-12-22T06:37:39Z" name="Default suite" finished-at="2023-12-22T06:37:58Z" duration-ms="18078">
    <groups>
    </groups>
    <test started-at="2023-12-22T06:37:39Z" name="Default test" finished-at="2023-12-22T06:37:58Z" duration-ms="18078">
      <class name="cuesz02.Iosapp_member_home_PerformScreen.Case15_Perform_movetocurrent">
        <test-method is-config="true" signature="Cueszbase()[pri:0, instance:cuesz02.Iosapp_member_home_PerformScreen.Case15_Perform_movetocurrent@6fb365ed]" started-at="2023-12-22T12:07:39Z" name="Cueszbase" finished-at="2023-12-22T12:07:40Z" duration-ms="940" status="PASS">
          <reporter-output>
          </reporter-output>
        </test-method> <!-- Cueszbase -->
        <test-method signature="perfom_movetocurrentactivtity()[pri:0, instance:cuesz02.Iosapp_member_home_PerformScreen.Case15_Perform_movetocurrent@6fb365ed]" started-at="2023-12-22T12:07:40Z" name="perfom_movetocurrentactivtity" finished-at="2023-12-22T12:07:57Z" duration-ms="17062" status="FAIL">
          <exception class="org.openqa.selenium.NoSuchElementException">
            <message>
              <![CDATA['label == 'By.IosNsPredicate: label == "Perform Fuel Mindful Restore"'' predicate didn't match any elements
For documentation on this error, please visit: https://www.selenium.dev/documentation/webdriver/troubleshooting/errors#no-such-element-exception
Build info: version: '4.16.1', revision: '9b4c83354e'
System info: os.name: 'Mac OS X', os.arch: 'x86_64', os.version: '14.0', java.version: '21'
Driver info: io.appium.java_client.ios.IOSDriver
Command: [9c17a98a-a0af-481b-af9f-42df3561239d, executeScript {script=mobile:scroll, args=[{toVisible=true, predicateString=label == 'By.IosNsPredicate: label == "Perform Fuel Mindful Restore"'}]}]
Capabilities {appium:automationName: XCUITest, appium:databaseEnabled: false, appium:deviceName: Iphone13, appium:javascriptEnabled: true, appium:locationContextEnabled: false, appium:networkConnectionEnabled: false, appium:platformVersion: 17.2, appium:takesScreenshot: true, appium:udid: 00008110-00142D610A79801E, appium:wdaLaunchTimeout: 30000, appium:webStorageEnabled: false, platformName: IOS}
Session ID: 9c17a98a-a0af-481b-af9f-42df3561239d]]>
            </message>
            <full-stacktrace>
              <![CDATA[org.openqa.selenium.NoSuchElementException: 'label == 'By.IosNsPredicate: label == "Perform Fuel Mindful Restore"'' predicate didn't match any elements
For documentation on this error, please visit: https://www.selenium.dev/documentation/webdriver/troubleshooting/errors#no-such-element-exception
Build info: version: '4.16.1', revision: '9b4c83354e'
System info: os.name: 'Mac OS X', os.arch: 'x86_64', os.version: '14.0', java.version: '21'
Driver info: io.appium.java_client.ios.IOSDriver
Command: [9c17a98a-a0af-481b-af9f-42df3561239d, executeScript {script=mobile:scroll, args=[{toVisible=true, predicateString=label == 'By.IosNsPredicate: label == "Perform Fuel Mindful Restore"'}]}]
Capabilities {appium:automationName: XCUITest, appium:databaseEnabled: false, appium:deviceName: Iphone13, appium:javascriptEnabled: true, appium:locationContextEnabled: false, appium:networkConnectionEnabled: false, appium:platformVersion: 17.2, appium:takesScreenshot: true, appium:udid: 00008110-00142D610A79801E, appium:wdaLaunchTimeout: 30000, appium:webStorageEnabled: false, platformName: IOS}
Session ID: 9c17a98a-a0af-481b-af9f-42df3561239d
	at java.base/jdk.internal.reflect.DirectConstructorHandleAccessor.newInstance(DirectConstructorHandleAccessor.java:62)
	at java.base/java.lang.reflect.Constructor.newInstanceWithCaller(Constructor.java:502)
	at java.base/java.lang.reflect.Constructor.newInstance(Constructor.java:486)
	at org.openqa.selenium.remote.codec.w3c.W3CHttpResponseCodec.createException(W3CHttpResponseCodec.java:200)
	at org.openqa.selenium.remote.codec.w3c.W3CHttpResponseCodec.decode(W3CHttpResponseCodec.java:133)
	at org.openqa.selenium.remote.codec.w3c.W3CHttpResponseCodec.decode(W3CHttpResponseCodec.java:52)
	at org.openqa.selenium.remote.HttpCommandExecutor.execute(HttpCommandExecutor.java:191)
	at io.appium.java_client.remote.AppiumCommandExecutor.execute(AppiumCommandExecutor.java:250)
	at org.openqa.selenium.remote.RemoteWebDriver.execute(RemoteWebDriver.java:602)
	at org.openqa.selenium.remote.RemoteWebDriver.executeScript(RemoteWebDriver.java:467)
	at cuesz02.Iosapp_member_home_PerformScreen.Case15_Perform_movetocurrent.scrollDownToElement(Case15_Perform_movetocurrent.java:169)
	at cuesz02.Iosapp_member_home_PerformScreen.Case15_Perform_movetocurrent.perfom_movetocurrentactivtity(Case15_Perform_movetocurrent.java:136)
	at java.base/jdk.internal.reflect.DirectMethodHandleAccessor.invoke(DirectMethodHandleAccessor.java:103)
	at java.base/java.lang.reflect.Method.invoke(Method.java:580)
	at org.testng.internal.MethodInvocationHelper.invokeMethod(MethodInvocationHelper.java:108)
	at org.testng.internal.Invoker.invokeMethod(Invoker.java:661)
	at org.testng.internal.Invoker.invokeTestMethod(Invoker.java:869)
	at org.testng.internal.Invoker.invokeTestMethods(Invoker.java:1193)
	at org.testng.internal.TestMethodWorker.invokeTestMethods(TestMethodWorker.java:126)
	at org.testng.internal.TestMethodWorker.run(TestMethodWorker.java:109)
	at org.testng.TestRunner.privateRun(TestRunner.java:744)
	at org.testng.TestRunner.run(TestRunner.java:602)
	at org.testng.SuiteRunner.runTest(SuiteRunner.java:380)
	at org.testng.SuiteRunner.runSequentially(SuiteRunner.java:375)
	at org.testng.SuiteRunner.privateRun(SuiteRunner.java:340)
	at org.testng.SuiteRunner.run(SuiteRunner.java:289)
	at org.testng.SuiteRunnerWorker.runSuite(SuiteRunnerWorker.java:52)
	at org.testng.SuiteRunnerWorker.run(SuiteRunnerWorker.java:86)
	at org.testng.TestNG.runSuitesSequentially(TestNG.java:1301)
	at org.testng.TestNG.runSuitesLocally(TestNG.java:1226)
	at org.testng.TestNG.runSuites(TestNG.java:1144)
	at org.testng.TestNG.run(TestNG.java:1115)
	at org.testng.remote.AbstractRemoteTestNG.run(AbstractRemoteTestNG.java:115)
	at org.testng.remote.RemoteTestNG.initAndRun(RemoteTestNG.java:251)
	at org.testng.remote.RemoteTestNG.main(RemoteTestNG.java:77)
]]>
            </full-stacktrace>
          </exception> <!-- org.openqa.selenium.NoSuchElementException -->
          <reporter-output>
          </reporter-output>
        </test-method> <!-- perfom_movetocurrentactivtity -->
        <test-method is-config="true" signature="tearDown()[pri:0, instance:cuesz02.Iosapp_member_home_PerformScreen.Case15_Perform_movetocurrent@6fb365ed]" started-at="2023-12-22T12:07:58Z" name="tearDown" finished-at="2023-12-22T12:07:58Z" duration-ms="10" status="PASS">
          <reporter-output>
          </reporter-output>
        </test-method> <!-- tearDown -->
      </class> <!-- cuesz02.Iosapp_member_home_PerformScreen.Case15_Perform_movetocurrent -->
    </test> <!-- Default test -->
  </suite> <!-- Default suite -->
</testng-results>
