<?xml version="1.0" encoding="UTF-8"?>
<testng-results ignored="0" total="1" passed="1" failed="0" skipped="0">
  <reporter-output>
  </reporter-output>
  <suite started-at="2023-11-21T10:04:05Z" name="Default suite" finished-at="2023-11-21T10:07:39Z" duration-ms="213940">
    <groups>
    </groups>
    <test started-at="2023-11-21T10:04:05Z" name="Default test" finished-at="2023-11-21T10:07:39Z" duration-ms="213940">
      <class name="cuesz03.Iosapp_member_home_Fuelscreen.Case26_Fuel_breakfast_customfood">
        <test-method is-config="true" signature="Cueszbase()[pri:0, instance:cuesz03.Iosapp_member_home_Fuelscreen.Case26_Fuel_breakfast_customfood@4f25b795]" started-at="2023-11-21T15:34:05Z" name="Cueszbase" finished-at="2023-11-21T15:34:08Z" duration-ms="2641" status="PASS">
          <reporter-output>
          </reporter-output>
        </test-method> <!-- Cueszbase -->
        <test-method signature="Homescreen()[pri:0, instance:cuesz03.Iosapp_member_home_Fuelscreen.Case26_Fuel_breakfast_customfood@4f25b795]" started-at="2023-11-21T15:34:08Z" name="Homescreen" finished-at="2023-11-21T15:37:39Z" duration-ms="211206" status="PASS">
          <reporter-output>
          </reporter-output>
        </test-method> <!-- Homescreen -->
        <test-method is-config="true" signature="tearDown()[pri:0, instance:cuesz03.Iosapp_member_home_Fuelscreen.Case26_Fuel_breakfast_customfood@4f25b795]" started-at="2023-11-21T15:37:39Z" name="tearDown" finished-at="2023-11-21T15:37:39Z" duration-ms="11" status="PASS">
          <reporter-output>
          </reporter-output>
        </test-method> <!-- tearDown -->
      </class> <!-- cuesz03.Iosapp_member_home_Fuelscreen.Case26_Fuel_breakfast_customfood -->
    </test> <!-- Default test -->
  </suite> <!-- Default suite -->
</testng-results>
