<?xml version="1.0" encoding="UTF-8"?>
<testng-results ignored="0" total="1" passed="1" failed="0" skipped="0">
  <reporter-output>
  </reporter-output>
  <suite started-at="2023-12-25T17:37:29 IST" name="Default suite" finished-at="2023-12-25T17:37:49 IST" duration-ms="20211">
    <groups>
    </groups>
    <test started-at="2023-12-25T17:37:29 IST" name="Default test" finished-at="2023-12-25T17:37:49 IST" duration-ms="20211">
      <class name="cuesz.logintest.AdvocateLogin">
        <test-method is-config="true" signature="setUp()[pri:0, instance:cuesz.logintest.AdvocateLogin@5c7933ad]" started-at="2023-12-25T17:37:29 IST" name="setUp" finished-at="2023-12-25T17:37:43 IST" duration-ms="14452" status="PASS">
          <reporter-output>
          </reporter-output>
        </test-method> <!-- setUp -->
        <test-method signature="testAdvocateLogin()[pri:0, instance:cuesz.logintest.AdvocateLogin@5c7933ad]" started-at="2023-12-25T17:37:43 IST" name="testAdvocateLogin" finished-at="2023-12-25T17:37:49 IST" duration-ms="5515" status="PASS">
          <reporter-output>
          </reporter-output>
        </test-method> <!-- testAdvocateLogin -->
      </class> <!-- cuesz.logintest.AdvocateLogin -->
    </test> <!-- Default test -->
  </suite> <!-- Default suite -->
</testng-results>
