<?xml version="1.0" encoding="UTF-8"?>
<testng-results ignored="0" total="1" passed="1" failed="0" skipped="0">
  <reporter-output>
  </reporter-output>
  <suite started-at="2023-08-16T17:02:25 IST" name="Default suite" finished-at="2023-08-16T17:03:07 IST" duration-ms="42575">
    <groups>
    </groups>
    <test started-at="2023-08-16T17:02:25 IST" name="Default test" finished-at="2023-08-16T17:03:07 IST" duration-ms="42575">
      <class name="cuesz.schduletest.advocate.Case01_createventtest">
        <test-method is-config="true" signature="setUp()[pri:0, instance:cuesz.schduletest.advocate.Case01_createventtest@46cdf8bd]" started-at="2023-08-16T17:02:25 IST" name="setUp" finished-at="2023-08-16T17:02:29 IST" duration-ms="4269" status="PASS">
          <reporter-output>
          </reporter-output>
        </test-method> <!-- setUp -->
        <test-method signature="advocateScheduleEventTest()[pri:0, instance:cuesz.schduletest.advocate.Case01_createventtest@46cdf8bd]" started-at="2023-08-16T17:02:29 IST" name="advocateScheduleEventTest" finished-at="2023-08-16T17:03:07 IST" duration-ms="37915" status="PASS">
          <reporter-output>
          </reporter-output>
        </test-method> <!-- advocateScheduleEventTest -->
        <test-method is-config="true" signature="tearDown()[pri:0, instance:cuesz.schduletest.advocate.Case01_createventtest@46cdf8bd]" started-at="2023-08-16T17:03:07 IST" name="tearDown" finished-at="2023-08-16T17:03:07 IST" duration-ms="345" status="PASS">
          <reporter-output>
          </reporter-output>
        </test-method> <!-- tearDown -->
      </class> <!-- cuesz.schduletest.advocate.Case01_createventtest -->
    </test> <!-- Default test -->
  </suite> <!-- Default suite -->
</testng-results>
