<?xml version="1.0" encoding="UTF-8"?>
<testng-results ignored="0" total="1" passed="1" failed="0" skipped="0">
  <reporter-output>
  </reporter-output>
  <suite started-at="2023-09-08T16:33:00 IST" name="Default suite" finished-at="2023-09-08T16:33:52 IST" duration-ms="52109">
    <groups>
    </groups>
    <test started-at="2023-09-08T16:33:00 IST" name="Default test" finished-at="2023-09-08T16:33:52 IST" duration-ms="52109">
      <class name="cuesz.schduletest.advocate.Case06_SE_withouttime">
        <test-method is-config="true" signature="setUp()[pri:0, instance:cuesz.schduletest.advocate.Case06_SE_withouttime@8ad6665]" started-at="2023-09-08T16:33:00 IST" name="setUp" finished-at="2023-09-08T16:33:05 IST" duration-ms="4774" status="PASS">
          <reporter-output>
          </reporter-output>
        </test-method> <!-- setUp -->
        <test-method signature="advocateSchedulewithoutimeTest()[pri:0, instance:cuesz.schduletest.advocate.Case06_SE_withouttime@8ad6665]" started-at="2023-09-08T16:33:05 IST" name="advocateSchedulewithoutimeTest" finished-at="2023-09-08T16:33:52 IST" duration-ms="46951" status="PASS">
          <reporter-output>
          </reporter-output>
        </test-method> <!-- advocateSchedulewithoutimeTest -->
        <test-method is-config="true" signature="tearDown()[pri:0, instance:cuesz.schduletest.advocate.Case06_SE_withouttime@8ad6665]" started-at="2023-09-08T16:33:52 IST" name="tearDown" finished-at="2023-09-08T16:33:52 IST" duration-ms="265" status="PASS">
          <reporter-output>
          </reporter-output>
        </test-method> <!-- tearDown -->
      </class> <!-- cuesz.schduletest.advocate.Case06_SE_withouttime -->
    </test> <!-- Default test -->
  </suite> <!-- Default suite -->
</testng-results>
