<?xml version="1.0" encoding="UTF-8"?>
<testng-results ignored="0" total="1" passed="1" failed="0" skipped="0">
  <reporter-output>
  </reporter-output>
  <suite started-at="2023-12-13T07:29:25Z" name="Default suite" finished-at="2023-12-13T07:34:54Z" duration-ms="329139">
    <groups>
    </groups>
    <test started-at="2023-12-13T07:29:25Z" name="Default test" finished-at="2023-12-13T07:34:54Z" duration-ms="329139">
      <class name="cuesz03.Iosapp_member_home_Fuelscreen.Case47_Fuel_Addandevent_preperformance_additional">
        <test-method is-config="true" signature="Cueszbase()[pri:0, instance:cuesz03.Iosapp_member_home_Fuelscreen.Case47_Fuel_Addandevent_preperformance_additional@6fb365ed]" started-at="2023-12-13T12:59:25Z" name="Cueszbase" finished-at="2023-12-13T12:59:27Z" duration-ms="2657" status="PASS">
          <reporter-output>
          </reporter-output>
        </test-method> <!-- Cueszbase -->
        <test-method signature="Fuel_addaneventadditionalcasewithpreperformance()[pri:0, instance:cuesz03.Iosapp_member_home_Fuelscreen.Case47_Fuel_Addandevent_preperformance_additional@6fb365ed]" started-at="2023-12-13T12:59:27Z" name="Fuel_addaneventadditionalcasewithpreperformance" finished-at="2023-12-13T13:04:54Z" duration-ms="326341" status="PASS">
          <reporter-output>
          </reporter-output>
        </test-method> <!-- Fuel_addaneventadditionalcasewithpreperformance -->
        <test-method is-config="true" signature="tearDown()[pri:0, instance:cuesz03.Iosapp_member_home_Fuelscreen.Case47_Fuel_Addandevent_preperformance_additional@6fb365ed]" started-at="2023-12-13T13:04:54Z" name="tearDown" finished-at="2023-12-13T13:04:54Z" duration-ms="41" status="PASS">
          <reporter-output>
          </reporter-output>
        </test-method> <!-- tearDown -->
      </class> <!-- cuesz03.Iosapp_member_home_Fuelscreen.Case47_Fuel_Addandevent_preperformance_additional -->
    </test> <!-- Default test -->
  </suite> <!-- Default suite -->
</testng-results>
