<?xml version="1.0" encoding="UTF-8"?>
<testng-results ignored="0" total="1" passed="1" failed="0" skipped="0">
  <reporter-output>
  </reporter-output>
  <suite started-at="2023-12-06T10:14:06Z" name="Default suite" finished-at="2023-12-06T10:20:21Z" duration-ms="374506">
    <groups>
    </groups>
    <test started-at="2023-12-06T10:14:06Z" name="Default test" finished-at="2023-12-06T10:20:21Z" duration-ms="374506">
      <class name="cuesz03.Iosapp_member_home_Fuelscreen.Case26_Fuel_breakfast_customfood">
        <test-method is-config="true" signature="Cueszbase()[pri:0, instance:cuesz03.Iosapp_member_home_Fuelscreen.Case26_Fuel_breakfast_customfood@4f25b795]" started-at="2023-12-06T15:44:06Z" name="Cueszbase" finished-at="2023-12-06T15:44:12Z" duration-ms="6212" status="PASS">
          <reporter-output>
          </reporter-output>
        </test-method> <!-- Cueszbase -->
        <test-method signature="Homescreen()[pri:0, instance:cuesz03.Iosapp_member_home_Fuelscreen.Case26_Fuel_breakfast_customfood@4f25b795]" started-at="2023-12-06T15:44:12Z" name="Homescreen" finished-at="2023-12-06T15:50:20Z" duration-ms="367905" status="PASS">
          <reporter-output>
          </reporter-output>
        </test-method> <!-- Homescreen -->
        <test-method is-config="true" signature="tearDown()[pri:0, instance:cuesz03.Iosapp_member_home_Fuelscreen.Case26_Fuel_breakfast_customfood@4f25b795]" started-at="2023-12-06T15:50:21Z" name="tearDown" finished-at="2023-12-06T15:50:21Z" duration-ms="87" status="PASS">
          <reporter-output>
          </reporter-output>
        </test-method> <!-- tearDown -->
      </class> <!-- cuesz03.Iosapp_member_home_Fuelscreen.Case26_Fuel_breakfast_customfood -->
    </test> <!-- Default test -->
  </suite> <!-- Default suite -->
</testng-results>
