<?xml version="1.0" encoding="UTF-8"?>
<testng-results ignored="0" total="1" passed="1" failed="0" skipped="0">
  <reporter-output>
  </reporter-output>
  <suite started-at="2023-12-28T09:04:18Z" name="Default suite" finished-at="2023-12-28T09:05:09Z" duration-ms="51786">
    <groups>
    </groups>
    <test started-at="2023-12-28T09:04:18Z" name="Default test" finished-at="2023-12-28T09:05:09Z" duration-ms="51786">
      <class name="cuesz.membersummarytest.advocate.Case71_MS_bodyscancomparetest">
        <test-method is-config="true" signature="setUp()[pri:0, instance:cuesz.membersummarytest.advocate.Case71_MS_bodyscancomparetest@50d13246]" started-at="2023-12-28T14:34:18Z" name="setUp" finished-at="2023-12-28T14:34:21Z" duration-ms="3676" status="PASS">
          <reporter-output>
          </reporter-output>
        </test-method> <!-- setUp -->
        <test-method signature="advocatebodyscanresultTest()[pri:0, instance:cuesz.membersummarytest.advocate.Case71_MS_bodyscancomparetest@50d13246]" started-at="2023-12-28T14:34:21Z" name="advocatebodyscanresultTest" finished-at="2023-12-28T14:35:09Z" duration-ms="47451" status="PASS">
          <reporter-output>
          </reporter-output>
        </test-method> <!-- advocatebodyscanresultTest -->
        <test-method is-config="true" signature="tearDown()[pri:0, instance:cuesz.membersummarytest.advocate.Case71_MS_bodyscancomparetest@50d13246]" started-at="2023-12-28T14:35:09Z" name="tearDown" finished-at="2023-12-28T14:35:09Z" duration-ms="535" status="PASS">
          <reporter-output>
          </reporter-output>
        </test-method> <!-- tearDown -->
      </class> <!-- cuesz.membersummarytest.advocate.Case71_MS_bodyscancomparetest -->
    </test> <!-- Default test -->
  </suite> <!-- Default suite -->
</testng-results>
