<?xml version="1.0" encoding="UTF-8"?>
<testng-results ignored="0" total="1" passed="1" failed="0" skipped="0">
  <reporter-output>
  </reporter-output>
  <suite started-at="2023-11-21T13:19:48Z" name="Default suite" finished-at="2023-11-21T13:23:29Z" duration-ms="221445">
    <groups>
    </groups>
    <test started-at="2023-11-21T13:19:48Z" name="Default test" finished-at="2023-11-21T13:23:29Z" duration-ms="221445">
      <class name="cuesz03.Iosapp_member_home_Fuelscreen.Case33_Fuel_Lunch_recommendedfuel">
        <test-method is-config="true" signature="Cueszbase()[pri:0, instance:cuesz03.Iosapp_member_home_Fuelscreen.Case33_Fuel_Lunch_recommendedfuel@6fb365ed]" started-at="2023-11-21T18:49:48Z" name="Cueszbase" finished-at="2023-11-21T18:49:49Z" duration-ms="983" status="PASS">
          <reporter-output>
          </reporter-output>
        </test-method> <!-- Cueszbase -->
        <test-method signature="Homescreen()[pri:0, instance:cuesz03.Iosapp_member_home_Fuelscreen.Case33_Fuel_Lunch_recommendedfuel@6fb365ed]" started-at="2023-11-21T18:49:49Z" name="Homescreen" finished-at="2023-11-21T18:53:29Z" duration-ms="220379" status="PASS">
          <reporter-output>
          </reporter-output>
        </test-method> <!-- Homescreen -->
        <test-method is-config="true" signature="tearDown()[pri:0, instance:cuesz03.Iosapp_member_home_Fuelscreen.Case33_Fuel_Lunch_recommendedfuel@6fb365ed]" started-at="2023-11-21T18:53:29Z" name="tearDown" finished-at="2023-11-21T18:53:29Z" duration-ms="13" status="PASS">
          <reporter-output>
          </reporter-output>
        </test-method> <!-- tearDown -->
      </class> <!-- cuesz03.Iosapp_member_home_Fuelscreen.Case33_Fuel_Lunch_recommendedfuel -->
    </test> <!-- Default test -->
  </suite> <!-- Default suite -->
</testng-results>
