<?xml version="1.0" encoding="UTF-8"?>
<testng-results ignored="0" total="1" passed="1" failed="0" skipped="0">
  <reporter-output>
  </reporter-output>
  <suite started-at="2023-09-28T09:21:19Z" name="Default suite" finished-at="2023-09-28T09:22:02Z" duration-ms="42844">
    <groups>
    </groups>
    <test started-at="2023-09-28T09:21:19Z" name="Default test" finished-at="2023-09-28T09:22:02Z" duration-ms="42844">
      <class name="cuesz.dashboard.advocate.Step13_DB_notificationtest">
        <test-method is-config="true" signature="setUp()[pri:0, instance:cuesz.dashboard.advocate.Step13_DB_notificationtest@3f9342d4]" started-at="2023-09-28T14:51:19Z" name="setUp" finished-at="2023-09-28T14:51:28Z" duration-ms="8499" status="PASS">
          <reporter-output>
          </reporter-output>
        </test-method> <!-- setUp -->
        <test-method signature="advocateScheduleEventTest()[pri:0, instance:cuesz.dashboard.advocate.Step13_DB_notificationtest@3f9342d4]" started-at="2023-09-28T14:51:28Z" name="advocateScheduleEventTest" finished-at="2023-09-28T14:52:02Z" duration-ms="34117" status="PASS">
          <reporter-output>
          </reporter-output>
        </test-method> <!-- advocateScheduleEventTest -->
        <test-method is-config="true" signature="tearDown()[pri:0, instance:cuesz.dashboard.advocate.Step13_DB_notificationtest@3f9342d4]" started-at="2023-09-28T14:52:02Z" name="tearDown" finished-at="2023-09-28T14:52:02Z" duration-ms="154" status="PASS">
          <reporter-output>
          </reporter-output>
        </test-method> <!-- tearDown -->
      </class> <!-- cuesz.dashboard.advocate.Step13_DB_notificationtest -->
    </test> <!-- Default test -->
  </suite> <!-- Default suite -->
</testng-results>
