<?xml version="1.0" encoding="UTF-8"?>
<testng-results ignored="0" total="1" passed="1" failed="0" skipped="0">
  <reporter-output>
  </reporter-output>
  <suite started-at="2023-09-27T16:58:34Z" name="Default suite" finished-at="2023-09-27T16:59:03Z" duration-ms="29376">
    <groups>
    </groups>
    <test started-at="2023-09-27T16:58:34Z" name="Default test" finished-at="2023-09-27T16:59:03Z" duration-ms="29376">
      <class name="cuesz.schduletest.advocate.Case12_06_SE_delete_staffevent">
        <test-method is-config="true" signature="setUp()[pri:0, instance:cuesz.schduletest.advocate.Case12_06_SE_delete_staffevent@64a40280]" started-at="2023-09-27T22:28:34Z" name="setUp" finished-at="2023-09-27T22:28:36Z" duration-ms="2118" status="PASS">
          <reporter-output>
          </reporter-output>
        </test-method> <!-- setUp -->
        <test-method signature="advocatedeletestaffEventTest()[pri:0, instance:cuesz.schduletest.advocate.Case12_06_SE_delete_staffevent@64a40280]" started-at="2023-09-27T22:28:36Z" name="advocatedeletestaffEventTest" finished-at="2023-09-27T22:29:03Z" duration-ms="27029" status="PASS">
          <reporter-output>
          </reporter-output>
        </test-method> <!-- advocatedeletestaffEventTest -->
        <test-method is-config="true" signature="tearDown()[pri:0, instance:cuesz.schduletest.advocate.Case12_06_SE_delete_staffevent@64a40280]" started-at="2023-09-27T22:29:03Z" name="tearDown" finished-at="2023-09-27T22:29:03Z" duration-ms="165" status="PASS">
          <reporter-output>
          </reporter-output>
        </test-method> <!-- tearDown -->
      </class> <!-- cuesz.schduletest.advocate.Case12_06_SE_delete_staffevent -->
    </test> <!-- Default test -->
  </suite> <!-- Default suite -->
</testng-results>
