<?xml version="1.0" encoding="UTF-8"?>
<testng-results ignored="0" total="3" passed="2" failed="1" skipped="0">
  <reporter-output>
  </reporter-output>
  <suite started-at="2023-09-25T18:10:56Z" name="Suite" finished-at="2023-09-25T18:14:02Z" duration-ms="185983">
    <groups>
    </groups>
    <test started-at="2023-09-25T18:10:56Z" name="Test" finished-at="2023-09-25T18:14:02Z" duration-ms="185983">
      <class name="cuesz.membersummary.fuelreport.advocate.Case67_Fueldashboard1test">
        <test-method is-config="true" signature="setUp()[pri:0, instance:cuesz.membersummary.fuelreport.advocate.Case67_Fueldashboard1test@42b02722]" started-at="2023-09-25T23:40:56Z" name="setUp" finished-at="2023-09-25T23:40:59Z" duration-ms="2518" status="PASS">
          <reporter-output>
          </reporter-output>
        </test-method> <!-- setUp -->
        <test-method signature="advocateMemberhoverTest()[pri:0, instance:cuesz.membersummary.fuelreport.advocate.Case67_Fueldashboard1test@42b02722]" started-at="2023-09-25T23:40:59Z" name="advocateMemberhoverTest" finished-at="2023-09-25T23:42:04Z" duration-ms="65182" status="FAIL">
          <exception class="org.openqa.selenium.ElementClickInterceptedException">
            <message>
              <![CDATA[element click intercepted: Element is not clickable at point (1082, -222)
  (Session info: chrome=117.0.5938.92)
Build info: version: '4.12.1', revision: '8e34639b11'
System info: os.name: 'Mac OS X', os.arch: 'x86_64', os.version: '13.6', java.version: '21'
Driver info: org.openqa.selenium.chrome.ChromeDriver
Command: [8e54e375efc4df04591ef5701e16b231, clickElement {id=290A3511C7FD48E7A99120268CD8731D_element_474}]
Capabilities {acceptInsecureCerts: false, browserName: chrome, browserVersion: 117.0.5938.92, chrome: {chromedriverVersion: 117.0.5938.92 (67649b10b92b..., userDataDir: /var/folders/10/ksb8skmx6tj...}, fedcm:accounts: true, goog:chromeOptions: {debuggerAddress: localhost:65342}, networkConnectionEnabled: false, pageLoadStrategy: normal, platformName: mac, proxy: Proxy(), se:cdp: ws://localhost:65342/devtoo..., se:cdpVersion: 117.0.5938.92, setWindowRect: true, strictFileInteractability: false, timeouts: {implicit: 0, pageLoad: 300000, script: 30000}, unhandledPromptBehavior: dismiss and notify, webauthn:extension:credBlob: true, webauthn:extension:largeBlob: true, webauthn:extension:minPinLength: true, webauthn:extension:prf: true, webauthn:virtualAuthenticators: true}
Element: [[ChromeDriver: chrome on mac (8e54e375efc4df04591ef5701e16b231)] -> id: FuelReport-Brain-GuidelinesSave]
Session ID: 8e54e375efc4df04591ef5701e16b231]]>
            </message>
            <full-stacktrace>
              <![CDATA[org.openqa.selenium.ElementClickInterceptedException: element click intercepted: Element is not clickable at point (1082, -222)
  (Session info: chrome=117.0.5938.92)
Build info: version: '4.12.1', revision: '8e34639b11'
System info: os.name: 'Mac OS X', os.arch: 'x86_64', os.version: '13.6', java.version: '21'
Driver info: org.openqa.selenium.chrome.ChromeDriver
Command: [8e54e375efc4df04591ef5701e16b231, clickElement {id=290A3511C7FD48E7A99120268CD8731D_element_474}]
Capabilities {acceptInsecureCerts: false, browserName: chrome, browserVersion: 117.0.5938.92, chrome: {chromedriverVersion: 117.0.5938.92 (67649b10b92b..., userDataDir: /var/folders/10/ksb8skmx6tj...}, fedcm:accounts: true, goog:chromeOptions: {debuggerAddress: localhost:65342}, networkConnectionEnabled: false, pageLoadStrategy: normal, platformName: mac, proxy: Proxy(), se:cdp: ws://localhost:65342/devtoo..., se:cdpVersion: 117.0.5938.92, setWindowRect: true, strictFileInteractability: false, timeouts: {implicit: 0, pageLoad: 300000, script: 30000}, unhandledPromptBehavior: dismiss and notify, webauthn:extension:credBlob: true, webauthn:extension:largeBlob: true, webauthn:extension:minPinLength: true, webauthn:extension:prf: true, webauthn:virtualAuthenticators: true}
Element: [[ChromeDriver: chrome on mac (8e54e375efc4df04591ef5701e16b231)] -> id: FuelReport-Brain-GuidelinesSave]
Session ID: 8e54e375efc4df04591ef5701e16b231
	at java.base/jdk.internal.reflect.DirectConstructorHandleAccessor.newInstance(DirectConstructorHandleAccessor.java:62)
	at java.base/java.lang.reflect.Constructor.newInstanceWithCaller(Constructor.java:502)
	at java.base/java.lang.reflect.Constructor.newInstance(Constructor.java:486)
	at org.openqa.selenium.remote.codec.w3c.W3CHttpResponseCodec.createException(W3CHttpResponseCodec.java:200)
	at org.openqa.selenium.remote.codec.w3c.W3CHttpResponseCodec.decode(W3CHttpResponseCodec.java:133)
	at org.openqa.selenium.remote.codec.w3c.W3CHttpResponseCodec.decode(W3CHttpResponseCodec.java:52)
	at org.openqa.selenium.remote.HttpCommandExecutor.execute(HttpCommandExecutor.java:191)
	at org.openqa.selenium.remote.service.DriverCommandExecutor.invokeExecute(DriverCommandExecutor.java:196)
	at org.openqa.selenium.remote.service.DriverCommandExecutor.execute(DriverCommandExecutor.java:171)
	at org.openqa.selenium.remote.RemoteWebDriver.execute(RemoteWebDriver.java:602)
	at org.openqa.selenium.remote.RemoteWebElement.execute(RemoteWebElement.java:224)
	at org.openqa.selenium.remote.RemoteWebElement.click(RemoteWebElement.java:77)
	at cuesz.membersummary.fuelreport.Case67_Fueldashboard1.fuelreport(Case67_Fueldashboard1.java:200)
	at cuesz.membersummary.fuelreport.advocate.Case67_Fueldashboard1test.advocateMemberhoverTest(Case67_Fueldashboard1test.java:53)
	at java.base/jdk.internal.reflect.DirectMethodHandleAccessor.invoke(DirectMethodHandleAccessor.java:103)
	at java.base/java.lang.reflect.Method.invoke(Method.java:580)
	at org.testng.internal.MethodInvocationHelper.invokeMethod(MethodInvocationHelper.java:108)
	at org.testng.internal.Invoker.invokeMethod(Invoker.java:661)
	at org.testng.internal.Invoker.invokeTestMethod(Invoker.java:869)
	at org.testng.internal.Invoker.invokeTestMethods(Invoker.java:1193)
	at org.testng.internal.TestMethodWorker.invokeTestMethods(TestMethodWorker.java:126)
	at org.testng.internal.TestMethodWorker.run(TestMethodWorker.java:109)
	at org.testng.TestRunner.privateRun(TestRunner.java:744)
	at org.testng.TestRunner.run(TestRunner.java:602)
	at org.testng.SuiteRunner.runTest(SuiteRunner.java:380)
	at org.testng.SuiteRunner.runSequentially(SuiteRunner.java:375)
	at org.testng.SuiteRunner.privateRun(SuiteRunner.java:340)
	at org.testng.SuiteRunner.run(SuiteRunner.java:289)
	at org.testng.SuiteRunnerWorker.runSuite(SuiteRunnerWorker.java:52)
	at org.testng.SuiteRunnerWorker.run(SuiteRunnerWorker.java:86)
	at org.testng.TestNG.runSuitesSequentially(TestNG.java:1301)
	at org.testng.TestNG.runSuitesLocally(TestNG.java:1226)
	at org.testng.TestNG.runSuites(TestNG.java:1144)
	at org.testng.TestNG.run(TestNG.java:1115)
	at org.testng.remote.AbstractRemoteTestNG.run(AbstractRemoteTestNG.java:115)
	at org.testng.remote.RemoteTestNG.initAndRun(RemoteTestNG.java:251)
	at org.testng.remote.RemoteTestNG.main(RemoteTestNG.java:77)
]]>
            </full-stacktrace>
          </exception> <!-- org.openqa.selenium.ElementClickInterceptedException -->
          <reporter-output>
          </reporter-output>
        </test-method> <!-- advocateMemberhoverTest -->
        <test-method is-config="true" signature="tearDown()[pri:0, instance:cuesz.membersummary.fuelreport.advocate.Case67_Fueldashboard1test@42b02722]" started-at="2023-09-25T23:42:04Z" name="tearDown" finished-at="2023-09-25T23:42:04Z" duration-ms="160" status="PASS">
          <reporter-output>
          </reporter-output>
        </test-method> <!-- tearDown -->
      </class> <!-- cuesz.membersummary.fuelreport.advocate.Case67_Fueldashboard1test -->
      <class name="cuesz.membersummary.fuelreport.advocate.Case68_Fueldashboardconditionnputtest">
        <test-method is-config="true" signature="setUp()[pri:0, instance:cuesz.membersummary.fuelreport.advocate.Case68_Fueldashboardconditionnputtest@d62fe5b]" started-at="2023-09-25T23:42:04Z" name="setUp" finished-at="2023-09-25T23:42:06Z" duration-ms="1567" status="PASS">
          <reporter-output>
          </reporter-output>
        </test-method> <!-- setUp -->
        <test-method signature="advocateMemberhoverTest()[pri:0, instance:cuesz.membersummary.fuelreport.advocate.Case68_Fueldashboardconditionnputtest@d62fe5b]" started-at="2023-09-25T23:42:06Z" name="advocateMemberhoverTest" finished-at="2023-09-25T23:43:26Z" duration-ms="80042" status="PASS">
          <reporter-output>
          </reporter-output>
        </test-method> <!-- advocateMemberhoverTest -->
        <test-method is-config="true" signature="tearDown()[pri:0, instance:cuesz.membersummary.fuelreport.advocate.Case68_Fueldashboardconditionnputtest@d62fe5b]" started-at="2023-09-25T23:43:26Z" name="tearDown" finished-at="2023-09-25T23:43:26Z" duration-ms="209" status="PASS">
          <reporter-output>
          </reporter-output>
        </test-method> <!-- tearDown -->
      </class> <!-- cuesz.membersummary.fuelreport.advocate.Case68_Fueldashboardconditionnputtest -->
      <class name="cuesz.membersummary.fuelreport.advocate.Case70_Fueldashboardcalculatorstest">
        <test-method is-config="true" signature="setUp()[pri:0, instance:cuesz.membersummary.fuelreport.advocate.Case70_Fueldashboardcalculatorstest@49964d75]" started-at="2023-09-25T23:43:26Z" name="setUp" finished-at="2023-09-25T23:43:28Z" duration-ms="1515" status="PASS">
          <reporter-output>
          </reporter-output>
        </test-method> <!-- setUp -->
        <test-method signature="advocateMemberhoverTest()[pri:0, instance:cuesz.membersummary.fuelreport.advocate.Case70_Fueldashboardcalculatorstest@49964d75]" started-at="2023-09-25T23:43:28Z" name="advocateMemberhoverTest" finished-at="2023-09-25T23:44:02Z" duration-ms="34534" status="PASS">
          <reporter-output>
          </reporter-output>
        </test-method> <!-- advocateMemberhoverTest -->
        <test-method is-config="true" signature="tearDown()[pri:0, instance:cuesz.membersummary.fuelreport.advocate.Case70_Fueldashboardcalculatorstest@49964d75]" started-at="2023-09-25T23:44:02Z" name="tearDown" finished-at="2023-09-25T23:44:02Z" duration-ms="159" status="PASS">
          <reporter-output>
          </reporter-output>
        </test-method> <!-- tearDown -->
      </class> <!-- cuesz.membersummary.fuelreport.advocate.Case70_Fueldashboardcalculatorstest -->
    </test> <!-- Test -->
  </suite> <!-- Suite -->
</testng-results>
