<?xml version="1.0" encoding="UTF-8"?>
<!-- Generated by org.testng.reporters.JUnitXMLReporter -->
<testsuite ignored="0" hostname="Taraniya" failures="0" tests="2" name="Schdule Event" time="79.489" errors="0" timestamp="2023-08-21T01:31:41 IST">
  <testcase classname="cuesz.schduletest.advocate.Case01_createventtest" name="advocateScheduleEventTest" time="47.305"/>
  <testcase classname="cuesz.schduletest.advocate.Case02_vieweventtest" name="advocateScheduleEventTest" time="22.972"/>
</testsuite> <!-- Schdule Event -->
